(1702832348.736939) can0 0C2#61E880000A002C
(1702832348.746982) can0 0C2#61E880000B002B
(1702832348.756983) can0 0C2#61E880000C002A
(1702832348.766942) can0 0C2#61E880000D0029
(1702832348.776922) can0 0C2#61E880000E0028
(1702832348.786990) can0 0C2#61E880000F0027
(1702832348.797024) can0 0C2#61E88000000036
(1702832348.806949) can0 0C2#61E88000010035
(1702832348.816890) can0 0C2#61E88000020034
(1702832348.826897) can0 0C2#61E88000030033
(1702832348.836897) can0 0C2#61E88000040032
(1702832348.846894) can0 0C2#61E88000050031
(1702832348.856891) can0 0C2#61E88000060030
(1702832348.866903) can0 0C2#61E8800007002F
(1702832348.876954) can0 0C2#61E8800008002E
(1702832348.886930) can0 0C2#61E8800009002D
(1702832348.896927) can0 0C2#61E880000A002C
(1702832348.906927) can0 0C2#61E880000B002B
(1702832348.916928) can0 0C2#61E880000C002A
(1702832348.926986) can0 0C2#61E880000D0029
(1702832348.937034) can0 0C2#61E880000E0028
(1702832348.946945) can0 0C2#61E880000F0027
(1702832348.956946) can0 0C2#61E88000000036
(1702832348.966902) can0 0C2#61E88000010035
(1702832348.976921) can0 0C2#61E88000020034
(1702832348.986919) can0 0C2#61E88000030033
(1702832348.996940) can0 0C2#61E88000040032
(1702832349.006937) can0 0C2#61E88000050031
(1702832349.016904) can0 0C2#61E88000060030
(1702832349.026904) can0 0C2#61E8800007002F
(1702832349.036952) can0 0C2#61E8800008002E
(1702832349.046957) can0 0C2#61E8800009002D
(1702832349.057025) can0 0C2#61E880000A002C
(1702832349.066989) can0 0C2#61E880000B002B
(1702832349.076949) can0 0C2#61E880000C002A
(1702832349.086988) can0 0C2#61E880000D0029
(1702832349.096927) can0 0C2#61E880000E0028
(1702832349.106956) can0 0C2#61E880000F0027
(1702832349.116996) can0 0C2#61E88000000036
(1702832349.126953) can0 0C2#61E88000010035
(1702832349.136995) can0 0C2#61E88000020034
(1702832349.146993) can0 0C2#61E88000030033
(1702832349.156996) can0 0C2#61E88000040032
(1702832349.166997) can0 0C2#61E88000050031
(1702832349.176997) can0 0C2#61E88000060030
(1702832349.187124) can0 0C2#61E8800007002F
(1702832349.196944) can0 0C2#61E8800008002E
(1702832349.206992) can0 0C2#61E8800009002D
(1702832349.217035) can0 0C2#61E880000A002C
(1702832349.226992) can0 0C2#61E880000B002B
(1702832349.237031) can0 0C2#61E880000C002A
(1702832349.246958) can0 0C2#61E880000D0029
(1702832349.257165) can0 0C2#61E880000E0028
(1702832349.267123) can0 0C2#61E880000F0027
(1702832349.277120) can0 0C2#61E88000000036
(1702832349.287116) can0 0C2#61E88000010035
(1702832349.297124) can0 0C2#61E88000020034
(1702832349.306993) can0 0C2#61E88000030033
(1702832349.317027) can0 0C2#61E88000040032
(1702832349.327026) can0 0C2#61E88000050031
(1702832349.337035) can0 0C2#61E88000060030
(1702832349.347117) can0 0C2#61E8800007002F
(1702832349.357058) can0 0C2#61E8800008002E
(1702832349.367081) can0 0C2#61E8800009002D
(1702832349.377161) can0 0C2#61E880000A002C
(1702832349.387126) can0 0C2#61E880000B002B
(1702832349.397126) can0 0C2#61E880000C002A
(1702832349.407125) can0 0C2#61E880000D0029
(1702832349.417125) can0 0C2#61E880000E0028
(1702832349.427117) can0 0C2#61E880000F0027
(1702832349.437025) can0 0C2#61E88000000036
(1702832349.447111) can0 0C2#61E88000010035
(1702832349.457114) can0 0C2#61E88000020034
(1702832349.467120) can0 0C2#61E88000030033
(1702832349.477130) can0 0C2#61E88000040032
(1702832349.487124) can0 0C2#61E88000050031
(1702832349.497165) can0 0C2#61E88000060030
(1702832349.507129) can0 0C2#61E8800007002F
(1702832349.517128) can0 0C2#61E8800008002E
(1702832349.527086) can0 0C2#61E8800009002D
(1702832349.537131) can0 0C2#61E880000A002C
(1702832349.547128) can0 0C2#61E880000B002B
(1702832349.557108) can0 0C2#61E880000C002A
(1702832349.567120) can0 0C2#61E880000D0029
(1702832349.577079) can0 0C2#61E880000E0028
(1702832349.587127) can0 0C2#61E880000F0027
(1702832349.597167) can0 0C2#61E88000000036
(1702832349.607093) can0 0C2#61E88000010035
(1702832349.617127) can0 0C2#61E88000020034
(1702832349.627083) can0 0C2#61E88000030033
(1702832349.637127) can0 0C2#61E88000040032
(1702832349.647126) can0 0C2#61E88000050031
(1702832349.657165) can0 0C2#61E88000060030
(1702832349.667130) can0 0C2#61E8800007002F
(1702832349.677127) can0 0C2#61E8800008002E
(1702832349.687087) can0 0C2#61E8800009002D
(1702832349.697128) can0 0C2#61E880000A002C
(1702832349.707129) can0 0C2#61E880000B002B
(1702832349.717128) can0 0C2#61E880000C002A
(1702832349.727085) can0 0C2#61E880000D0029
(1702832349.737127) can0 0C2#61E880000E0028
(1702832349.747075) can0 0C2#61E880000F0027
(1702832349.757034) can0 0C2#61E88000000036
(1702832349.767084) can0 0C2#61E88000010035
(1702832349.777085) can0 0C2#61E88000020034
(1702832349.787124) can0 0C2#61E88000030033
(1702832349.797122) can0 0C2#61E88000040032
(1702832349.807124) can0 0C2#61E88000050031
(1702832349.817126) can0 0C2#61E88000060030
(1702832349.827086) can0 0C2#61E8800007002F
(1702832349.837131) can0 0C2#61E8800008002E
(1702832349.847078) can0 0C2#61E8800009002D
(1702832349.857134) can0 0C2#61E880000A002C
(1702832349.867133) can0 0C2#61E880000B002B
(1702832349.877088) can0 0C2#61E880000C002A
(1702832349.887131) can0 0C2#61E880000D0029
(1702832349.897128) can0 0C2#61E880000E0028
(1702832349.907169) can0 0C2#61E880000F0027
(1702832349.917132) can0 0C2#61E88000000036
(1702832349.927085) can0 0C2#61E88000010035
(1702832349.937086) can0 0C2#61E88000020034
(1702832349.947082) can0 0C2#61E88000030033
(1702832349.957071) can0 0C2#61E88000040032
(1702832349.967096) can0 0C2#61E88000050031
(1702832349.977042) can0 0C2#61E88000060030
(1702832349.987035) can0 0C2#61E8800007002F
(1702832349.997129) can0 0C2#61E8800008002E
(1702832350.007093) can0 0C2#61E8800009002D
(1702832350.017132) can0 0C2#61E880000A002C
(1702832350.027127) can0 0C2#61E880000B002B
(1702832350.037110) can0 0C2#61E880000C002A
(1702832350.047174) can0 0C2#61E880000D0029
(1702832350.057126) can0 0C2#61E880000E0028
(1702832350.067127) can0 0C2#61E880000F0027
(1702832350.077093) can0 0C2#61E88000000036
(1702832350.087040) can0 0C2#61E88000010035
(1702832350.097134) can0 0C2#61E88000020034
(1702832350.107173) can0 0C2#61E88000030033
(1702832350.117040) can0 0C2#61E88000040032
(1702832350.127168) can0 0C2#61E88000050031
(1702832350.137117) can0 0C2#61E88000060030
(1702832350.147131) can0 0C2#61E8800007002F
(1702832350.157127) can0 0C2#61E8800008002E
(1702832350.167087) can0 0C2#61E8800009002D
(1702832350.177095) can0 0C2#61E880000A002C
(1702832350.187135) can0 0C2#61E880000B002B
(1702832350.197091) can0 0C2#61E880000C002A
(1702832350.207134) can0 0C2#61E880000D0029
(1702832350.217139) can0 0C2#61E880000E0028
(1702832350.227087) can0 0C2#61E880000F0027
(1702832350.237139) can0 0C2#61E88000000036
(1702832350.247050) can0 0C2#61E88000010035
(1702832350.257090) can0 0C2#61E88000020034
(1702832350.267131) can0 0C2#61E88000030033
(1702832350.277093) can0 0C2#61E88000040032
(1702832350.287174) can0 0C2#61E88000050031
(1702832350.297138) can0 0C2#61E88000060030
(1702832350.307131) can0 0C2#61E8800007002F
(1702832350.317170) can0 0C2#61E8800008002E
(1702832350.327097) can0 0C2#61E8800009002D
(1702832350.337138) can0 0C2#61E880000A002C
(1702832350.347135) can0 0C2#61E880000B002B
(1702832350.357094) can0 0C2#61E880000C002A
(1702832350.367138) can0 0C2#61E880000D0029
(1702832350.377131) can0 0C2#61E880000E0028
(1702832350.387137) can0 0C2#61E880000F0027
(1702832350.397175) can0 0C2#61E88000000036
(1702832350.407100) can0 0C2#61E88000010035
(1702832350.417140) can0 0C2#61E88000020034
(1702832350.427136) can0 0C2#61E88000030033
(1702832350.437181) can0 0C2#61E88000040032
(1702832350.447180) can0 0C2#61E88000050031
(1702832350.457136) can0 0C2#61E88000060030
(1702832350.467141) can0 0C2#61E8800007002F
(1702832350.477142) can0 0C2#61E8800008002E
(1702832350.487101) can0 0C2#61E8800009002D
(1702832350.497141) can0 0C2#61E880000A002C
(1702832350.507137) can0 0C2#61E880000B002B
(1702832350.517135) can0 0C2#61E880000C002A
(1702832350.527135) can0 0C2#61E880000D0029
(1702832350.537083) can0 0C2#61E880000E0028
(1702832350.547145) can0 0C2#61E880000F0027
(1702832350.557078) can0 0C2#61E88000000036
(1702832350.567107) can0 0C2#61E88000010035
(1702832350.577097) can0 0C2#61E88000020034
(1702832350.587135) can0 0C2#61E88000030033
(1702832350.597180) can0 0C2#61E88000040032
(1702832350.607097) can0 0C2#61E88000050031
(1702832350.617098) can0 0C2#61E88000060030
(1702832350.627134) can0 0C2#61E8800007002F
(1702832350.637143) can0 0C2#61E8800008002E
(1702832350.647094) can0 0C2#61E8800009002D
(1702832350.657098) can0 0C2#61E880000A002C
(1702832350.667137) can0 0C2#61E880000B002B
(1702832350.677052) can0 0C2#61E880000C002A
(1702832350.687142) can0 0C2#61E880000D0029
(1702832350.697142) can0 0C2#61E880000E0028
(1702832350.707138) can0 0C2#61E880000F0027
(1702832350.717144) can0 0C2#61E88000000036
(1702832350.727061) can0 0C2#61E88000010035
(1702832350.737175) can0 0C2#61E88000020034
(1702832350.747145) can0 0C2#61E88000030033
(1702832350.757099) can0 0C2#61E88000040032
(1702832350.767176) can0 0C2#61E88000050031
(1702832350.777148) can0 0C2#61E88000060030
(1702832350.787104) can0 0C2#61E8800007002F
(1702832350.797145) can0 0C2#61E8800008002E
(1702832350.807107) can0 0C2#61E8800009002D
(1702832350.817137) can0 0C2#61E880000A002C
(1702832350.827138) can0 0C2#61E880000B002B
(1702832350.837141) can0 0C2#61E880000C002A
(1702832350.847145) can0 0C2#61E880000D0029
(1702832350.857145) can0 0C2#61E880000E0028
(1702832350.867143) can0 0C2#61E880000F0027
(1702832350.877148) can0 0C2#61E88000000036
(1702832350.887100) can0 0C2#61E88000010035
(1702832350.897146) can0 0C2#61E88000020034
(1702832350.907100) can0 0C2#61E88000030033
(1702832350.917181) can0 0C2#61E88000040032
(1702832350.927137) can0 0C2#61E88000050031
(1702832350.937146) can0 0C2#61E88000060030
(1702832350.947146) can0 0C2#61E8800007002F
(1702832350.957145) can0 0C2#61E8800008002E
(1702832350.967103) can0 0C2#61E8800009002D
(1702832350.977093) can0 0C2#61E880000A002C
(1702832350.987181) can0 0C2#61E880000B002B
(1702832350.997140) can0 0C2#61E880000C002A
(1702832351.007140) can0 0C2#61E880000D0029
(1702832351.017147) can0 0C2#61E880000E0028
(1702832351.027148) can0 0C2#61E880000F0027
(1702832351.037188) can0 0C2#61E88000000036
(1702832351.047179) can0 0C2#61E88000010035
(1702832351.057106) can0 0C2#61E88000020034
(1702832351.067102) can0 0C2#61E88000030033
(1702832351.077140) can0 0C2#61E88000040032
(1702832351.087145) can0 0C2#61E88000050031
(1702832351.097148) can0 0C2#61E88000060030
(1702832351.107142) can0 0C2#61E8800007002F
(1702832351.117149) can0 0C2#61E8800008002E
(1702832351.127109) can0 0C2#61E8800009002D
(1702832351.137071) can0 0C2#61E880000A002C
(1702832351.147149) can0 0C2#61E880000B002B
(1702832351.157088) can0 0C2#61E880000C002A
(1702832351.167086) can0 0C2#61E880000D0029
(1702832351.177180) can0 0C2#61E880000E0028
(1702832351.187050) can0 0C2#61E880000F0027
(1702832351.197044) can0 0C2#61E88000000036
(1702832351.207048) can0 0C2#61E88000010035
(1702832351.217078) can0 0C2#61E88000020034
(1702832351.227081) can0 0C2#61E88000030033
(1702832351.237080) can0 0C2#61E88000040032
(1702832351.247083) can0 0C2#61E88000050031
(1702832351.257079) can0 0C2#61E88000060030
(1702832351.267079) can0 0C2#61E8800007002F
(1702832351.277082) can0 0C2#61E8800008002E
(1702832351.287080) can0 0C2#61E8800009002D
(1702832351.297083) can0 0C2#61E880000A002C
(1702832351.307079) can0 0C2#61E880000B002B
(1702832351.317145) can0 0C2#61E880000C002A
(1702832351.327153) can0 0C2#61E880000D0029
(1702832351.337152) can0 0C2#61E880000E0028
(1702832351.347154) can0 0C2#61E880000F0027
(1702832351.357152) can0 0C2#61E88000000036
(1702832351.367153) can0 0C2#61E88000010035
(1702832351.377156) can0 0C2#61E88000020034
(1702832351.387105) can0 0C2#61E88000030033
(1702832351.397112) can0 0C2#61E88000040032
(1702832351.407150) can0 0C2#61E88000050031
(1702832351.417154) can0 0C2#61E88000060030
(1702832351.427154) can0 0C2#61E8800007002F
(1702832351.437189) can0 0C2#61E8800008002E
(1702832351.447148) can0 0C2#61E8800009002D
(1702832351.457154) can0 0C2#61E880000A002C
(1702832351.467155) can0 0C2#61E880000B002B
(1702832351.477154) can0 0C2#61E880000C002A
(1702832351.487186) can0 0C2#61E880000D0029
(1702832351.497153) can0 0C2#61E880000E0028
(1702832351.507149) can0 0C2#61E880000F0027
(1702832351.517187) can0 0C2#61E88000000036
(1702832351.527106) can0 0C2#61E88000010035
(1702832351.537157) can0 0C2#61E88000020034
(1702832351.547155) can0 0C2#61E88000030033
(1702832351.557135) can0 0C2#61E88000040032
(1702832351.567191) can0 0C2#61E88000050031
(1702832351.577099) can0 0C2#61E88000060030
(1702832351.587148) can0 0C2#61E8800007002F
(1702832351.597104) can0 0C2#61E8800008002E
(1702832351.607105) can0 0C2#61E8800009002D
(1702832351.617158) can0 0C2#61E880000A002C
(1702832351.627147) can0 0C2#61E880000B002B
(1702832351.637157) can0 0C2#61E880000C002A
(1702832351.647154) can0 0C2#61E880000D0029
(1702832351.657158) can0 0C2#61E880000E0028
(1702832351.667163) can0 0C2#61E880000F0027
(1702832351.677159) can0 0C2#61E88000000036
(1702832351.687156) can0 0C2#61E88000010035
(1702832351.697159) can0 0C2#61E88000020034
(1702832351.707152) can0 0C2#61E88000030033
(1702832351.717159) can0 0C2#61E88000040032
(1702832351.727158) can0 0C2#61E88000050031
(1702832351.737116) can0 0C2#61E88000060030
(1702832351.747151) can0 0C2#61E8800007002F
(1702832351.757162) can0 0C2#61E8800008002E
(1702832351.767115) can0 0C2#61E8800009002D
(1702832351.777198) can0 0C2#61E880000A002C
(1702832351.787153) can0 0C2#61E880000B002B
(1702832351.797156) can0 0C2#61E880000C002A
(1702832351.807152) can0 0C2#61E880000D0029
(1702832351.817193) can0 0C2#61E880000E0028
(1702832351.827090) can0 0C2#61E880000F0027
(1702832351.837095) can0 0C2#61E88000000036
(1702832351.847092) can0 0C2#61E88000010035
(1702832351.857092) can0 0C2#61E88000020034
(1702832351.867088) can0 0C2#61E88000030033
(1702832351.877077) can0 0C2#61E88000040032
(1702832351.887068) can0 0C2#61E88000050031
(1702832351.897053) can0 0C2#61E88000060030
(1702832351.907052) can0 0C2#61E8800007002F
(1702832351.917053) can0 0C2#61E8800008002E
(1702832351.927102) can0 0C2#61E8800009002D
(1702832351.937070) can0 0C2#61E880000A002C
(1702832351.947109) can0 0C2#61E880000B002B
(1702832351.957063) can0 0C2#61E880000C002A
(1702832351.967064) can0 0C2#61E880000D0029
(1702832351.977065) can0 0C2#61E880000E0028
(1702832351.987045) can0 0C2#61E880000F0027
(1702832351.997065) can0 0C2#61E88000000036
(1702832352.007049) can0 0C2#61E88000010035
(1702832352.017048) can0 0C2#61E88000020034
(1702832352.027054) can0 0C2#61E88000030033
(1702832352.037049) can0 0C2#61E88000040032
(1702832352.047051) can0 0C2#61E88000050031
(1702832352.057064) can0 0C2#61E88000060030
(1702832352.067061) can0 0C2#61E8800007002F
(1702832352.077063) can0 0C2#61E8800008002E
(1702832352.087064) can0 0C2#61E8800009002D
(1702832352.097061) can0 0C2#61E880000A002C
(1702832352.107062) can0 0C2#61E880000B002B
(1702832352.117044) can0 0C2#61E880000C002A
(1702832352.127063) can0 0C2#61E880000D0029
(1702832352.137062) can0 0C2#61E880000E0028
(1702832352.147067) can0 0C2#61E880000F0027
(1702832352.157048) can0 0C2#61E88000000036
(1702832352.167062) can0 0C2#61E88000010035
(1702832352.177062) can0 0C2#61E88000020034
(1702832352.187085) can0 0C2#61E88000030033
(1702832352.197196) can0 0C2#61E88000040032
(1702832352.207122) can0 0C2#61E88000050031
(1702832352.217169) can0 0C2#61E88000060030
(1702832352.227163) can0 0C2#61E8800007002F
(1702832352.237205) can0 0C2#61E8800008002E
(1702832352.247131) can0 0C2#61E8800009002D
(1702832352.257067) can0 0C2#61E880000A002C
(1702832352.267159) can0 0C2#61E880000B002B
(1702832352.277136) can0 0C2#61E880000C002A
(1702832352.287166) can0 0C2#61E880000D0029
(1702832352.297168) can0 0C2#61E880000E0028
(1702832352.307136) can0 0C2#61E880000F0027
(1702832352.317158) can0 0C2#61E88000000036
(1702832352.327163) can0 0C2#61E88000010035
(1702832352.337161) can0 0C2#61E88000020034
(1702832352.347163) can0 0C2#61E88000030033
(1702832352.357102) can0 0C2#61E88000040032
(1702832352.367096) can0 0C2#61E88000050031
(1702832352.377099) can0 0C2#61E88000060030
(1702832352.387224) can0 0C2#61E8800007002F
(1702832352.397096) can0 0C2#61E8800008002E
(1702832352.407096) can0 0C2#61E8800009002D
(1702832352.417227) can0 0C2#61E880000A002C
(1702832352.427048) can0 0C2#61E880000B002B
(1702832352.437177) can0 0C2#61E880000C002A
(1702832352.447114) can0 0C2#61E880000D0029
(1702832352.457104) can0 0C2#61E880000E0028
(1702832352.467053) can0 0C2#61E880000F0027
(1702832352.477116) can0 0C2#61E88000000036
(1702832352.487232) can0 0C2#61E88000010035
(1702832352.497222) can0 0C2#61E88000020034
(1702832352.507222) can0 0C2#61E88000030033
(1702832352.517151) can0 0C2#61E88000040032
(1702832352.527289) can0 0C2#61E88000050031
(1702832352.537202) can0 0C2#61E88000060030
(1702832352.547287) can0 0C2#61E8800007002F
(1702832352.557154) can0 0C2#61E8800008002E
(1702832352.567119) can0 0C2#61E8800009002D
(1702832352.577290) can0 0C2#61E880000A002C
(1702832352.587296) can0 0C2#61E880000B002B
(1702832352.597257) can0 0C2#61E880000C002A
(1702832352.607203) can0 0C2#61E880000D0029
(1702832352.617295) can0 0C2#61E880000E0028
(1702832352.627329) can0 0C2#61E880000F0027
(1702832352.637297) can0 0C2#61E88000000036
(1702832352.647290) can0 0C2#61E88000010035
(1702832352.657293) can0 0C2#61E88000020034
(1702832352.667296) can0 0C2#61E88000030033
(1702832352.677295) can0 0C2#61E88000040032
(1702832352.687290) can0 0C2#61E88000050031
(1702832352.697300) can0 0C2#61E88000060030
(1702832352.707330) can0 0C2#61E8800007002F
(1702832352.717248) can0 0C2#61E8800008002E
(1702832352.727254) can0 0C2#61E8800009002D
(1702832352.737296) can0 0C2#61E880000A002C
(1702832352.747291) can0 0C2#61E880000B002B
(1702832352.757295) can0 0C2#61E880000C002A
(1702832352.767298) can0 0C2#61E880000D0029
(1702832352.777209) can0 0C2#61E880000E0028
(1702832352.787298) can0 0C2#61E880000F0027
(1702832352.797331) can0 0C2#61E88000000036
(1702832352.807252) can0 0C2#61E88000010035
(1702832352.817292) can0 0C2#61E78000020035
(1702832352.827301) can0 0C2#61E27EC003007B
(1702832352.837302) can0 0C2#61D87C600400E6
(1702832352.847297) can0 0C2#61CC7B600500F2
(1702832352.857301) can0 0C2#61C27C0006005A
(1702832352.867256) can0 0C2#61B97C40070022
(1702832352.877301) can0 0C2#61B57DE0080084
(1702832352.887258) can0 0C2#61B17E800900E6
(1702832352.897301) can0 0C2#61AB7E200A004B
(1702832352.907291) can0 0C2#61A57D600B0011
(1702832352.917300) can0 0C2#619F7D800C00F6
(1702832352.927339) can0 0C2#61977D600D001D
(1702832352.937300) can0 0C2#618D7C800E0007
(1702832352.947296) can0 0C2#FFFFFFFF4F0BA9
(1702832352.957255) can0 0C2#FFFFFFFF400BB8
(1702832352.967263) can0 0C2#FFFFFFFF410BB7
(1702832352.977233) can0 0C2#FFFFFFFF420BB6
(1702832352.987216) can0 0C2#FFFFFFFF430BB5
(1702832352.997193) can0 0C2#FFFFFFFF440BB4
(1702832353.007206) can0 0C2#FFFFFFFF450BB3
(1702832353.017259) can0 0C2#FFFFFFFF460BB2
(1702832353.027296) can0 0C2#FFFFFFFF470BB1
(1702832353.037262) can0 0C2#FFFFFFFF480BB0
(1702832353.047210) can0 0C2#FFFFFFFF490BAF
(1702832353.057298) can0 0C2#FFFFFFFF4A0BAE
(1702832353.067297) can0 0C2#FFFFFFFF4B0BAD
(1702832353.077296) can0 0C2#FFFFFFFF4C0BAC
(1702832353.087302) can0 0C2#FFFFFFFF4D0BAB
(1702832353.097343) can0 0C2#FFFFFFFF4E0BAA
(1702832353.107335) can0 0C2#FFFFFFFF4F0BA9
(1702832353.117304) can0 0C2#FFFFFFFF400BB8
(1702832353.127257) can0 0C2#FFFFFFFF410BB7
(1702832353.137305) can0 0C2#FFFFFFFF420BB6
(1702832353.147304) can0 0C2#FFFFFFFF430BB5
(1702832353.157302) can0 0C2#FFFFFFFF440BB4
(1702832353.167259) can0 0C2#FFFFFFFF450BB3
(1702832353.177259) can0 0C2#FFFFFFFF460BB2
(1702832353.187304) can0 0C2#FFFFFFFF470BB1
(1702832353.197306) can0 0C2#FFFFFFFF480BB0
(1702832353.207260) can0 0C2#FFFFFFFF490BAF
(1702832353.217264) can0 0C2#FFFFFFFF4A0BAE
(1702832353.227207) can0 0C2#FFFFFFFF4B0BAD
(1702832353.237299) can0 0C2#FFFFFFFF4C0BAC
(1702832353.247339) can0 0C2#FFFFFFFF4D0BAB
(1702832353.257258) can0 0C2#FFFFFFFF4E0BAA
(1702832353.267308) can0 0C2#FFFFFFFF4F0BA9
(1702832353.277264) can0 0C2#FFFFFFFF400BB8
(1702832353.287259) can0 0C2#FFFFFFFF410BB7
(1702832353.297305) can0 0C2#FFFFFFFF420BB6
(1702832353.307260) can0 0C2#FFFFFFFF430BB5
(1702832353.317267) can0 0C2#FFFFFFFF440BB4
(1702832353.327307) can0 0C2#FFFFFFFF450BB3
(1702832353.337301) can0 0C2#FFFFFFFF460BB2
(1702832353.347306) can0 0C2#FFFFFFFF470BB1
(1702832353.357284) can0 0C2#FFFFFFFF480BB0
(1702832353.367305) can0 0C2#FFFFFFFF490BAF
(1702832353.377306) can0 0C2#FFFFFFFF4A0BAE
(1702832353.387348) can0 0C2#FFFFFFFF4B0BAD
(1702832353.397305) can0 0C2#FFFFFFFF4C0BAC
(1702832353.407266) can0 0C2#FFFFFFFF4D0BAB
(1702832353.417308) can0 0C2#FFFFFFFF4E0BAA
(1702832353.427310) can0 0C2#FFFFFFFF4F0BA9
(1702832353.437304) can0 0C2#FFFFFFFF400BB8
(1702832353.447267) can0 0C2#FFFFFFFF410BB7
(1702832353.457340) can0 0C2#FFFFFFFF420BB6
(1702832353.467256) can0 0C2#FFFFFFFF430BB5
(1702832353.477209) can0 0C2#FFFFFFFF440BB4
(1702832353.487346) can0 0C2#FFFFFFFF450BB3
(1702832353.497308) can0 0C2#FFFFFFFF460BB2
(1702832353.507301) can0 0C2#FFFFFFFF470BB1
(1702832353.517309) can0 0C2#FFFFFFFF480BB0
(1702832353.527303) can0 0C2#FFFFFFFF490BAF
(1702832353.537311) can0 0C2#FFFFFFFF4A0BAE
(1702832353.547304) can0 0C2#FFFFFFFF4B0BAD
(1702832353.557244) can0 0C2#FFFFFFFF4C0BAC
(1702832353.567242) can0 0C2#FFFFFFFF4D0BAB
(1702832353.577240) can0 0C2#FFFFFFFF4E0BAA
(1702832353.587241) can0 0C2#FFFFFFFF4F0BA9
(1702832353.597241) can0 0C2#FFFFFFFF400BB8
(1702832353.607245) can0 0C2#FFFFFFFF410BB7
(1702832353.617242) can0 0C2#FFFFFFFF420BB6
(1702832353.627238) can0 0C2#FFFFFFFF430BB5
(1702832353.637239) can0 0C2#FFFFFFFF440BB4
(1702832353.647241) can0 0C2#FFFFFFFF450BB3
(1702832353.657239) can0 0C2#FFFFFFFF460BB2
(1702832353.667243) can0 0C2#FFFFFFFF470BB1
(1702832353.677254) can0 0C2#FFFFFFFF480BB0
(1702832353.687240) can0 0C2#FFFFFFFF490BAF
(1702832353.697243) can0 0C2#FFFFFFFF4A0BAE
(1702832353.707263) can0 0C2#FFFFFFFF4B0BAD
(1702832353.717271) can0 0C2#FFFFFFFF4C0BAC
(1702832353.727351) can0 0C2#FFFFFFFF4D0BAB
(1702832353.737218) can0 0C2#FFFFFFFF4E0BAA
(1702832353.747308) can0 0C2#FFFFFFFF4F0BA9
(1702832353.757267) can0 0C2#FFFFFFFF400BB8
(1702832353.767304) can0 0C2#FFFFFFFF410BB7
(1702832353.777311) can0 0C2#FFFFFFFF420BB6
(1702832353.787314) can0 0C2#FFFFFFFF430BB5
(1702832353.797313) can0 0C2#FFFFFFFF440BB4
(1702832353.807268) can0 0C2#FFFFFFFF450BB3
(1702832353.817307) can0 0C2#FFFFFFFF460BB2
(1702832353.827341) can0 0C2#FFFFFFFF470BB1
(1702832353.837315) can0 0C2#FFFFFFFF480BB0
(1702832353.847282) can0 0C2#FFFFFFFF490BAF
(1702832353.857267) can0 0C2#FFFFFFFF4A0BAE
(1702832353.867320) can0 0C2#FFFFFFFF4B0BAD
(1702832353.877315) can0 0C2#FFFFFFFF4C0BAC
(1702832353.887310) can0 0C2#FFFFFFFF4D0BAB
(1702832353.897317) can0 0C2#FFFFFFFF4E0BAA
(1702832353.907278) can0 0C2#FFFFFFFF4F0BA9
(1702832353.917316) can0 0C2#FFFFFFFF400BB8
(1702832353.927276) can0 0C2#FFFFFFFF410BB7
(1702832353.937315) can0 0C2#FFFFFFFF420BB6
(1702832353.947311) can0 0C2#FFFFFFFF430BB5
(1702832353.957275) can0 0C2#FFFFFFFF440BB4
(1702832353.967268) can0 0C2#FFFFFFFF450BB3
(1702832353.977241) can0 0C2#FFFFFFFF460BB2
(1702832353.987310) can0 0C2#FFFFFFFF470BB1
(1702832353.997265) can0 0C2#FFFFFFFF480BB0
(1702832354.007222) can0 0C2#FFFFFFFF490BAF
(1702832354.017310) can0 0C2#FFFFFFFF4A0BAE
(1702832354.027269) can0 0C2#FFFFFFFF4B0BAD
(1702832354.037312) can0 0C2#FFFFFFFF4C0BAC
(1702832354.047312) can0 0C2#FFFFFFFF4D0BAB
(1702832354.057312) can0 0C2#FFFFFFFF4E0BAA
(1702832354.067310) can0 0C2#FFFFFFFF4F0BA9
(1702832354.077349) can0 0C2#FFFFFFFF400BB8
(1702832354.087280) can0 0C2#FFFFFFFF410BB7
(1702832354.097317) can0 0C2#FFFFFFFF420BB6
(1702832354.107320) can0 0C2#FFFFFFFF430BB5
(1702832354.117226) can0 0C2#FFFFFFFF440BB4
(1702832354.127273) can0 0C2#FFFFFFFF450BB3
(1702832354.137314) can0 0C2#FFFFFFFF460BB2
(1702832354.147231) can0 0C2#FFFFFFFF470BB1
(1702832354.157273) can0 0C2#FFFFFFFF480BB0
(1702832354.167276) can0 0C2#FFFFFFFF490BAF
(1702832354.177312) can0 0C2#FFFFFFFF4A0BAE
(1702832354.187320) can0 0C2#FFFFFFFF4B0BAD
(1702832354.197351) can0 0C2#FFFFFFFF4C0BAC
(1702832354.207322) can0 0C2#FFFFFFFF4D0BAB
(1702832354.217359) can0 0C2#FFFFFFFF4E0BAA
(1702832354.227310) can0 0C2#FFFFFFFF4F0BA9
(1702832354.237323) can0 0C2#FFFFFFFF400BB8
(1702832354.247312) can0 0C2#FFFFFFFF410BB7
(1702832354.257322) can0 0C2#FFFFFFFF420BB6
(1702832354.267311) can0 0C2#FFFFFFFF430BB5
(1702832354.277367) can0 0C2#FFFFFFFF440BB4
(1702832354.287322) can0 0C2#FFFFFFFF450BB3
(1702832354.297335) can0 0C2#FFFFFFFF460BB2
(1702832354.307315) can0 0C2#FFFFFFFF470BB1
(1702832354.317316) can0 0C2#FFFFFFFF480BB0
(1702832354.327315) can0 0C2#FFFFFFFF490BAF
(1702832354.337362) can0 0C2#FFFFFFFF4A0BAE
(1702832354.347323) can0 0C2#FFFFFFFF4B0BAD
(1702832354.357322) can0 0C2#FFFFFFFF4C0BAC
(1702832354.367324) can0 0C2#FFFFFFFF4D0BAB
(1702832354.377342) can0 0C2#FFFFFFFF4E0BAA
(1702832354.387316) can0 0C2#FFFFFFFF4F0BA9
(1702832354.397224) can0 0C2#FFFFFFFF400BB8
(1702832354.407316) can0 0C2#FFFFFFFF410BB7
(1702832354.417358) can0 0C2#FFFFFFFF420BB6
(1702832354.427405) can0 0C2#FFFFFFFF430BB5
(1702832354.437364) can0 0C2#FFFFFFFF440BB4
(1702832354.447352) can0 0C2#FFFFFFFF450BB3
(1702832354.457359) can0 0C2#FFFFFFFF460BB2
(1702832354.467320) can0 0C2#FFFFFFFF470BB1
(1702832354.477288) can0 0C2#FFFFFFFF480BB0
(1702832354.487359) can0 0C2#FFFFFFFF490BAF
(1702832354.497324) can0 0C2#FFFFFFFF4A0BAE
(1702832354.507327) can0 0C2#FFFFFFFF4B0BAD
(1702832354.517358) can0 0C2#FFFFFFFF4C0BAC
(1702832354.527278) can0 0C2#FFFFFFFF4D0BAB
(1702832354.537296) can0 0C2#FFFFFFFF4E0BAA
(1702832354.547356) can0 0C2#FFFFFFFF4F0BA9
(1702832354.557305) can0 0C2#FFFFFFFF400BB8
(1702832354.567284) can0 0C2#FFFFFFFF410BB7
(1702832354.577268) can0 0C2#FFFFFFFF420BB6
(1702832354.587355) can0 0C2#FFFFFFFF430BB5
(1702832354.597356) can0 0C2#FFFFFFFF440BB4
(1702832354.607364) can0 0C2#FFFFFFFF450BB3
(1702832354.617360) can0 0C2#FFFFFFFF460BB2
(1702832354.627342) can0 0C2#FFFFFFFF470BB1
(1702832354.637327) can0 0C2#FFFFFFFF480BB0
(1702832354.647279) can0 0C2#FFFFFFFF490BAF
(1702832354.657280) can0 0C2#FFFFFFFF4A0BAE
(1702832354.667325) can0 0C2#FFFFFFFF4B0BAD
(1702832354.677305) can0 0C2#FFFFFFFF4C0BAC
(1702832354.687357) can0 0C2#FFFFFFFF4D0BAB
(1702832354.697319) can0 0C2#FFFFFFFF4E0BAA
(1702832354.707365) can0 0C2#FFFFFFFF4F0BA9
(1702832354.717492) can0 0C2#FFFFFFFF400BB8
(1702832354.727347) can0 0C2#FFFFFFFF410BB7
(1702832354.737328) can0 0C2#FFFFFFFF420BB6
(1702832354.747307) can0 0C2#FFFFFFFF430BB5
(1702832354.757327) can0 0C2#FFFFFFFF440BB4
(1702832354.767398) can0 0C2#FFFFFFFF450BB3
(1702832354.777313) can0 0C2#FFFFFFFF460BB2
(1702832354.787328) can0 0C2#FFFFFFFF470BB1
(1702832354.797329) can0 0C2#FFFFFFFF480BB0
(1702832354.807313) can0 0C2#FFFFFFFF490BAF
(1702832354.817447) can0 0C2#FFFFFFFF4A0BAE
(1702832354.827283) can0 0C2#FFFFFFFF4B0BAD
(1702832354.837311) can0 0C2#FFFFFFFF4C0BAC
(1702832354.847319) can0 0C2#FFFFFFFF4D0BAB
(1702832354.857448) can0 0C2#FFFFFFFF4E0BAA
(1702832354.867454) can0 0C2#FFFFFFFF4F0BA9
(1702832354.877454) can0 0C2#FFFFFFFF400BB8
(1702832354.887429) can0 0C2#FFFFFFFF410BB7
(1702832354.897406) can0 0C2#FFFFFFFF420BB6
(1702832354.907330) can0 0C2#FFFFFFFF430BB5
(1702832354.917454) can0 0C2#FFFFFFFF440BB4
(1702832354.927330) can0 0C2#FFFFFFFF450BB3
(1702832354.937456) can0 0C2#FFFFFFFF460BB2
(1702832354.947447) can0 0C2#FFFFFFFF470BB1
(1702832354.957383) can0 0C2#FFFFFFFF480BB0
(1702832354.967448) can0 0C2#FFFFFFFF490BAF
(1702832354.977415) can0 0C2#FFFFFFFF4A0BAE
(1702832354.987367) can0 0C2#FFFFFFFF4B0BAD
(1702832354.997386) can0 0C2#FFFFFFFF4C0BAC
(1702832355.007397) can0 0C2#FFFFFFFF4D0BAB
(1702832355.017387) can0 0C2#FFFFFFFF4E0BAA
(1702832355.027354) can0 0C2#FFFFFFFF4F0BA9
(1702832355.037386) can0 0C2#FFFFFFFF400BB8
(1702832355.047441) can0 0C2#FFFFFFFF410BB7
(1702832355.057384) can0 0C2#FFFFFFFF420BB6
(1702832355.067385) can0 0C2#FFFFFFFF430BB5
(1702832355.077385) can0 0C2#FFFFFFFF440BB4
(1702832355.087388) can0 0C2#FFFFFFFF450BB3
(1702832355.097385) can0 0C2#FFFFFFFF460BB2
(1702832355.107390) can0 0C2#FFFFFFFF470BB1
(1702832355.117389) can0 0C2#FFFFFFFF480BB0
(1702832355.127386) can0 0C2#FFFFFFFF490BAF
(1702832355.137385) can0 0C2#FFFFFFFF4A0BAE
(1702832355.147412) can0 0C2#FFFFFFFF4B0BAD
(1702832355.157453) can0 0C2#FFFFFFFF4C0BAC
(1702832355.167463) can0 0C2#FFFFFFFF4D0BAB
(1702832355.177459) can0 0C2#FFFFFFFF4E0BAA
(1702832355.187459) can0 0C2#FFFFFFFF4F0BA9
(1702832355.197406) can0 0C2#FFFFFFFF400BB8
(1702832355.207491) can0 0C2#FFFFFFFF410BB7
(1702832355.217463) can0 0C2#FFFFFFFF420BB6
(1702832355.227457) can0 0C2#FFFFFFFF430BB5
(1702832355.237500) can0 0C2#FFFFFFFF440BB4
(1702832355.247412) can0 0C2#FFFFFFFF450BB3
(1702832355.257461) can0 0C2#FFFFFFFF460BB2
(1702832355.267452) can0 0C2#FFFFFFFF470BB1
(1702832355.277369) can0 0C2#FFFFFFFF480BB0
(1702832355.287415) can0 0C2#FFFFFFFF490BAF
(1702832355.297411) can0 0C2#FFFFFFFF4A0BAE
(1702832355.307456) can0 0C2#FFFFFFFF4B0BAD
(1702832355.317498) can0 0C2#FFFFFFFF4C0BAC
(1702832355.327368) can0 0C2#FFFFFFFF4D0BAB
(1702832355.337498) can0 0C2#FFFFFFFF4E0BAA
(1702832355.347366) can0 0C2#FFFFFFFF4F0BA9
(1702832355.357454) can0 0C2#FFFFFFFF400BB8
(1702832355.367414) can0 0C2#FFFFFFFF410BB7
(1702832355.377413) can0 0C2#FFFFFFFF420BB6
(1702832355.387494) can0 0C2#FFFFFFFF430BB5
(1702832355.397420) can0 0C2#FFFFFFFF440BB4
(1702832355.407462) can0 0C2#FFFFFFFF450BB3
(1702832355.417501) can0 0C2#FFFFFFFF460BB2
(1702832355.427452) can0 0C2#FFFFFFFF470BB1
(1702832355.437464) can0 0C2#FFFFFFFF480BB0
(1702832355.447467) can0 0C2#FFFFFFFF490BAF
(1702832355.457464) can0 0C2#FFFFFFFF4A0BAE
(1702832355.467465) can0 0C2#FFFFFFFF4B0BAD
(1702832355.477457) can0 0C2#FFFFFFFF4C0BAC
(1702832355.487464) can0 0C2#FFFFFFFF4D0BAB
(1702832355.497457) can0 0C2#FFFFFFFF4E0BAA
(1702832355.507460) can0 0C2#FFFFFFFF4F0BA9
(1702832355.517466) can0 0C2#FFFFFFFF400BB8
(1702832355.527416) can0 0C2#FFFFFFFF410BB7
(1702832355.537420) can0 0C2#FFFFFFFF420BB6
(1702832355.547418) can0 0C2#FFFFFFFF430BB5
(1702832355.557450) can0 0C2#FFFFFFFF440BB4
(1702832355.567460) can0 0C2#FFFFFFFF450BB3
(1702832355.577422) can0 0C2#FFFFFFFF460BB2
(1702832355.587466) can0 0C2#FFFFFFFF470BB1
(1702832355.597418) can0 0C2#FFFFFFFF480BB0
(1702832355.607446) can0 0C2#FFFFFFFF490BAF
(1702832355.617466) can0 0C2#FFFFFFFF4A0BAE
(1702832355.627470) can0 0C2#FFFFFFFF4B0BAD
(1702832355.637469) can0 0C2#FFFFFFFF4C0BAC
(1702832355.647418) can0 0C2#FFFFFFFF4D0BAB
(1702832355.657505) can0 0C2#FFFFFFFF4E0BAA
(1702832355.667460) can0 0C2#FFFFFFFF4F0BA9
(1702832355.677467) can0 0C2#FFFFFFFF400BB8
(1702832355.687461) can0 0C2#FFFFFFFF410BB7
(1702832355.697419) can0 0C2#FFFFFFFF420BB6
(1702832355.707469) can0 0C2#FFFFFFFF430BB5
(1702832355.717459) can0 0C2#FFFFFFFF440BB4
(1702832355.727467) can0 0C2#FFFFFFFF450BB3
(1702832355.737464) can0 0C2#FFFFFFFF460BB2
(1702832355.747417) can0 0C2#FFFFFFFF470BB1
(1702832355.757383) can0 0C2#FFFFFFFF480BB0
(1702832355.767430) can0 0C2#FFFFFFFF490BAF
(1702832355.777466) can0 0C2#FFFFFFFF4A0BAE
(1702832355.787424) can0 0C2#FFFFFFFF4B0BAD
(1702832355.797429) can0 0C2#FFFFFFFF4C0BAC
(1702832355.807428) can0 0C2#FFFFFFFF4D0BAB
(1702832355.817426) can0 0C2#FFFFFFFF4E0BAA
(1702832355.827387) can0 0C2#FFFFFFFF4F0BA9
(1702832355.837405) can0 0C2#FFFFFFFF400BB8
(1702832355.847408) can0 0C2#FFFFFFFF410BB7
(1702832355.857407) can0 0C2#FFFFFFFF420BB6
(1702832355.867465) can0 0C2#FFFFFFFF430BB5
(1702832355.877455) can0 0C2#FFFFFFFF440BB4
(1702832355.887463) can0 0C2#FFFFFFFF450BB3
(1702832355.897379) can0 0C2#FFFFFFFF460BB2
(1702832355.907474) can0 0C2#FFFFFFFF470BB1
(1702832355.917471) can0 0C2#FFFFFFFF480BB0
(1702832355.927461) can0 0C2#FFFFFFFF490BAF
(1702832355.937509) can0 0C2#FFFFFFFF4A0BAE
(1702832355.947463) can0 0C2#FFFFFFFF4B0BAD
(1702832355.957399) can0 0C2#FFFFFFFF4C0BAC
(1702832355.967419) can0 0C2#FFFFFFFF4D0BAB
(1702832355.977471) can0 0C2#FFFFFFFF4E0BAA
(1702832355.987428) can0 0C2#FFFFFFFF4F0BA9
(1702832355.997399) can0 0C2#FFFFFFFF400BB8
(1702832356.007401) can0 0C2#FFFFFFFF410BB7
(1702832356.017424) can0 0C2#FFFFFFFF420BB6
(1702832356.027467) can0 0C2#FFFFFFFF430BB5
(1702832356.037466) can0 0C2#FFFFFFFF440BB4
(1702832356.047464) can0 0C2#FFFFFFFF450BB3
(1702832356.057466) can0 0C2#FFFFFFFF460BB2
(1702832356.067468) can0 0C2#FFFFFFFF470BB1
(1702832356.077470) can0 0C2#FFFFFFFF480BB0
(1702832356.087445) can0 0C2#FFFFFFFF490BAF
(1702832356.097474) can0 0C2#FFFFFFFF4A0BAE
(1702832356.107423) can0 0C2#FFFFFFFF4B0BAD
(1702832356.117421) can0 0C2#FFFFFFFF4C0BAC
(1702832356.127467) can0 0C2#FFFFFFFF4D0BAB
(1702832356.137473) can0 0C2#FFFFFFFF4E0BAA
(1702832356.147474) can0 0C2#FFFFFFFF4F0BA9
(1702832356.157473) can0 0C2#FFFFFFFF400BB8
(1702832356.167436) can0 0C2#FFFFFFFF410BB7
(1702832356.177467) can0 0C2#FFFFFFFF420BB6
(1702832356.187506) can0 0C2#FFFFFFFF430BB5
(1702832356.197435) can0 0C2#FFFFFFFF440BB4
(1702832356.207512) can0 0C2#FFFFFFFF450BB3
(1702832356.217475) can0 0C2#FFFFFFFF460BB2
(1702832356.227512) can0 0C2#FFFFFFFF470BB1
(1702832356.237476) can0 0C2#FFFFFFFF480BB0
(1702832356.247465) can0 0C2#FFFFFFFF490BAF
(1702832356.257384) can0 0C2#FFFFFFFF4A0BAE
(1702832356.267514) can0 0C2#FFFFFFFF4B0BAD
(1702832356.277472) can0 0C2#FFFFFFFF4C0BAC
(1702832356.287445) can0 0C2#FFFFFFFF4D0BAB
(1702832356.297546) can0 0C2#FFFFFFFF4E0BAA
(1702832356.307507) can0 0C2#FFFFFFFF4F0BA9
(1702832356.317469) can0 0C2#FFFFFFFF400BB8
(1702832356.327470) can0 0C2#FFFFFFFF410BB7
(1702832356.337513) can0 0C2#FFFFFFFF420BB6
(1702832356.347481) can0 0C2#FFFFFFFF430BB5
(1702832356.357449) can0 0C2#FFFFFFFF440BB4
(1702832356.367478) can0 0C2#FFFFFFFF450BB3
(1702832356.377480) can0 0C2#FFFFFFFF460BB2
(1702832356.387478) can0 0C2#FFFFFFFF470BB1
(1702832356.397479) can0 0C2#FFFFFFFF480BB0
(1702832356.407431) can0 0C2#FFFFFFFF490BAF
(1702832356.417507) can0 0C2#FFFFFFFF4A0BAE
(1702832356.427480) can0 0C2#FFFFFFFF4B0BAD
(1702832356.437482) can0 0C2#FFFFFFFF4C0BAC
(1702832356.447479) can0 0C2#FFFFFFFF4D0BAB
(1702832356.457478) can0 0C2#FFFFFFFF4E0BAA
(1702832356.467479) can0 0C2#FFFFFFFF4F0BA9
(1702832356.477480) can0 0C2#FFFFFFFF400BB8
(1702832356.487431) can0 0C2#FFFFFFFF410BB7
(1702832356.497470) can0 0C2#FFFFFFFF420BB6
(1702832356.507472) can0 0C2#FFFFFFFF430BB5
(1702832356.517486) can0 0C2#FFFFFFFF440BB4
(1702832356.527477) can0 0C2#FFFFFFFF450BB3
(1702832356.537518) can0 0C2#FFFFFFFF460BB2
(1702832356.547483) can0 0C2#FFFFFFFF470BB1
(1702832356.557475) can0 0C2#FFFFFFFF480BB0
(1702832356.567410) can0 0C2#FFFFFFFF490BAF
(1702832356.577409) can0 0C2#FFFFFFFF4A0BAE
(1702832356.587411) can0 0C2#FFFFFFFF4B0BAD
(1702832356.597408) can0 0C2#FFFFFFFF4C0BAC
(1702832356.607407) can0 0C2#FFFFFFFF4D0BAB
(1702832356.617411) can0 0C2#FFFFFFFF4E0BAA
(1702832356.627411) can0 0C2#FFFFFFFF4F0BA9
(1702832356.637412) can0 0C2#FFFFFFFF400BB8
(1702832356.647409) can0 0C2#FFFFFFFF410BB7
(1702832356.657413) can0 0C2#FFFFFFFF420BB6
(1702832356.667408) can0 0C2#FFFFFFFF430BB5
(1702832356.677412) can0 0C2#FFFFFFFF440BB4
(1702832356.687412) can0 0C2#FFFFFFFF450BB3
(1702832356.697409) can0 0C2#FFFFFFFF460BB2
(1702832356.707409) can0 0C2#FFFFFFFF470BB1
(1702832356.717411) can0 0C2#FFFFFFFF480BB0
(1702832356.727480) can0 0C2#FFFFFFFF490BAF
(1702832356.737483) can0 0C2#FFFFFFFF4A0BAE
(1702832356.747483) can0 0C2#FFFFFFFF4B0BAD
(1702832356.757494) can0 0C2#FFFFFFFF4C0BAC
(1702832356.767483) can0 0C2#FFFFFFFF4D0BAB
(1702832356.777521) can0 0C2#FFFFFFFF4E0BAA
(1702832356.787438) can0 0C2#FFFFFFFF4F0BA9
(1702832356.797479) can0 0C2#FFFFFFFF400BB8
(1702832356.807442) can0 0C2#FFFFFFFF410BB7
(1702832356.817449) can0 0C2#FFFFFFFF420BB6
(1702832356.827483) can0 0C2#FFFFFFFF430BB5
(1702832356.837485) can0 0C2#FFFFFFFF440BB4
(1702832356.847484) can0 0C2#FFFFFFFF450BB3
(1702832356.857524) can0 0C2#FFFFFFFF460BB2
(1702832356.867516) can0 0C2#FFFFFFFF470BB1
(1702832356.877485) can0 0C2#FFFFFFFF480BB0
(1702832356.887458) can0 0C2#FFFFFFFF490BAF
(1702832356.897478) can0 0C2#FFFFFFFF4A0BAE
(1702832356.907483) can0 0C2#FFFFFFFF4B0BAD
(1702832356.917520) can0 0C2#FFFFFFFF4C0BAC
(1702832356.927523) can0 0C2#FFFFFFFF4D0BAB
(1702832356.937457) can0 0C2#FFFFFFFF4E0BAA
(1702832356.947481) can0 0C2#FFFFFFFF4F0BA9
(1702832356.957488) can0 0C2#FFFFFFFF400BB8
(1702832356.967478) can0 0C2#FFFFFFFF410BB7
(1702832356.977487) can0 0C2#FFFFFFFF420BB6
(1702832356.987519) can0 0C2#FFFFFFFF430BB5
(1702832356.997489) can0 0C2#FFFFFFFF440BB4
(1702832357.007446) can0 0C2#FFFFFFFF450BB3
(1702832357.017444) can0 0C2#FFFFFFFF460BB2
(1702832357.027481) can0 0C2#FFFFFFFF470BB1
(1702832357.037483) can0 0C2#FFFFFFFF480BB0
(1702832357.047480) can0 0C2#FFFFFFFF490BAF
(1702832357.057480) can0 0C2#FFFFFFFF4A0BAE
(1702832357.067480) can0 0C2#FFFFFFFF4B0BAD
(1702832357.077483) can0 0C2#FFFFFFFF4C0BAC
(1702832357.087450) can0 0C2#FFFFFFFF4D0BAB
(1702832357.097568) can0 0C2#FFFFFFFF4E0BAA
(1702832357.107419) can0 0C2#FFFFFFFF4F0BA9
(1702832357.117468) can0 0C2#FFFFFFFF400BB8
(1702832357.127483) can0 0C2#FFFFFFFF410BB7
(1702832357.137482) can0 0C2#FFFFFFFF420BB6
(1702832357.147481) can0 0C2#FFFFFFFF430BB5
(1702832357.157467) can0 0C2#FFFFFFFF440BB4
(1702832357.167482) can0 0C2#FFFFFFFF450BB3
(1702832357.177489) can0 0C2#FFFFFFFF460BB2
(1702832357.187562) can0 0C2#FFFFFFFF470BB1
(1702832357.197490) can0 0C2#FFFFFFFF480BB0
(1702832357.207487) can0 0C2#FFFFFFFF490BAF
(1702832357.217486) can0 0C2#FFFFFFFF4A0BAE
(1702832357.227485) can0 0C2#FFFFFFFF4B0BAD
(1702832357.237440) can0 0C2#FFFFFFFF4C0BAC
(1702832357.247488) can0 0C2#FFFFFFFF4D0BAB
(1702832357.257615) can0 0C2#FFFFFFFF4E0BAA
(1702832357.267492) can0 0C2#FFFFFFFF4F0BA9
(1702832357.277619) can0 0C2#FFFFFFFF400BB8
(1702832357.287609) can0 0C2#FFFFFFFF410BB7
(1702832357.297525) can0 0C2#FFFFFFFF420BB6
(1702832357.307487) can0 0C2#FFFFFFFF430BB5
(1702832357.317568) can0 0C2#FFFFFFFF440BB4
(1702832357.327616) can0 0C2#FFFFFFFF450BB3
(1702832357.337616) can0 0C2#FFFFFFFF460BB2
(1702832357.347612) can0 0C2#FFFFFFFF470BB1
(1702832357.357568) can0 0C2#FFFFFFFF480BB0
(1702832357.367613) can0 0C2#FFFFFFFF490BAF
(1702832357.377616) can0 0C2#FFFFFFFF4A0BAE
(1702832357.387485) can0 0C2#FFFFFFFF4B0BAD
(1702832357.397561) can0 0C2#FFFFFFFF4C0BAC
(1702832357.407645) can0 0C2#FFFFFFFF4D0BAB
(1702832357.417647) can0 0C2#FFFFFFFF4E0BAA
(1702832357.427610) can0 0C2#FFFFFFFF4F0BA9
(1702832357.437617) can0 0C2#FFFFFFFF400BB8
(1702832357.447645) can0 0C2#FFFFFFFF410BB7
(1702832357.457617) can0 0C2#FFFFFFFF420BB6
(1702832357.467612) can0 0C2#FFFFFFFF430BB5
(1702832357.477565) can0 0C2#FFFFFFFF440BB4
(1702832357.487619) can0 0C2#FFFFFFFF450BB3
(1702832357.497616) can0 0C2#FFFFFFFF460BB2
(1702832357.507616) can0 0C2#FFFFFFFF470BB1
(1702832357.517609) can0 0C2#FFFFFFFF480BB0
(1702832357.527576) can0 0C2#FFFFFFFF490BAF
(1702832357.537656) can0 0C2#FFFFFFFF4A0BAE
(1702832357.547656) can0 0C2#FFFFFFFF4B0BAD
(1702832357.557575) can0 0C2#FFFFFFFF4C0BAC
(1702832357.567609) can0 0C2#FFFFFFFF4D0BAB
(1702832357.577579) can0 0C2#FFFFFFFF4E0BAA
(1702832357.587658) can0 0C2#FFFFFFFF4F0BA9
(1702832357.597657) can0 0C2#FFFFFFFF400BB8
(1702832357.607613) can0 0C2#FFFFFFFF410BB7
(1702832357.617576) can0 0C2#FFFFFFFF420BB6
(1702832357.627615) can0 0C2#FFFFFFFF430BB5
(1702832357.637551) can0 0C2#FFFFFFFF440BB4
(1702832357.647658) can0 0C2#FFFFFFFF450BB3
(1702832357.657621) can0 0C2#FFFFFFFF460BB2
(1702832357.667620) can0 0C2#FFFFFFFF470BB1
(1702832357.677622) can0 0C2#FFFFFFFF480BB0
(1702832357.687578) can0 0C2#FFFFFFFF490BAF
(1702832357.697621) can0 0C2#FFFFFFFF4A0BAE
(1702832357.707618) can0 0C2#FFFFFFFF4B0BAD
(1702832357.717575) can0 0C2#FFFFFFFF4C0BAC
(1702832357.727618) can0 0C2#FFFFFFFF4D0BAB
(1702832357.737623) can0 0C2#FFFFFFFF4E0BAA
(1702832357.747621) can0 0C2#FFFFFFFF4F0BA9
(1702832357.757622) can0 0C2#FFFFFFFF400BB8
(1702832357.767575) can0 0C2#FFFFFFFF410BB7
(1702832357.777617) can0 0C2#FFFFFFFF420BB6
(1702832357.787621) can0 0C2#FFFFFFFF430BB5
(1702832357.797578) can0 0C2#FFFFFFFF440BB4
(1702832357.807615) can0 0C2#FFFFFFFF450BB3
(1702832357.817584) can0 0C2#FFFFFFFF460BB2
(1702832357.827617) can0 0C2#FFFFFFFF470BB1
(1702832357.837616) can0 0C2#FFFFFFFF480BB0
(1702832357.847616) can0 0C2#FFFFFFFF490BAF
(1702832357.857625) can0 0C2#FFFFFFFF4A0BAE
(1702832357.867623) can0 0C2#FFFFFFFF4B0BAD
(1702832357.877577) can0 0C2#FFFFFFFF4C0BAC
(1702832357.887624) can0 0C2#FFFFFFFF4D0BAB
(1702832357.897623) can0 0C2#FFFFFFFF4E0BAA
(1702832357.907624) can0 0C2#FFFFFFFF4F0BA9
(1702832357.917575) can0 0C2#FFFFFFFF400BB8
(1702832357.927581) can0 0C2#FFFFFFFF410BB7
(1702832357.937626) can0 0C2#FFFFFFFF420BB6
(1702832357.947619) can0 0C2#FFFFFFFF430BB5
(1702832357.957528) can0 0C2#FFFFFFFF440BB4
(1702832357.967621) can0 0C2#FFFFFFFF450BB3
(1702832357.977619) can0 0C2#FFFFFFFF460BB2
(1702832357.987626) can0 0C2#FFFFFFFF470BB1
(1702832357.997667) can0 0C2#FFFFFFFF480BB0
(1702832358.007576) can0 0C2#FFFFFFFF490BAF
(1702832358.017531) can0 0C2#FFFFFFFF4A0BAE
(1702832358.027558) can0 0C2#FFFFFFFF4B0BAD
(1702832358.037659) can0 0C2#FFFFFFFF4C0BAC
(1702832358.047554) can0 0C2#FFFFFFFF4D0BAB
(1702832358.057554) can0 0C2#FFFFFFFF4E0BAA
(1702832358.067554) can0 0C2#FFFFFFFF4F0BA9
(1702832358.077554) can0 0C2#FFFFFFFF400BB8
(1702832358.087555) can0 0C2#FFFFFFFF410BB7
(1702832358.097558) can0 0C2#FFFFFFFF420BB6
(1702832358.107555) can0 0C2#FFFFFFFF430BB5
(1702832358.117532) can0 0C2#FFFFFFFF440BB4
(1702832358.127560) can0 0C2#FFFFFFFF450BB3
(1702832358.137556) can0 0C2#FFFFFFFF460BB2
(1702832358.147555) can0 0C2#FFFFFFFF470BB1
(1702832358.157556) can0 0C2#FFFFFFFF480BB0
(1702832358.167558) can0 0C2#FFFFFFFF490BAF
(1702832358.177628) can0 0C2#FFFFFFFF4A0BAE
(1702832358.187628) can0 0C2#FFFFFFFF4B0BAD
(1702832358.197582) can0 0C2#FFFFFFFF4C0BAC
(1702832358.207622) can0 0C2#FFFFFFFF4D0BAB
(1702832358.217573) can0 0C2#FFFFFFFF4E0BAA
(1702832358.227629) can0 0C2#FFFFFFFF4F0BA9
(1702832358.237624) can0 0C2#FFFFFFFF400BB8
(1702832358.247623) can0 0C2#FFFFFFFF410BB7
(1702832358.257660) can0 0C2#FFFFFFFF420BB6
(1702832358.267668) can0 0C2#FFFFFFFF430BB5
(1702832358.277559) can0 0C2#FFFFFFFF440BB4
(1702832358.287624) can0 0C2#FFFFFFFF450BB3
(1702832358.297624) can0 0C2#FFFFFFFF460BB2
(1702832358.307624) can0 0C2#FFFFFFFF470BB1
(1702832358.317624) can0 0C2#FFFFFFFF480BB0
(1702832358.327662) can0 0C2#FFFFFFFF490BAF
(1702832358.337631) can0 0C2#FFFFFFFF4A0BAE
(1702832358.347629) can0 0C2#FFFFFFFF4B0BAD
(1702832358.357556) can0 0C2#FFFFFFFF4C0BAC
(1702832358.367622) can0 0C2#FFFFFFFF4D0BAB
(1702832358.377626) can0 0C2#FFFFFFFF4E0BAA
(1702832358.387632) can0 0C2#FFFFFFFF4F0BA9
(1702832358.397629) can0 0C2#FFFFFFFF400BB8
(1702832358.407627) can0 0C2#FFFFFFFF410BB7
(1702832358.417633) can0 0C2#FFFFFFFF420BB6
(1702832358.427632) can0 0C2#FFFFFFFF430BB5
(1702832358.437565) can0 0C2#FFFFFFFF440BB4
(1702832358.447681) can0 0C2#FFFFFFFF450BB3
(1702832358.457624) can0 0C2#FFFFFFFF460BB2
(1702832358.467635) can0 0C2#FFFFFFFF470BB1
(1702832358.477679) can0 0C2#FFFFFFFF480BB0
(1702832358.487668) can0 0C2#FFFFFFFF490BAF
(1702832358.497633) can0 0C2#FFFFFFFF4A0BAE
(1702832358.507633) can0 0C2#FFFFFFFF4B0BAD
(1702832358.517553) can0 0C2#FFFFFFFF4C0BAC
(1702832358.527628) can0 0C2#FFFFFFFF4D0BAB
(1702832358.537627) can0 0C2#FFFFFFFF4E0BAA
(1702832358.547634) can0 0C2#FFFFFFFF4F0BA9
(1702832358.557628) can0 0C2#FFFFFFFF400BB8
(1702832358.567631) can0 0C2#FFFFFFFF410BB7
(1702832358.577580) can0 0C2#FFFFFFFF420BB6
(1702832358.587627) can0 0C2#FFFFFFFF430BB5
(1702832358.597567) can0 0C2#FFFFFFFF440BB4
(1702832358.607629) can0 0C2#FFFFFFFF450BB3
(1702832358.617542) can0 0C2#FFFFFFFF460BB2
(1702832358.627635) can0 0C2#FFFFFFFF470BB1
(1702832358.637635) can0 0C2#FFFFFFFF480BB0
(1702832358.647667) can0 0C2#FFFFFFFF490BAF
(1702832358.657551) can0 0C2#FFFFFFFF4A0BAE
(1702832358.667636) can0 0C2#FFFFFFFF4B0BAD
(1702832358.677587) can0 0C2#FFFFFFFF4C0BAC
(1702832358.687628) can0 0C2#FFFFFFFF4D0BAB
(1702832358.697635) can0 0C2#FFFFFFFF4E0BAA
(1702832358.707636) can0 0C2#FFFFFFFF4F0BA9
(1702832358.717638) can0 0C2#FFFFFFFF400BB8
(1702832358.727629) can0 0C2#FFFFFFFF410BB7
(1702832358.737635) can0 0C2#FFFFFFFF420BB6
(1702832358.747599) can0 0C2#FFFFFFFF430BB5
(1702832358.757599) can0 0C2#FFFFFFFF440BB4
(1702832358.767638) can0 0C2#FFFFFFFF450BB3
(1702832358.777672) can0 0C2#FFFFFFFF460BB2
(1702832358.787637) can0 0C2#FFFFFFFF470BB1
(1702832358.797637) can0 0C2#FFFFFFFF480BB0
(1702832358.807668) can0 0C2#FFFFFFFF490BAF
(1702832358.817632) can0 0C2#FFFFFFFF4A0BAE
(1702832358.827638) can0 0C2#FFFFFFFF4B0BAD
(1702832358.837574) can0 0C2#FFFFFFFF4C0BAC
(1702832358.847638) can0 0C2#FFFFFFFF4D0BAB
(1702832358.857598) can0 0C2#FFFFFFFF4E0BAA
(1702832358.867632) can0 0C2#FFFFFFFF4F0BA9
(1702832358.877640) can0 0C2#FFFFFFFF400BB8
(1702832358.887632) can0 0C2#FFFFFFFF410BB7
(1702832358.897602) can0 0C2#FFFFFFFF420BB6
(1702832358.907617) can0 0C2#FFFFFFFF430BB5
(1702832358.917601) can0 0C2#FFFFFFFF440BB4
(1702832358.927638) can0 0C2#FFFFFFFF450BB3
(1702832358.937643) can0 0C2#FFFFFFFF460BB2
(1702832358.947678) can0 0C2#FFFFFFFF470BB1
(1702832358.957540) can0 0C2#FFFFFFFF480BB0
(1702832358.967634) can0 0C2#FFFFFFFF490BAF
(1702832358.977641) can0 0C2#FFFFFFFF4A0BAE
(1702832358.987636) can0 0C2#FFFFFFFF4B0BAD
(1702832358.997594) can0 0C2#FFFFFFFF4C0BAC
(1702832359.007676) can0 0C2#FFFFFFFF4D0BAB
(1702832359.017638) can0 0C2#FFFFFFFF4E0BAA
(1702832359.027642) can0 0C2#FFFFFFFF4F0BA9
(1702832359.037670) can0 0C2#FFFFFFFF400BB8
(1702832359.047549) can0 0C2#FFFFFFFF410BB7
(1702832359.057560) can0 0C2#FFFFFFFF420BB6
(1702832359.067635) can0 0C2#FFFFFFFF430BB5
(1702832359.077562) can0 0C2#FFFFFFFF440BB4
(1702832359.087679) can0 0C2#FFFFFFFF450BB3
(1702832359.097642) can0 0C2#FFFFFFFF460BB2
(1702832359.107681) can0 0C2#FFFFFFFF470BB1
(1702832359.117680) can0 0C2#FFFFFFFF480BB0
(1702832359.127634) can0 0C2#FFFFFFFF490BAF
(1702832359.137641) can0 0C2#FFFFFFFF4A0BAE
(1702832359.147648) can0 0C2#FFFFFFFF4B0BAD
(1702832359.157564) can0 0C2#FFFFFFFF4C0BAC
(1702832359.167637) can0 0C2#FFFFFFFF4D0BAB
(1702832359.177643) can0 0C2#FFFFFFFF4E0BAA
(1702832359.187637) can0 0C2#FFFFFFFF4F0BA9
(1702832359.197597) can0 0C2#FFFFFFFF400BB8
(1702832359.207638) can0 0C2#FFFFFFFF410BB7
(1702832359.217647) can0 0C2#FFFFFFFF420BB6
(1702832359.227642) can0 0C2#FFFFFFFF430BB5
(1702832359.237564) can0 0C2#FFFFFFFF440BB4
(1702832359.247646) can0 0C2#FFFFFFFF450BB3
(1702832359.257645) can0 0C2#FFFFFFFF460BB2
(1702832359.267608) can0 0C2#FFFFFFFF470BB1
(1702832359.277681) can0 0C2#FFFFFFFF480BB0
(1702832359.287637) can0 0C2#FFFFFFFF490BAF
(1702832359.297686) can0 0C2#FFFFFFFF4A0BAE
(1702832359.307639) can0 0C2#FFFFFFFF4B0BAD
(1702832359.317562) can0 0C2#FFFFFFFF4C0BAC
(1702832359.327682) can0 0C2#FFFFFFFF4D0BAB
(1702832359.337683) can0 0C2#FFFFFFFF4E0BAA
(1702832359.347646) can0 0C2#FFFFFFFF4F0BA9
(1702832359.357645) can0 0C2#FFFFFFFF400BB8
(1702832359.367679) can0 0C2#FFFFFFFF410BB7
(1702832359.377684) can0 0C2#FFFFFFFF420BB6
(1702832359.387684) can0 0C2#FFFFFFFF430BB5
(1702832359.397552) can0 0C2#FFFFFFFF440BB4
(1702832359.407594) can0 0C2#FFFFFFFF450BB3
(1702832359.417677) can0 0C2#FFFFFFFF460BB2
(1702832359.427609) can0 0C2#FFFFFFFF470BB1
(1702832359.437640) can0 0C2#FFFFFFFF480BB0
(1702832359.447679) can0 0C2#FFFFFFFF490BAF
(1702832359.457685) can0 0C2#FFFFFFFF4A0BAE
(1702832359.467686) can0 0C2#FFFFFFFF4B0BAD
(1702832359.477601) can0 0C2#FFFFFFFF4C0BAC
(1702832359.487689) can0 0C2#FFFFFFFF4D0BAB
(1702832359.497679) can0 0C2#FFFFFFFF4E0BAA
(1702832359.507653) can0 0C2#FFFFFFFF4F0BA9
(1702832359.517773) can0 0C2#FFFFFFFF400BB8
(1702832359.527601) can0 0C2#FFFFFFFF410BB7
(1702832359.537651) can0 0C2#FFFFFFFF420BB6
(1702832359.547688) can0 0C2#FFFFFFFF430BB5
(1702832359.557729) can0 0C2#FFFFFFFF440BB4
(1702832359.567644) can0 0C2#FFFFFFFF450BB3
(1702832359.577720) can0 0C2#FFFFFFFF460BB2
(1702832359.587628) can0 0C2#FFFFFFFF470BB1
(1702832359.597811) can0 0C2#FFFFFFFF480BB0
(1702832359.607769) can0 0C2#FFFFFFFF490BAF
(1702832359.617649) can0 0C2#FFFFFFFF4A0BAE
(1702832359.627650) can0 0C2#FFFFFFFF4B0BAD
(1702832359.637698) can0 0C2#FFFFFFFF4C0BAC
(1702832359.647651) can0 0C2#FFFFFFFF4D0BAB
(1702832359.657773) can0 0C2#FFFFFFFF4E0BAA
(1702832359.667651) can0 0C2#FFFFFFFF4F0BA9
(1702832359.677769) can0 0C2#FFFFFFFF400BB8
(1702832359.687769) can0 0C2#FFFFFFFF410BB7
(1702832359.697649) can0 0C2#FFFFFFFF420BB6
(1702832359.707648) can0 0C2#FFFFFFFF430BB5
(1702832359.717701) can0 0C2#FFFFFFFF440BB4
(1702832359.727732) can0 0C2#FFFFFFFF450BB3
(1702832359.737771) can0 0C2#FFFFFFFF460BB2
(1702832359.747778) can0 0C2#FFFFFFFF470BB1
(1702832359.757775) can0 0C2#FFFFFFFF480BB0
(1702832359.767771) can0 0C2#FFFFFFFF490BAF
(1702832359.777728) can0 0C2#FFFFFFFF4A0BAE
(1702832359.787814) can0 0C2#FFFFFFFF4B0BAD
(1702832359.797698) can0 0C2#FFFFFFFF4C0BAC
(1702832359.807770) can0 0C2#FFFFFFFF4D0BAB
(1702832359.817767) can0 0C2#FFFFFFFF4E0BAA
(1702832359.827816) can0 0C2#FFFFFFFF4F0BA9
(1702832359.837779) can0 0C2#FFFFFFFF400BB8
(1702832359.847770) can0 0C2#FFFFFFFF410BB7
(1702832359.857780) can0 0C2#FFFFFFFF420BB6
(1702832359.867780) can0 0C2#FFFFFFFF430BB5
(1702832359.877692) can0 0C2#FFFFFFFF440BB4
(1702832359.887729) can0 0C2#FFFFFFFF450BB3
(1702832359.897778) can0 0C2#FFFFFFFF460BB2
(1702832359.907817) can0 0C2#FFFFFFFF470BB1
(1702832359.917778) can0 0C2#FFFFFFFF480BB0
(1702832359.927772) can0 0C2#FFFFFFFF490BAF
(1702832359.937779) can0 0C2#FFFFFFFF4A0BAE
(1702832359.947779) can0 0C2#FFFFFFFF4B0BAD
(1702832359.957699) can0 0C2#FFFFFFFF4C0BAC
(1702832359.967779) can0 0C2#FFFFFFFF4D0BAB
(1702832359.977775) can0 0C2#FFFFFFFF4E0BAA
(1702832359.987682) can0 0C2#FFFFFFFF4F0BA9
(1702832359.997811) can0 0C2#FFFFFFFF400BB8
(1702832360.007735) can0 0C2#FFFFFFFF410BB7
(1702832360.017771) can0 0C2#FFFFFFFF420BB6
(1702832360.027688) can0 0C2#FFFFFFFF430BB5
(1702832360.037732) can0 0C2#FFFFFFFF440BB4
(1702832360.047820) can0 0C2#FFFFFFFF450BB3
(1702832360.057773) can0 0C2#FFFFFFFF460BB2
(1702832360.067773) can0 0C2#FFFFFFFF470BB1
(1702832360.077782) can0 0C2#FFFFFFFF480BB0
(1702832360.087772) can0 0C2#FFFFFFFF490BAF
(1702832360.097781) can0 0C2#FFFFFFFF4A0BAE
(1702832360.107812) can0 0C2#FFFFFFFF4B0BAD
(1702832360.117731) can0 0C2#FFFFFFFF4C0BAC
(1702832360.127776) can0 0C2#FFFFFFFF4D0BAB
(1702832360.137778) can0 0C2#FFFFFFFF4E0BAA
(1702832360.147782) can0 0C2#FFFFFFFF4F0BA9
(1702832360.157783) can0 0C2#FFFFFFFF400BB8
(1702832360.167740) can0 0C2#FFFFFFFF410BB7
(1702832360.177682) can0 0C2#FFFFFFFF420BB6
(1702832360.187711) can0 0C2#FFFFFFFF430BB5
(1702832360.197679) can0 0C2#FFFFFFFF440BB4
(1702832360.207710) can0 0C2#FFFFFFFF450BB3
(1702832360.217710) can0 0C2#FFFFFFFF460BB2
(1702832360.227715) can0 0C2#FFFFFFFF470BB1
(1702832360.237714) can0 0C2#FFFFFFFF480BB0
(1702832360.247711) can0 0C2#FFFFFFFF490BAF
(1702832360.257714) can0 0C2#FFFFFFFF4A0BAE
(1702832360.267711) can0 0C2#FFFFFFFF4B0BAD
(1702832360.277681) can0 0C2#FFFFFFFF4C0BAC
(1702832360.287711) can0 0C2#FFFFFFFF4D0BAB
(1702832360.297711) can0 0C2#FFFFFFFF4E0BAA
(1702832360.307712) can0 0C2#FFFFFFFF4F0BA9
(1702832360.317712) can0 0C2#FFFFFFFF400BB8
(1702832360.327712) can0 0C2#FFFFFFFF410BB7
(1702832360.337678) can0 0C2#FFFFFFFF420BB6
(1702832360.347779) can0 0C2#FFFFFFFF430BB5
(1702832360.357710) can0 0C2#FFFFFFFF440BB4
(1702832360.367781) can0 0C2#FFFFFFFF450BB3
(1702832360.377785) can0 0C2#FFFFFFFF460BB2
(1702832360.387816) can0 0C2#FFFFFFFF470BB1
(1702832360.397781) can0 0C2#FFFFFFFF480BB0
(1702832360.407742) can0 0C2#FFFFFFFF490BAF
(1702832360.417784) can0 0C2#FFFFFFFF4A0BAE
(1702832360.427779) can0 0C2#FFFFFFFF4B0BAD
(1702832360.437712) can0 0C2#FFFFFFFF4C0BAC
(1702832360.447789) can0 0C2#FFFFFFFF4D0BAB
(1702832360.457788) can0 0C2#FFFFFFFF4E0BAA
(1702832360.467826) can0 0C2#FFFFFFFF4F0BA9
(1702832360.477818) can0 0C2#FFFFFFFF400BB8
(1702832360.487693) can0 0C2#FFFFFFFF410BB7
(1702832360.497825) can0 0C2#FFFFFFFF420BB6
(1702832360.507819) can0 0C2#FFFFFFFF430BB5
(1702832360.517712) can0 0C2#FFFFFFFF440BB4
(1702832360.527792) can0 0C2#FFFFFFFF450BB3
(1702832360.537823) can0 0C2#FFFFFFFF460BB2
(1702832360.547789) can0 0C2#FFFFFFFF470BB1
(1702832360.557746) can0 0C2#FFFFFFFF480BB0
(1702832360.567745) can0 0C2#FFFFFFFF490BAF
(1702832360.577747) can0 0C2#FFFFFFFF4A0BAE
(1702832360.587737) can0 0C2#FFFFFFFF4B0BAD
(1702832360.597711) can0 0C2#FFFFFFFF4C0BAC
(1702832360.607787) can0 0C2#FFFFFFFF4D0BAB
(1702832360.617789) can0 0C2#FFFFFFFF4E0BAA
(1702832360.627792) can0 0C2#FFFFFFFF4F0BA9
(1702832360.637789) can0 0C2#FFFFFFFF400BB8
(1702832360.647781) can0 0C2#FFFFFFFF410BB7
(1702832360.657790) can0 0C2#FFFFFFFF420BB6
(1702832360.667790) can0 0C2#FFFFFFFF430BB5
(1702832360.677712) can0 0C2#FFFFFFFF440BB4
(1702832360.687785) can0 0C2#FFFFFFFF450BB3
(1702832360.697792) can0 0C2#FFFFFFFF460BB2
(1702832360.707746) can0 0C2#FFFFFFFF470BB1
(1702832360.717823) can0 0C2#FFFFFFFF480BB0
(1702832360.727782) can0 0C2#FFFFFFFF490BAF
(1702832360.737785) can0 0C2#FFFFFFFF4A0BAE
(1702832360.747782) can0 0C2#FFFFFFFF4B0BAD
(1702832360.757716) can0 0C2#FFFFFFFF4C0BAC
(1702832360.767786) can0 0C2#FFFFFFFF4D0BAB
(1702832360.777713) can0 0C2#FFFFFFFF4E0BAA
(1702832360.787751) can0 0C2#FFFFFFFF4F0BA9
(1702832360.797796) can0 0C2#FFFFFFFF400BB8
(1702832360.807786) can0 0C2#FFFFFFFF410BB7
(1702832360.817786) can0 0C2#FFFFFFFF420BB6
(1702832360.827831) can0 0C2#FFFFFFFF430BB5
(1702832360.837717) can0 0C2#FFFFFFFF440BB4
(1702832360.847793) can0 0C2#FFFFFFFF450BB3
(1702832360.857745) can0 0C2#FFFFFFFF460BB2
(1702832360.867790) can0 0C2#FFFFFFFF470BB1
(1702832360.877792) can0 0C2#FFFFFFFF480BB0
(1702832360.887790) can0 0C2#FFFFFFFF490BAF
(1702832360.897792) can0 0C2#FFFFFFFF4A0BAE
(1702832360.907787) can0 0C2#FFFFFFFF4B0BAD
(1702832360.917698) can0 0C2#FFFFFFFF4C0BAC
(1702832360.927796) can0 0C2#FFFFFFFF4D0BAB
(1702832360.937797) can0 0C2#FFFFFFFF4E0BAA
(1702832360.947794) can0 0C2#FFFFFFFF4F0BA9
(1702832360.957746) can0 0C2#FFFFFFFF400BB8
(1702832360.967749) can0 0C2#FFFFFFFF410BB7
(1702832360.977826) can0 0C2#FFFFFFFF420BB6
(1702832360.987791) can0 0C2#FFFFFFFF430BB5
(1702832360.997728) can0 0C2#FFFFFFFF440BB4
(1702832361.007704) can0 0C2#FFFFFFFF450BB3
(1702832361.017826) can0 0C2#FFFFFFFF460BB2
(1702832361.027791) can0 0C2#FFFFFFFF470BB1
(1702832361.037745) can0 0C2#FFFFFFFF480BB0
(1702832361.047793) can0 0C2#FFFFFFFF490BAF
(1702832361.057790) can0 0C2#FFFFFFFF4A0BAE
(1702832361.067789) can0 0C2#FFFFFFFF4B0BAD
(1702832361.077717) can0 0C2#FFFFFFFF4C0BAC
(1702832361.087789) can0 0C2#FFFFFFFF4D0BAB
(1702832361.097790) can0 0C2#FFFFFFFF4E0BAA
(1702832361.107800) can0 0C2#FFFFFFFF4F0BA9
(1702832361.117792) can0 0C2#FFFFFFFF400BB8
(1702832361.127696) can0 0C2#FFFFFFFF410BB7
(1702832361.137796) can0 0C2#FFFFFFFF420BB6
(1702832361.147794) can0 0C2#FFFFFFFF430BB5
(1702832361.157722) can0 0C2#FFFFFFFF440BB4
(1702832361.167828) can0 0C2#FFFFFFFF450BB3
(1702832361.177797) can0 0C2#FFFFFFFF460BB2
(1702832361.187797) can0 0C2#FFFFFFFF470BB1
(1702832361.197795) can0 0C2#FFFFFFFF480BB0
(1702832361.207793) can0 0C2#FFFFFFFF490BAF
(1702832361.217798) can0 0C2#FFFFFFFF4A0BAE
(1702832361.227791) can0 0C2#FFFFFFFF4B0BAD
(1702832361.237709) can0 0C2#FFFFFFFF4C0BAC
(1702832361.247703) can0 0C2#FFFFFFFF4D0BAB
