(1707758028.670452) can0 0C2#800080000C00F3
(1707758028.680470) can0 0C2#800080000D00F2
(1707758028.690500) can0 0C2#800080000E00F1
(1707758028.700478) can0 0C2#800080000F00F0
(1707758028.710468) can0 0C2#800080000000FF
(1707758028.720497) can0 0C2#800080000100FE
(1707758028.730557) can0 0C2#800080000200FD
(1707758028.740600) can0 0C2#800080000300FC
(1707758028.750565) can0 0C2#800080000400FB
(1707758028.760556) can0 0C2#800080000500FA
(1707758028.770563) can0 0C2#800080000600F9
(1707758028.780458) can0 0C2#800080000700F8
(1707758028.790496) can0 0C2#800080000800F7
(1707758028.800516) can0 0C2#800080000900F6
(1707758028.810500) can0 0C2#800080000A00F5
(1707758028.820556) can0 0C2#800080000B00F4
(1707758028.830562) can0 0C2#800080000C00F3
(1707758028.840557) can0 0C2#800080000D00F2
(1707758028.850560) can0 0C2#800080000E00F1
(1707758028.860522) can0 0C2#800080000F00F0
(1707758028.870560) can0 0C2#800080000000FF
(1707758028.880521) can0 0C2#800080000100FE
(1707758028.890556) can0 0C2#800080000200FD
(1707758028.900518) can0 0C2#800080000300FC
(1707758028.910566) can0 0C2#800080000400FB
(1707758028.920477) can0 0C2#800080000500FA
(1707758028.930519) can0 0C2#800080000600F9
(1707758028.940558) can0 0C2#800080000700F8
(1707758028.950557) can0 0C2#800080000800F7
(1707758028.960555) can0 0C2#800080000900F6
(1707758028.970557) can0 0C2#800080000A00F5
(1707758028.980560) can0 0C2#800080000B00F4
(1707758028.990551) can0 0C2#800080000C00F3
(1707758029.000461) can0 0C2#800080000D00F2
(1707758029.010556) can0 0C2#800080000E00F1
(1707758029.020596) can0 0C2#800080000F00F0
(1707758029.030676) can0 0C2#800080000000FF
(1707758029.040601) can0 0C2#800080000100FE
(1707758029.050643) can0 0C2#800080000200FD
(1707758029.060555) can0 0C2#800080000300FC
(1707758029.070684) can0 0C2#800080000400FB
(1707758029.080555) can0 0C2#800080000500FA
(1707758029.090688) can0 0C2#800080000600F9
(1707758029.100555) can0 0C2#800080000700F8
(1707758029.110686) can0 0C2#800080000800F7
(1707758029.120561) can0 0C2#800080000900F6
(1707758029.130552) can0 0C2#800080000A00F5
(1707758029.140688) can0 0C2#800080000B00F4
(1707758029.150683) can0 0C2#800080000C00F3
(1707758029.160686) can0 0C2#800080000D00F2
(1707758029.170679) can0 0C2#800080000E00F1
(1707758029.180597) can0 0C2#800080000F00F0
(1707758029.190727) can0 0C2#800080000000FF
(1707758029.200684) can0 0C2#800080000100FE
(1707758029.210659) can0 0C2#800080000200FD
(1707758029.220716) can0 0C2#800080000300FC
(1707758029.230638) can0 0C2#800080000400FB
(1707758029.240676) can0 0C2#800080000500FA
(1707758029.250687) can0 0C2#800080000600F9
(1707758029.260677) can0 0C2#800080000700F8
(1707758029.270636) can0 0C2#800080000800F7
(1707758029.280597) can0 0C2#800080000900F6
(1707758029.290617) can0 0C2#800080000A00F5
(1707758029.300611) can0 0C2#800080000B00F4
(1707758029.310638) can0 0C2#800080000C00F3
(1707758029.320725) can0 0C2#800080000D00F2
(1707758029.330596) can0 0C2#800080000E00F1
(1707758029.340677) can0 0C2#800080000F00F0
(1707758029.350593) can0 0C2#800080000000FF
(1707758029.360581) can0 0C2#800080000100FE
(1707758029.370589) can0 0C2#800080000200FD
(1707758029.380600) can0 0C2#800080000300FC
(1707758029.390677) can0 0C2#800080000400FB
(1707758029.400682) can0 0C2#800080000500FA
(1707758029.410715) can0 0C2#800080000600F9
(1707758029.420676) can0 0C2#800080000700F8
(1707758029.430629) can0 0C2#800080000800F7
(1707758029.440624) can0 0C2#800080000900F6
(1707758029.450634) can0 0C2#800080000A00F5
(1707758029.460680) can0 0C2#800080000B00F4
(1707758029.470670) can0 0C2#800080000C00F3
(1707758029.480683) can0 0C2#800080000D00F2
(1707758029.490722) can0 0C2#800080000E00F1
(1707758029.500676) can0 0C2#800080000F00F0
(1707758029.510685) can0 0C2#800080000000FF
(1707758029.520722) can0 0C2#800080000100FE
(1707758029.530631) can0 0C2#800080000200FD
(1707758029.540674) can0 0C2#800080000300FC
(1707758029.550668) can0 0C2#800080000400FB
(1707758029.560716) can0 0C2#800080000500FA
(1707758029.570680) can0 0C2#800080000600F9
(1707758029.580674) can0 0C2#800080000700F8
(1707758029.590682) can0 0C2#800080000800F7
(1707758029.600685) can0 0C2#800080000900F6
(1707758029.610709) can0 0C2#800080000A00F5
(1707758029.620675) can0 0C2#800080000B00F4
(1707758029.630715) can0 0C2#800080000C00F3
(1707758029.640675) can0 0C2#800080000D00F2
(1707758029.650679) can0 0C2#800080000E00F1
(1707758029.660673) can0 0C2#800080000F00F0
(1707758029.670721) can0 0C2#800080000000FF
(1707758029.680630) can0 0C2#800080000100FE
(1707758029.690673) can0 0C2#800080000200FD
(1707758029.700676) can0 0C2#800080000300FC
(1707758029.710590) can0 0C2#800080000400FB
(1707758029.720627) can0 0C2#800080000500FA
(1707758029.730674) can0 0C2#800080000600F9
(1707758029.740712) can0 0C2#800080000700F8
(1707758029.750677) can0 0C2#800080000800F7
(1707758029.760635) can0 0C2#800080000900F6
(1707758029.770673) can0 0C2#800080000A00F5
(1707758029.780625) can0 0C2#800080000B00F4
(1707758029.790618) can0 0C2#800080000C00F3
(1707758029.800608) can0 0C2#800080000D00F2
(1707758029.810674) can0 0C2#800080000E00F1
(1707758029.820638) can0 0C2#800080000F00F0
(1707758029.830678) can0 0C2#800080000000FF
(1707758029.840597) can0 0C2#800080000100FE
(1707758029.850668) can0 0C2#800080000200FD
(1707758029.860683) can0 0C2#800080000300FC
(1707758029.870629) can0 0C2#800080000400FB
(1707758029.880680) can0 0C2#800080000500FA
(1707758029.890602) can0 0C2#800080000600F9
(1707758029.900675) can0 0C2#800080000700F8
(1707758029.910681) can0 0C2#800080000800F7
(1707758029.920683) can0 0C2#800080000900F6
(1707758029.930680) can0 0C2#800080000A00F5
(1707758029.940679) can0 0C2#800080000B00F4
(1707758029.950679) can0 0C2#800080000C00F3
(1707758029.960679) can0 0C2#800080000D00F2
(1707758029.970680) can0 0C2#800080000E00F1
(1707758029.980673) can0 0C2#800080000F00F0
(1707758029.990720) can0 0C2#800080000000FF
(1707758030.000675) can0 0C2#800080000100FE
(1707758030.010684) can0 0C2#800080000200FD
(1707758030.020720) can0 0C2#800080000300FC
(1707758030.030677) can0 0C2#800080000400FB
(1707758030.040680) can0 0C2#800080000500FA
(1707758030.050640) can0 0C2#800080000600F9
(1707758030.060673) can0 0C2#800080000700F8
(1707758030.070679) can0 0C2#800080000800F7
(1707758030.080673) can0 0C2#800080000900F6
(1707758030.090680) can0 0C2#800080000A00F5
(1707758030.100679) can0 0C2#800080000B00F4
(1707758030.110675) can0 0C2#800080000C00F3
(1707758030.120720) can0 0C2#800080000D00F2
(1707758030.130679) can0 0C2#800080000E00F1
(1707758030.140713) can0 0C2#800080000F00F0
(1707758030.150716) can0 0C2#800080000000FF
(1707758030.160670) can0 0C2#800080000100FE
(1707758030.170679) can0 0C2#800080000200FD
(1707758030.180625) can0 0C2#800080000300FC
(1707758030.190679) can0 0C2#800080000400FB
(1707758030.200675) can0 0C2#800080000500FA
(1707758030.210629) can0 0C2#800080000600F9
(1707758030.220671) can0 0C2#800080000700F8
(1707758030.230671) can0 0C2#800080000800F7
(1707758030.240678) can0 0C2#800080000900F6
(1707758030.250701) can0 0C2#800080000A00F5
(1707758030.260672) can0 0C2#800080000B00F4
(1707758030.270712) can0 0C2#800080000C00F3
(1707758030.280580) can0 0C2#800080000D00F2
(1707758030.290581) can0 0C2#800080000E00F1
(1707758030.300632) can0 0C2#800080000F00F0
(1707758030.310635) can0 0C2#800080000000FF
(1707758030.320671) can0 0C2#800080000100FE
(1707758030.330635) can0 0C2#800080000200FD
(1707758030.340679) can0 0C2#800080000300FC
(1707758030.350578) can0 0C2#800080000400FB
(1707758030.360561) can0 0C2#800080000500FA
(1707758030.370590) can0 0C2#800080000600F9
(1707758030.380629) can0 0C2#800080000700F8
(1707758030.390670) can0 0C2#800080000800F7
(1707758030.400675) can0 0C2#800080000900F6
(1707758030.410715) can0 0C2#800080000A00F5
(1707758030.420621) can0 0C2#800080000B00F4
(1707758030.430668) can0 0C2#800080000C00F3
(1707758030.440674) can0 0C2#800080000D00F2
(1707758030.450669) can0 0C2#800080000E00F1
(1707758030.460672) can0 0C2#800080000F00F0
(1707758030.470674) can0 0C2#800080000000FF
(1707758030.480670) can0 0C2#800080000100FE
(1707758030.490609) can0 0C2#800080000200FD
(1707758030.500668) can0 0C2#800080000300FC
(1707758030.510677) can0 0C2#800080000400FB
(1707758030.520680) can0 0C2#800080000500FA
(1707758030.530675) can0 0C2#800080000600F9
(1707758030.540670) can0 0C2#800080000700F8
(1707758030.550662) can0 0C2#800080000800F7
(1707758030.560671) can0 0C2#800080000900F6
(1707758030.570717) can0 0C2#800080000A00F5
(1707758030.580716) can0 0C2#800080000B00F4
(1707758030.590673) can0 0C2#800080000C00F3
(1707758030.600669) can0 0C2#800080000D00F2
(1707758030.610672) can0 0C2#800080000E00F1
(1707758030.620672) can0 0C2#800080000F00F0
(1707758030.630677) can0 0C2#800080000000FF
(1707758030.640664) can0 0C2#800080000100FE
(1707758030.650674) can0 0C2#800080000200FD
(1707758030.660666) can0 0C2#800080000300FC
(1707758030.670668) can0 0C2#800080000400FB
(1707758030.680626) can0 0C2#800080000500FA
(1707758030.690670) can0 0C2#800080000600F9
(1707758030.700623) can0 0C2#800080000700F8
(1707758030.710578) can0 0C2#800080000800F7
(1707758030.720666) can0 0C2#800080000900F6
(1707758030.730676) can0 0C2#800080000A00F5
(1707758030.740666) can0 0C2#800080000B00F4
(1707758030.750670) can0 0C2#800080000C00F3
(1707758030.760655) can0 0C2#800080000D00F2
(1707758030.770669) can0 0C2#800080000E00F1
(1707758030.780657) can0 0C2#800080000F00F0
(1707758030.790607) can0 0C2#800080000000FF
(1707758030.800594) can0 0C2#800080000100FE
(1707758030.810608) can0 0C2#800080000200FD
(1707758030.820608) can0 0C2#800080000300FC
(1707758030.830609) can0 0C2#800080000400FB
(1707758030.840664) can0 0C2#800080000500FA
(1707758030.850671) can0 0C2#800080000600F9
(1707758030.860707) can0 0C2#800080000700F8
(1707758030.870710) can0 0C2#800080000800F7
(1707758030.880671) can0 0C2#800080000900F6
(1707758030.890670) can0 0C2#800080000A00F5
(1707758030.900671) can0 0C2#800080000B00F4
(1707758030.910665) can0 0C2#800080000C00F3
(1707758030.920669) can0 0C2#800080000D00F2
(1707758030.930712) can0 0C2#800080000E00F1
(1707758030.940636) can0 0C2#800080000F00F0
(1707758030.950673) can0 0C2#800080000000FF
(1707758030.960672) can0 0C2#800080000100FE
(1707758030.970665) can0 0C2#800080000200FD
(1707758030.980670) can0 0C2#800080000300FC
(1707758030.990669) can0 0C2#800080000400FB
(1707758031.000672) can0 0C2#800080000500FA
(1707758031.010672) can0 0C2#800080000600F9
(1707758031.020708) can0 0C2#800080000700F8
(1707758031.030673) can0 0C2#800080000800F7
(1707758031.040710) can0 0C2#800080000900F6
(1707758031.050632) can0 0C2#800080000A00F5
(1707758031.060662) can0 0C2#800080000B00F4
(1707758031.070627) can0 0C2#800080000C00F3
(1707758031.080667) can0 0C2#800080000D00F2
(1707758031.090603) can0 0C2#800080000E00F1
(1707758031.100616) can0 0C2#800080000F00F0
(1707758031.110672) can0 0C2#800080000000FF
(1707758031.120635) can0 0C2#800080000100FE
(1707758031.130587) can0 0C2#800080000200FD
(1707758031.140660) can0 0C2#800080000300FC
(1707758031.150626) can0 0C2#800080000400FB
(1707758031.160672) can0 0C2#800080000500FA
(1707758031.170672) can0 0C2#800080000600F9
(1707758031.180629) can0 0C2#800080000700F8
(1707758031.190665) can0 0C2#800080000800F7
(1707758031.200661) can0 0C2#800080000900F6
(1707758031.210577) can0 0C2#800080000A00F5
(1707758031.220662) can0 0C2#800080000B00F4
(1707758031.230666) can0 0C2#800080000C00F3
(1707758031.240703) can0 0C2#800080000D00F2
(1707758031.250666) can0 0C2#800080000E00F1
(1707758031.260665) can0 0C2#800080000F00F0
(1707758031.270662) can0 0C2#800080000000FF
(1707758031.280663) can0 0C2#800080000100FE
(1707758031.290604) can0 0C2#800080000200FD
(1707758031.300630) can0 0C2#800080000300FC
(1707758031.310627) can0 0C2#800080000400FB
(1707758031.320664) can0 0C2#800080000500FA
(1707758031.330616) can0 0C2#800080000600F9
(1707758031.340704) can0 0C2#800080000700F8
(1707758031.350581) can0 0C2#800080000800F7
(1707758031.360577) can0 0C2#800080000900F6
(1707758031.370567) can0 0C2#800080000A00F5
(1707758031.380567) can0 0C2#800080000B00F4
(1707758031.390579) can0 0C2#800080000C00F3
(1707758031.400659) can0 0C2#800080000D00F2
(1707758031.410666) can0 0C2#800080000E00F1
(1707758031.420710) can0 0C2#800080000F00F0
(1707758031.430663) can0 0C2#800080000000FF
(1707758031.440672) can0 0C2#800080000100FE
(1707758031.450671) can0 0C2#800080000200FD
(1707758031.460664) can0 0C2#800080000300FC
(1707758031.470573) can0 0C2#800080000400FB
(1707758031.480580) can0 0C2#800080000500FA
(1707758031.490571) can0 0C2#800080000600F9
(1707758031.500589) can0 0C2#800080000700F8
(1707758031.510570) can0 0C2#800080000800F7
(1707758031.520559) can0 0C2#800080000900F6
(1707758031.530553) can0 0C2#800080000A00F5
(1707758031.540556) can0 0C2#800080000B00F4
(1707758031.550601) can0 0C2#800080000C00F3
(1707758031.560597) can0 0C2#800080000D00F2
(1707758031.570596) can0 0C2#800080000E00F1
(1707758031.580557) can0 0C2#800080000F00F0
(1707758031.590563) can0 0C2#800080000000FF
(1707758031.600613) can0 0C2#800080000100FE
(1707758031.610612) can0 0C2#800080000200FD
(1707758031.620593) can0 0C2#800080000300FC
(1707758031.630591) can0 0C2#800080000400FB
(1707758031.640588) can0 0C2#800080000500FA
(1707758031.650571) can0 0C2#800080000600F9
(1707758031.660562) can0 0C2#800080000700F8
(1707758031.670557) can0 0C2#800080000800F7
(1707758031.680557) can0 0C2#800080000900F6
(1707758031.690558) can0 0C2#800080000A00F5
(1707758031.700555) can0 0C2#800080000B00F4
(1707758031.710563) can0 0C2#800080000C00F3
(1707758031.720557) can0 0C2#800080000D00F2
(1707758031.730562) can0 0C2#800080000E00F1
(1707758031.740553) can0 0C2#800080000F00F0
(1707758031.750555) can0 0C2#800080000000FF
(1707758031.760605) can0 0C2#800080000100FE
(1707758031.770560) can0 0C2#800080000200FD
(1707758031.780624) can0 0C2#800080000300FC
(1707758031.790610) can0 0C2#800080000400FB
(1707758031.800555) can0 0C2#800080000500FA
(1707758031.810563) can0 0C2#800080000600F9
(1707758031.820580) can0 0C2#800080000700F8
(1707758031.830551) can0 0C2#800080000800F7
(1707758031.840701) can0 0C2#800080000900F6
(1707758031.850604) can0 0C2#800080000A00F5
(1707758031.860624) can0 0C2#800080000B00F4
(1707758031.870598) can0 0C2#800080000C00F3
(1707758031.880557) can0 0C2#800080000D00F2
(1707758031.890667) can0 0C2#800080000E00F1
(1707758031.900599) can0 0C2#800080000F00F0
(1707758031.910613) can0 0C2#800080000000FF
(1707758031.920610) can0 0C2#800080000100FE
(1707758031.930556) can0 0C2#800080000200FD
(1707758031.940631) can0 0C2#800080000300FC
(1707758031.950612) can0 0C2#800080000400FB
(1707758031.960615) can0 0C2#800080000500FA
(1707758031.970594) can0 0C2#800080000600F9
(1707758031.980557) can0 0C2#800080000700F8
(1707758031.990594) can0 0C2#800080000800F7
(1707758032.000596) can0 0C2#800080000900F6
(1707758032.010564) can0 0C2#800080000A00F5
(1707758032.020597) can0 0C2#800080000B00F4
(1707758032.030599) can0 0C2#800080000C00F3
(1707758032.040593) can0 0C2#800080000D00F2
(1707758032.050593) can0 0C2#800080000E00F1
(1707758032.060592) can0 0C2#800080000F00F0
(1707758032.070596) can0 0C2#800080000000FF
(1707758032.080595) can0 0C2#800080000100FE
(1707758032.090592) can0 0C2#800080000200FD
(1707758032.100596) can0 0C2#800080000300FC
(1707758032.110594) can0 0C2#800080000400FB
(1707758032.120595) can0 0C2#800080000500FA
(1707758032.130596) can0 0C2#800080000600F9
(1707758032.140592) can0 0C2#800080000700F8
(1707758032.150595) can0 0C2#800080000800F7
(1707758032.160595) can0 0C2#800080000900F6
(1707758032.170595) can0 0C2#800080000A00F5
(1707758032.180593) can0 0C2#800080000B00F4
(1707758032.190665) can0 0C2#800080000C00F3
(1707758032.200699) can0 0C2#800080000D00F2
(1707758032.210611) can0 0C2#800080000E00F1
(1707758032.220616) can0 0C2#800080000F00F0
(1707758032.230699) can0 0C2#800080000000FF
(1707758032.240658) can0 0C2#800080000100FE
(1707758032.250664) can0 0C2#800080000200FD
(1707758032.260665) can0 0C2#800080000300FC
(1707758032.270706) can0 0C2#800080000400FB
(1707758032.280611) can0 0C2#800080000500FA
(1707758032.290697) can0 0C2#800080000600F9
(1707758032.300595) can0 0C2#800080000700F8
(1707758032.310621) can0 0C2#800080000800F7
(1707758032.320658) can0 0C2#800080000900F6
(1707758032.330699) can0 0C2#800080000A00F5
(1707758032.340706) can0 0C2#800080000B00F4
(1707758032.350559) can0 0C2#800080000C00F3
(1707758032.360556) can0 0C2#800080000D00F2
(1707758032.370563) can0 0C2#800080000E00F1
(1707758032.380619) can0 0C2#800080000F00F0
(1707758032.390634) can0 0C2#800080000000FF
(1707758032.400656) can0 0C2#800080000100FE
(1707758032.410615) can0 0C2#800080000200FD
(1707758032.420654) can0 0C2#800080000300FC
(1707758032.430559) can0 0C2#800080000400FB
(1707758032.440696) can0 0C2#800080000500FA
(1707758032.450656) can0 0C2#800080000600F9
(1707758032.460738) can0 0C2#800080000700F8
(1707758032.470703) can0 0C2#800080000800F7
(1707758032.480699) can0 0C2#800080000900F6
(1707758032.490633) can0 0C2#800080000A00F5
(1707758032.500703) can0 0C2#800080000B00F4
(1707758032.510636) can0 0C2#800080000C00F3
(1707758032.520663) can0 0C2#800080000D00F2
(1707758032.530661) can0 0C2#800080000E00F1
(1707758032.540603) can0 0C2#800080000F00F0
(1707758032.550648) can0 0C2#800080000000FF
(1707758032.560650) can0 0C2#800080000100FE
(1707758032.570661) can0 0C2#800080000200FD
(1707758032.580664) can0 0C2#800080000300FC
(1707758032.590783) can0 0C2#800080000400FB
(1707758032.600660) can0 0C2#800080000500FA
(1707758032.610788) can0 0C2#800080000600F9
(1707758032.620661) can0 0C2#800080000700F8
(1707758032.630662) can0 0C2#800080000800F7
(1707758032.640662) can0 0C2#800080000900F6
(1707758032.650660) can0 0C2#800080000A00F5
(1707758032.660652) can0 0C2#800080000B00F4
(1707758032.670782) can0 0C2#800080000C00F3
(1707758032.680606) can0 0C2#800080000D00F2
(1707758032.690656) can0 0C2#800080000E00F1
(1707758032.700655) can0 0C2#800080000F00F0
(1707758032.710736) can0 0C2#800080000000FF
(1707758032.720780) can0 0C2#800080000100FE
(1707758032.730777) can0 0C2#800080000200FD
(1707758032.740780) can0 0C2#800080000300FC
(1707758032.750656) can0 0C2#800080000400FB
(1707758032.760652) can0 0C2#800080000500FA
(1707758032.770786) can0 0C2#800080000600F9
(1707758032.780731) can0 0C2#800080000700F8
(1707758032.790776) can0 0C2#800080000800F7
(1707758032.800720) can0 0C2#800080000900F6
(1707758032.810562) can0 0C2#800080000A00F5
(1707758032.820713) can0 0C2#800080000B00F4
(1707758032.830780) can0 0C2#800080000C00F3
(1707758032.840777) can0 0C2#800080000D00F2
(1707758032.850788) can0 0C2#800080000E00F1
(1707758032.860779) can0 0C2#800080000F00F0
(1707758032.870784) can0 0C2#800080000000FF
(1707758032.880816) can0 0C2#800080000100FE
(1707758032.890784) can0 0C2#800080000200FD
(1707758032.900780) can0 0C2#800080000300FC
(1707758032.910779) can0 0C2#800080000400FB
(1707758032.920780) can0 0C2#800080000500FA
(1707758032.930786) can0 0C2#800080000600F9
(1707758032.940741) can0 0C2#800080000700F8
(1707758032.950825) can0 0C2#800080000800F7
(1707758032.960722) can0 0C2#800080000900F6
(1707758032.970786) can0 0C2#800080000A00F5
(1707758032.980781) can0 0C2#800080000B00F4
(1707758032.990779) can0 0C2#800080000C00F3
(1707758033.000783) can0 0C2#800080000D00F2
(1707758033.010788) can0 0C2#800080000E00F1
(1707758033.020775) can0 0C2#800080000F00F0
(1707758033.030824) can0 0C2#800080000000FF
(1707758033.040782) can0 0C2#800080000100FE
(1707758033.050778) can0 0C2#800080000200FD
(1707758033.060776) can0 0C2#800080000300FC
(1707758033.070778) can0 0C2#800080000400FB
(1707758033.080783) can0 0C2#800080000500FA
(1707758033.090784) can0 0C2#800080000600F9
(1707758033.100785) can0 0C2#800080000700F8
(1707758033.110783) can0 0C2#800080000800F7
(1707758033.120777) can0 0C2#800080000900F6
(1707758033.130782) can0 0C2#800080000A00F5
(1707758033.140783) can0 0C2#800080000B00F4
(1707758033.150732) can0 0C2#800080000C00F3
(1707758033.160785) can0 0C2#800080000D00F2
(1707758033.170781) can0 0C2#800080000E00F1
(1707758033.180729) can0 0C2#800080000F00F0
(1707758033.190785) can0 0C2#800080000000FF
(1707758033.200774) can0 0C2#800080000100FE
(1707758033.210784) can0 0C2#800080000200FD
(1707758033.220734) can0 0C2#800080000300FC
(1707758033.230728) can0 0C2#800080000400FB
(1707758033.240774) can0 0C2#800080000500FA
(1707758033.250782) can0 0C2#800080000600F9
(1707758033.260824) can0 0C2#800080000700F8
(1707758033.270819) can0 0C2#800080000800F7
(1707758033.280724) can0 0C2#800080000900F6
(1707758033.290774) can0 0C2#800080000A00F5
(1707758033.300713) can0 0C2#800080000B00F4
(1707758033.310729) can0 0C2#800080000C00F3
(1707758033.320738) can0 0C2#800080000D00F2
(1707758033.330779) can0 0C2#800080000E00F1
(1707758033.340779) can0 0C2#800080000F00F0
(1707758033.350684) can0 0C2#800080000000FF
(1707758033.360680) can0 0C2#800080000100FE
(1707758033.370717) can0 0C2#800080000200FD
(1707758033.380683) can0 0C2#800080000300FC
(1707758033.390730) can0 0C2#800080000400FB
(1707758033.400773) can0 0C2#800080000500FA
(1707758033.410699) can0 0C2#800080000600F9
(1707758033.420716) can0 0C2#800080000700F8
(1707758033.430684) can0 0C2#800080000800F7
(1707758033.440774) can0 0C2#800080000900F6
(1707758033.450729) can0 0C2#800080000A00F5
(1707758033.460821) can0 0C2#800080000B00F4
(1707758033.470737) can0 0C2#800080000C00F3
(1707758033.480822) can0 0C2#800080000D00F2
(1707758033.490776) can0 0C2#800080000E00F1
(1707758033.500773) can0 0C2#800080000F00F0
(1707758033.510775) can0 0C2#800080000000FF
(1707758033.520774) can0 0C2#800080000100FE
(1707758033.530772) can0 0C2#800080000200FD
(1707758033.540685) can0 0C2#800080000300FC
(1707758033.550736) can0 0C2#800080000400FB
(1707758033.560774) can0 0C2#800080000500FA
(1707758033.570772) can0 0C2#800080000600F9
(1707758033.580779) can0 0C2#800080000700F8
(1707758033.590782) can0 0C2#800080000800F7
(1707758033.600813) can0 0C2#800080000900F6
(1707758033.610780) can0 0C2#800080000A00F5
(1707758033.620739) can0 0C2#800080000B00F4
(1707758033.630729) can0 0C2#800080000C00F3
(1707758033.640773) can0 0C2#800080000D00F2
(1707758033.650778) can0 0C2#800080000E00F1
(1707758033.660772) can0 0C2#800080000F00F0
(1707758033.670782) can0 0C2#800080000000FF
(1707758033.680718) can0 0C2#800080000100FE
(1707758033.690772) can0 0C2#800080000200FD
(1707758033.700772) can0 0C2#800080000300FC
(1707758033.710814) can0 0C2#800080000400FB
(1707758033.720773) can0 0C2#800080000500FA
(1707758033.730773) can0 0C2#800080000600F9
(1707758033.740773) can0 0C2#800080000700F8
(1707758033.750778) can0 0C2#800080000800F7
(1707758033.760733) can0 0C2#800080000900F6
(1707758033.770816) can0 0C2#800080000A00F5
(1707758033.780725) can0 0C2#800080000B00F4
(1707758033.790719) can0 0C2#800080000C00F3
(1707758033.800712) can0 0C2#800080000D00F2
(1707758033.810770) can0 0C2#800080000E00F1
(1707758033.820736) can0 0C2#800080000F00F0
(1707758033.830820) can0 0C2#800080000000FF
(1707758033.840737) can0 0C2#800080000100FE
(1707758033.850780) can0 0C2#800080000200FD
(1707758033.860813) can0 0C2#800080000300FC
(1707758033.870811) can0 0C2#800080000400FB
(1707758033.880771) can0 0C2#800080000500FA
(1707758033.890776) can0 0C2#800080000600F9
(1707758033.900746) can0 0C2#800080000700F8
(1707758033.910769) can0 0C2#800080000800F7
(1707758033.920722) can0 0C2#800080000900F6
(1707758033.930775) can0 0C2#800080000A00F5
(1707758033.940773) can0 0C2#800080000B00F4
(1707758033.950715) can0 0C2#800080000C00F3
(1707758033.960775) can0 0C2#800080000D00F2
(1707758033.970820) can0 0C2#800080000E00F1
(1707758033.980780) can0 0C2#800080000F00F0
(1707758033.990775) can0 0C2#800080000000FF
(1707758034.000771) can0 0C2#800080000100FE
(1707758034.010714) can0 0C2#800080000200FD
(1707758034.020704) can0 0C2#800080000300FC
(1707758034.030723) can0 0C2#800080000400FB
(1707758034.040770) can0 0C2#800080000500FA
(1707758034.050730) can0 0C2#800080000600F9
(1707758034.060807) can0 0C2#800080000700F8
(1707758034.070775) can0 0C2#800080000800F7
(1707758034.080772) can0 0C2#800080000900F6
(1707758034.090778) can0 0C2#800080000A00F5
(1707758034.100778) can0 0C2#800080000B00F4
(1707758034.110770) can0 0C2#800080000C00F3
(1707758034.120818) can0 0C2#800080000D00F2
(1707758034.130769) can0 0C2#800080000E00F1
(1707758034.140776) can0 0C2#800080000F00F0
(1707758034.150772) can0 0C2#800080000000FF
(1707758034.160771) can0 0C2#800080000100FE
(1707758034.170777) can0 0C2#800080000200FD
(1707758034.180721) can0 0C2#800080000300FC
(1707758034.190770) can0 0C2#800080000400FB
(1707758034.200766) can0 0C2#800080000500FA
(1707758034.210779) can0 0C2#800080000600F9
(1707758034.220671) can0 0C2#800080000700F8
(1707758034.230809) can0 0C2#800080000800F7
(1707758034.240774) can0 0C2#800080000900F6
(1707758034.250713) can0 0C2#800080000A00F5
(1707758034.260772) can0 0C2#800080000B00F4
(1707758034.270770) can0 0C2#800080000C00F3
(1707758034.280678) can0 0C2#800080000D00F2
(1707758034.290766) can0 0C2#800080000E00F1
(1707758034.300713) can0 0C2#800080000F00F0
(1707758034.310703) can0 0C2#800080000000FF
(1707758034.320717) can0 0C2#800080000100FE
(1707758034.330771) can0 0C2#800080000200FD
(1707758034.340774) can0 0C2#800080000300FC
(1707758034.350676) can0 0C2#800080000400FB
(1707758034.360674) can0 0C2#800080000500FA
(1707758034.370679) can0 0C2#800080000600F9
(1707758034.380681) can0 0C2#800080000700F8
(1707758034.390809) can0 0C2#800080000800F7
(1707758034.400810) can0 0C2#800080000900F6
(1707758034.410679) can0 0C2#800080000A00F5
(1707758034.420768) can0 0C2#800080000B00F4
(1707758034.430706) can0 0C2#800080000C00F3
(1707758034.440679) can0 0C2#800080000D00F2
(1707758034.450770) can0 0C2#800080000E00F1
(1707758034.460808) can0 0C2#800080000F00F0
(1707758034.470773) can0 0C2#800080000000FF
(1707758034.480767) can0 0C2#800080000100FE
(1707758034.490737) can0 0C2#800080000200FD
(1707758034.500775) can0 0C2#800080000300FC
(1707758034.510771) can0 0C2#800080000400FB
(1707758034.520808) can0 0C2#800080000500FA
(1707758034.530814) can0 0C2#800080000600F9
(1707758034.540734) can0 0C2#800080000700F8
(1707758034.550722) can0 0C2#800080000800F7
(1707758034.560686) can0 0C2#800080000900F6
(1707758034.570770) can0 0C2#800080000A00F5
(1707758034.580774) can0 0C2#800080000B00F4
(1707758034.590814) can0 0C2#800080000C00F3
(1707758034.600771) can0 0C2#800080000D00F2
(1707758034.610723) can0 0C2#800080000E00F1
(1707758034.620701) can0 0C2#800080000F00F0
(1707758034.630770) can0 0C2#800080000000FF
(1707758034.640764) can0 0C2#800080000100FE
(1707758034.650814) can0 0C2#800080000200FD
(1707758034.660806) can0 0C2#800080000300FC
(1707758034.670774) can0 0C2#800080000400FB
(1707758034.680717) can0 0C2#800080000500FA
(1707758034.690809) can0 0C2#800080000600F9
(1707758034.700766) can0 0C2#800080000700F8
(1707758034.710772) can0 0C2#800080000800F7
(1707758034.720713) can0 0C2#800080000900F6
(1707758034.730812) can0 0C2#800080000A00F5
(1707758034.740765) can0 0C2#800080000B00F4
(1707758034.750772) can0 0C2#800080000C00F3
(1707758034.760763) can0 0C2#800080000D00F2
(1707758034.770768) can0 0C2#800080000E00F1
(1707758034.780717) can0 0C2#800080000F00F0
(1707758034.790759) can0 0C2#800080000000FF
(1707758034.800704) can0 0C2#800080000100FE
(1707758034.810766) can0 0C2#800080000200FD
(1707758034.820731) can0 0C2#800080000300FC
(1707758034.830764) can0 0C2#800080000400FB
(1707758034.840693) can0 0C2#800080000500FA
(1707758034.850808) can0 0C2#800080000600F9
(1707758034.860764) can0 0C2#800080000700F8
(1707758034.870725) can0 0C2#800080000800F7
(1707758034.880721) can0 0C2#800080000900F6
(1707758034.890770) can0 0C2#800080000A00F5
(1707758034.900769) can0 0C2#800080000B00F4
(1707758034.910811) can0 0C2#800080000C00F3
(1707758034.920811) can0 0C2#800080000D00F2
(1707758034.930768) can0 0C2#800080000E00F1
(1707758034.940769) can0 0C2#800080000F00F0
(1707758034.950811) can0 0C2#800080000000FF
(1707758034.960765) can0 0C2#800080000100FE
(1707758034.970802) can0 0C2#800080000200FD
(1707758034.980771) can0 0C2#800080000300FC
(1707758034.990770) can0 0C2#800080000400FB
(1707758035.000771) can0 0C2#800080000500FA
(1707758035.010771) can0 0C2#800080000600F9
(1707758035.020771) can0 0C2#800080000700F8
(1707758035.030771) can0 0C2#800080000800F7
(1707758035.040805) can0 0C2#800080000900F6
(1707758035.050722) can0 0C2#800080000A00F5
(1707758035.060767) can0 0C2#800080000B00F4
(1707758035.070804) can0 0C2#800080000C00F3
(1707758035.080763) can0 0C2#800080000D00F2
(1707758035.090768) can0 0C2#800080000E00F1
(1707758035.100768) can0 0C2#800080000F00F0
(1707758035.110769) can0 0C2#800080000000FF
(1707758035.120765) can0 0C2#800080000100FE
(1707758035.130810) can0 0C2#800080000200FD
(1707758035.140768) can0 0C2#800080000300FC
(1707758035.150766) can0 0C2#800080000400FB
(1707758035.160767) can0 0C2#800080000500FA
(1707758035.170813) can0 0C2#800080000600F9
(1707758035.180715) can0 0C2#800080000700F8
(1707758035.190761) can0 0C2#800080000800F7
(1707758035.200731) can0 0C2#800080000900F6
(1707758035.210714) can0 0C2#800080000A00F5
(1707758035.220700) can0 0C2#800080000B00F4
(1707758035.230743) can0 0C2#800080000C00F3
(1707758035.240810) can0 0C2#800080000D00F2
(1707758035.250669) can0 0C2#800080000E00F1
(1707758035.260770) can0 0C2#800080000F00F0
(1707758035.270750) can0 0C2#800080000000FF
(1707758035.280711) can0 0C2#800080000100FE
(1707758035.290764) can0 0C2#800080000200FD
(1707758035.300702) can0 0C2#800080000300FC
(1707758035.310762) can0 0C2#800080000400FB
(1707758035.320762) can0 0C2#800080000500FA
(1707758035.330744) can0 0C2#800080000600F9
(1707758035.340751) can0 0C2#800080000700F8
(1707758035.350681) can0 0C2#800080000800F7
(1707758035.360672) can0 0C2#800080000900F6
(1707758035.370738) can0 0C2#800080000A00F5
(1707758035.380668) can0 0C2#800080000B00F4
(1707758035.390774) can0 0C2#800080000C00F3
(1707758035.400673) can0 0C2#800080000D00F2
(1707758035.410748) can0 0C2#800080000E00F1
(1707758035.420848) can0 0C2#800080000F00F0
(1707758035.430800) can0 0C2#800080000000FF
(1707758035.440821) can0 0C2#800080000100FE
(1707758035.450893) can0 0C2#800080000200FD
(1707758035.460894) can0 0C2#800080000300FC
(1707758035.470933) can0 0C2#800080000400FB
(1707758035.480886) can0 0C2#800080000500FA
(1707758035.490850) can0 0C2#800080000600F9
(1707758035.500887) can0 0C2#800080000700F8
(1707758035.510933) can0 0C2#800080000800F7
(1707758035.520849) can0 0C2#800080000900F6
(1707758035.530891) can0 0C2#800080000A00F5
(1707758035.540886) can0 0C2#800080000B00F4
(1707758035.550885) can0 0C2#800080000C00F3
(1707758035.560926) can0 0C2#800080000D00F2
(1707758035.570850) can0 0C2#800080000E00F1
(1707758035.580883) can0 0C2#800080000F00F0
(1707758035.590887) can0 0C2#800080000000FF
(1707758035.600836) can0 0C2#800080000100FE
(1707758035.610889) can0 0C2#800080000200FD
(1707758035.620883) can0 0C2#800080000300FC
(1707758035.630849) can0 0C2#800080000400FB
(1707758035.640883) can0 0C2#800080000500FA
(1707758035.650925) can0 0C2#800080000600F9
(1707758035.660791) can0 0C2#800080000700F8
(1707758035.670881) can0 0C2#800080000800F7
(1707758035.680793) can0 0C2#800080000900F6
(1707758035.690796) can0 0C2#800080000A00F5
(1707758035.700901) can0 0C2#800080000B00F4
(1707758035.710838) can0 0C2#800080000C00F3
(1707758035.720825) can0 0C2#800080000D00F2
(1707758035.730884) can0 0C2#800080000E00F1
(1707758035.740931) can0 0C2#800080000F00F0
(1707758035.750844) can0 0C2#800080000000FF
(1707758035.760883) can0 0C2#800080000100FE
(1707758035.770890) can0 0C2#800080000200FD
(1707758035.780794) can0 0C2#800080000300FC
(1707758035.790884) can0 0C2#800080000400FB
(1707758035.800823) can0 0C2#800080000500FA
(1707758035.810885) can0 0C2#800080000600F9
(1707758035.820880) can0 0C2#800080000700F8
(1707758035.830890) can0 0C2#800080000800F7
(1707758035.840880) can0 0C2#800080000900F6
(1707758035.850890) can0 0C2#800080000A00F5
(1707758035.860883) can0 0C2#800080000B00F4
(1707758035.870888) can0 0C2#800080000C00F3
(1707758035.880927) can0 0C2#800080000D00F2
(1707758035.890889) can0 0C2#800080000E00F1
(1707758035.900926) can0 0C2#800080000F00F0
(1707758035.910891) can0 0C2#800080000000FF
(1707758035.920890) can0 0C2#800080000100FE
(1707758035.930889) can0 0C2#800080000200FD
(1707758035.940883) can0 0C2#800080000300FC
(1707758035.950889) can0 0C2#800080000400FB
(1707758035.960889) can0 0C2#800080000500FA
(1707758035.970883) can0 0C2#800080000600F9
(1707758035.980886) can0 0C2#800080000700F8
(1707758035.990891) can0 0C2#800080000800F7
(1707758036.000881) can0 0C2#800080000900F6
(1707758036.010884) can0 0C2#800080000A00F5
(1707758036.020883) can0 0C2#800080000B00F4
(1707758036.030884) can0 0C2#800080000C00F3
(1707758036.040887) can0 0C2#800080000D00F2
(1707758036.050838) can0 0C2#800080000E00F1
(1707758036.060881) can0 0C2#800080000F00F0
(1707758036.070923) can0 0C2#800080000000FF
(1707758036.080890) can0 0C2#800080000100FE
(1707758036.090883) can0 0C2#800080000200FD
(1707758036.100881) can0 0C2#800080000300FC
(1707758036.110918) can0 0C2#800080000400FB
(1707758036.120844) can0 0C2#800080000500FA
(1707758036.130835) can0 0C2#800080000600F9
(1707758036.140889) can0 0C2#800080000700F8
(1707758036.150841) can0 0C2#800080000800F7
(1707758036.160885) can0 0C2#800080000900F6
(1707758036.170829) can0 0C2#800080000A00F5
(1707758036.180841) can0 0C2#800080000B00F4
(1707758036.190841) can0 0C2#800080000C00F3
(1707758036.200921) can0 0C2#800080000D00F2
(1707758036.210802) can0 0C2#800080000E00F1
(1707758036.220882) can0 0C2#800080000F00F0
(1707758036.230885) can0 0C2#800080000000FF
(1707758036.240923) can0 0C2#800080000100FE
(1707758036.250886) can0 0C2#800080000200FD
(1707758036.260919) can0 0C2#800080000300FC
(1707758036.270884) can0 0C2#800080000400FB
(1707758036.280793) can0 0C2#800080000500FA
(1707758036.290882) can0 0C2#800080000600F9
(1707758036.300794) can0 0C2#800080000700F8
(1707758036.310880) can0 0C2#800080000800F7
(1707758036.320880) can0 0C2#800080000900F6
(1707758036.330886) can0 0C2#800080000A00F5
(1707758036.340878) can0 0C2#800080000B00F4
(1707758036.350797) can0 0C2#800080000C00F3
(1707758036.360777) can0 0C2#800080000D00F2
(1707758036.370791) can0 0C2#800080000E00F1
(1707758036.380825) can0 0C2#800080000F00F0
(1707758036.390882) can0 0C2#800080000000FF
(1707758036.400882) can0 0C2#800080000100FE
(1707758036.410886) can0 0C2#800080000200FD
(1707758036.420877) can0 0C2#800080000300FC
(1707758036.430875) can0 0C2#800080000400FB
(1707758036.440882) can0 0C2#800080000500FA
(1707758036.450875) can0 0C2#800080000600F9
(1707758036.460880) can0 0C2#800080000700F8
(1707758036.470926) can0 0C2#800080000800F7
(1707758036.480880) can0 0C2#800080000900F6
(1707758036.490833) can0 0C2#800080000A00F5
(1707758036.500880) can0 0C2#800080000B00F4
(1707758036.510916) can0 0C2#800080000C00F3
(1707758036.520880) can0 0C2#800080000D00F2
(1707758036.530877) can0 0C2#800080000E00F1
(1707758036.540876) can0 0C2#800080000F00F0
(1707758036.550918) can0 0C2#800080000000FF
(1707758036.560877) can0 0C2#800080000100FE
(1707758036.570874) can0 0C2#800080000200FD
(1707758036.580835) can0 0C2#800080000300FC
(1707758036.590926) can0 0C2#800080000400FB
(1707758036.600840) can0 0C2#800080000500FA
(1707758036.610831) can0 0C2#800080000600F9
(1707758036.620794) can0 0C2#800080000700F8
(1707758036.630885) can0 0C2#800080000800F7
(1707758036.640877) can0 0C2#800080000900F6
(1707758036.650886) can0 0C2#800080000A00F5
(1707758036.660915) can0 0C2#800080000B00F4
(1707758036.670886) can0 0C2#800080000C00F3
(1707758036.680794) can0 0C2#800080000D00F2
(1707758036.690918) can0 0C2#800080000E00F1
(1707758036.700882) can0 0C2#800080000F00F0
(1707758036.710843) can0 0C2#800080000000FF
(1707758036.720875) can0 0C2#800080000100FE
(1707758036.730876) can0 0C2#800080000200FD
(1707758036.740918) can0 0C2#800080000300FC
(1707758036.750884) can0 0C2#800080000400FB
(1707758036.760879) can0 0C2#800080000500FA
(1707758036.770882) can0 0C2#800080000600F9
(1707758036.780796) can0 0C2#800080000700F8
(1707758036.790879) can0 0C2#800080000800F7
(1707758036.800791) can0 0C2#800080000900F6
(1707758036.810877) can0 0C2#800080000A00F5
(1707758036.820875) can0 0C2#800080000B00F4
(1707758036.830875) can0 0C2#800080000C00F3
(1707758036.840885) can0 0C2#800080000D00F2
(1707758036.850875) can0 0C2#800080000E00F1
(1707758036.860883) can0 0C2#800080000F00F0
(1707758036.870882) can0 0C2#800080000000FF
(1707758036.880821) can0 0C2#800080000100FE
(1707758036.890879) can0 0C2#800080000200FD
(1707758036.900875) can0 0C2#800080000300FC
(1707758036.910883) can0 0C2#800080000400FB
(1707758036.920918) can0 0C2#800080000500FA
(1707758036.930841) can0 0C2#800080000600F9
(1707758036.940885) can0 0C2#800080000700F8
(1707758036.950881) can0 0C2#800080000800F7
(1707758036.960883) can0 0C2#800080000900F6
(1707758036.970880) can0 0C2#800080000A00F5
(1707758036.980878) can0 0C2#800080000B00F4
(1707758036.990876) can0 0C2#800080000C00F3
(1707758037.000879) can0 0C2#800080000D00F2
(1707758037.010817) can0 0C2#800080000E00F1
(1707758037.020874) can0 0C2#800080000F00F0
(1707758037.030834) can0 0C2#800080000000FF
(1707758037.040882) can0 0C2#800080000100FE
(1707758037.050794) can0 0C2#800080000200FD
(1707758037.060876) can0 0C2#800080000300FC
(1707758037.070876) can0 0C2#800080000400FB
(1707758037.080882) can0 0C2#800080000500FA
(1707758037.090825) can0 0C2#800080000600F9
(1707758037.100880) can0 0C2#800080000700F8
(1707758037.110881) can0 0C2#800080000800F7
(1707758037.120875) can0 0C2#800080000900F6
(1707758037.130882) can0 0C2#800080000A00F5
(1707758037.140874) can0 0C2#800080000B00F4
(1707758037.150882) can0 0C2#800080000C00F3
(1707758037.160875) can0 0C2#800080000D00F2
(1707758037.170876) can0 0C2#800080000E00F1
(1707758037.180827) can0 0C2#800080000F00F0
(1707758037.190875) can0 0C2#800080000000FF
(1707758037.200917) can0 0C2#800080000100FE
(1707758037.210831) can0 0C2#800080000200FD
(1707758037.220913) can0 0C2#800080000300FC
(1707758037.230871) can0 0C2#800080000400FB
(1707758037.240878) can0 0C2#800080000500FA
(1707758037.250917) can0 0C2#800080000600F9
(1707758037.260874) can0 0C2#800080000700F8
(1707758037.270916) can0 0C2#800080000800F7
(1707758037.280832) can0 0C2#800080000900F6
(1707758037.290794) can0 0C2#800080000A00F5
(1707758037.300811) can0 0C2#800080000B00F4
(1707758037.310874) can0 0C2#800080000C00F3
(1707758037.320878) can0 0C2#800080000D00F2
(1707758037.330874) can0 0C2#800080000E00F1
(1707758037.340827) can0 0C2#800080000F00F0
(1707758037.350827) can0 0C2#800080000000FF
(1707758037.360815) can0 0C2#800080000100FE
(1707758037.370816) can0 0C2#800080000200FD
(1707758037.380794) can0 0C2#800080000300FC
(1707758037.390878) can0 0C2#800080000400FB
(1707758037.400875) can0 0C2#800080000500FA
(1707758037.410872) can0 0C2#800080000600F9
(1707758037.420868) can0 0C2#800080000700F8
(1707758037.430778) can0 0C2#800080000800F7
(1707758037.440872) can0 0C2#800080000900F6
(1707758037.450876) can0 0C2#800080000A00F5
(1707758037.460823) can0 0C2#800080000B00F4
(1707758037.470912) can0 0C2#800080000C00F3
(1707758037.480810) can0 0C2#800080000D00F2
(1707758037.490912) can0 0C2#800080000E00F1
(1707758037.500798) can0 0C2#800080000F00F0
(1707758037.510919) can0 0C2#800080000000FF
(1707758037.520875) can0 0C2#800080000100FE
(1707758037.530857) can0 0C2#800080000200FD
(1707758037.540826) can0 0C2#800080000300FC
(1707758037.550834) can0 0C2#800080000400FB
(1707758037.560912) can0 0C2#800080000500FA
(1707758037.570779) can0 0C2#800080000600F9
(1707758037.580813) can0 0C2#800080000700F8
(1707758037.590792) can0 0C2#800080000800F7
(1707758037.600831) can0 0C2#800080000900F6
(1707758037.610815) can0 0C2#800080000A00F5
(1707758037.620806) can0 0C2#800080000B00F4
(1707758037.630846) can0 0C2#800080000C00F3
(1707758037.640869) can0 0C2#800080000D00F2
(1707758037.650878) can0 0C2#800080000E00F1
(1707758037.660871) can0 0C2#800080000F00F0
(1707758037.670874) can0 0C2#800080000000FF
(1707758037.680820) can0 0C2#800080000100FE
(1707758037.690828) can0 0C2#800080000200FD
(1707758037.700806) can0 0C2#800080000300FC
(1707758037.710783) can0 0C2#800080000400FB
(1707758037.720871) can0 0C2#800080000500FA
(1707758037.730811) can0 0C2#800080000600F9
(1707758037.740785) can0 0C2#800080000700F8
(1707758037.750869) can0 0C2#800080000800F7
(1707758037.760912) can0 0C2#800080000900F6
(1707758037.770875) can0 0C2#800080000A00F5
(1707758037.780818) can0 0C2#800080000B00F4
(1707758037.790824) can0 0C2#800080000C00F3
(1707758037.800807) can0 0C2#800080000D00F2
(1707758037.810868) can0 0C2#800080000E00F1
(1707758037.820917) can0 0C2#800080000F00F0
(1707758037.830877) can0 0C2#800080000000FF
(1707758037.840910) can0 0C2#800080000100FE
(1707758037.850913) can0 0C2#800080000200FD
(1707758037.860868) can0 0C2#800080000300FC
(1707758037.870911) can0 0C2#800080000400FB
(1707758037.880915) can0 0C2#800080000500FA
(1707758037.890775) can0 0C2#800080000600F9
(1707758037.900768) can0 0C2#800080000700F8
(1707758037.910823) can0 0C2#800080000800F7
(1707758037.920805) can0 0C2#800080000900F6
(1707758037.930952) can0 0C2#800080000A00F5
(1707758037.940782) can0 0C2#800080000B00F4
(1707758037.950805) can0 0C2#800080000C00F3
(1707758037.960876) can0 0C2#800080000D00F2
(1707758037.970822) can0 0C2#800080000E00F1
(1707758037.980918) can0 0C2#800080000F00F0
(1707758037.990950) can0 0C2#800080000000FF
(1707758038.000991) can0 0C2#800080000100FE
(1707758038.010871) can0 0C2#800080000200FD
(1707758038.020868) can0 0C2#800080000300FC
(1707758038.030874) can0 0C2#800080000400FB
(1707758038.040867) can0 0C2#800080000500FA
(1707758038.050993) can0 0C2#800080000600F9
(1707758038.060869) can0 0C2#800080000700F8
(1707758038.070993) can0 0C2#800080000800F7
(1707758038.080873) can0 0C2#800080000900F6
(1707758038.090880) can0 0C2#800080000A00F5
(1707758038.100869) can0 0C2#800080000B00F4
(1707758038.111034) can0 0C2#800080000C00F3
(1707758038.120875) can0 0C2#800080000D00F2
(1707758038.131000) can0 0C2#800080000E00F1
(1707758038.140998) can0 0C2#800080000F00F0
(1707758038.150991) can0 0C2#800080000000FF
(1707758038.161002) can0 0C2#800080000100FE
(1707758038.171037) can0 0C2#800080000200FD
(1707758038.180778) can0 0C2#800080000300FC
(1707758038.190998) can0 0C2#800080000400FB
(1707758038.200999) can0 0C2#800080000500FA
(1707758038.210919) can0 0C2#800080000600F9
(1707758038.220995) can0 0C2#800080000700F8
(1707758038.230867) can0 0C2#800080000800F7
(1707758038.240993) can0 0C2#800080000900F6
(1707758038.251041) can0 0C2#800080000A00F5
(1707758038.260870) can0 0C2#800080000B00F4
(1707758038.271036) can0 0C2#800080000C00F3
(1707758038.280914) can0 0C2#800080000D00F2
(1707758038.290910) can0 0C2#800080000E00F1
(1707758038.300929) can0 0C2#800080000F00F0
(1707758038.310991) can0 0C2#800080000000FF
(1707758038.320992) can0 0C2#800080000100FE
(1707758038.330996) can0 0C2#800080000200FD
(1707758038.340915) can0 0C2#800080000300FC
(1707758038.350906) can0 0C2#800080000400FB
(1707758038.360888) can0 0C2#800080000500FA
(1707758038.370905) can0 0C2#800080000600F9
(1707758038.380903) can0 0C2#800080000700F8
(1707758038.390902) can0 0C2#800080000800F7
(1707758038.400991) can0 0C2#800080000900F6
(1707758038.411030) can0 0C2#800080000A00F5
(1707758038.420949) can0 0C2#800080000B00F4
(1707758038.430906) can0 0C2#800080000C00F3
(1707758038.440993) can0 0C2#800080000D00F2
(1707758038.450990) can0 0C2#800080000E00F1
(1707758038.460956) can0 0C2#800080000F00F0
(1707758038.470991) can0 0C2#800080000000FF
(1707758038.480907) can0 0C2#800080000100FE
(1707758038.490951) can0 0C2#800080000200FD
(1707758038.500990) can0 0C2#800080000300FC
(1707758038.510933) can0 0C2#800080000400FB
(1707758038.520924) can0 0C2#800080000500FA
(1707758038.530996) can0 0C2#800080000600F9
(1707758038.540952) can0 0C2#800080000700F8
(1707758038.550950) can0 0C2#800080000800F7
(1707758038.560989) can0 0C2#800080000900F6
(1707758038.571029) can0 0C2#800080000A00F5
(1707758038.580991) can0 0C2#800080000B00F4
(1707758038.591037) can0 0C2#800080000C00F3
(1707758038.600997) can0 0C2#800080000D00F2
(1707758038.610992) can0 0C2#800080000E00F1
(1707758038.620954) can0 0C2#800080000F00F0
(1707758038.630996) can0 0C2#800080000000FF
(1707758038.640994) can0 0C2#800080000100FE
(1707758038.650994) can0 0C2#800080000200FD
(1707758038.660992) can0 0C2#800080000300FC
(1707758038.670991) can0 0C2#800080000400FB
(1707758038.680921) can0 0C2#800080000500FA
(1707758038.690995) can0 0C2#800080000600F9
(1707758038.700994) can0 0C2#800080000700F8
(1707758038.710906) can0 0C2#800080000800F7
(1707758038.720988) can0 0C2#800080000900F6
(1707758038.730996) can0 0C2#800080000A00F5
(1707758038.741030) can0 0C2#800080000B00F4
(1707758038.750989) can0 0C2#800080000C00F3
(1707758038.760990) can0 0C2#800080000D00F2
(1707758038.770989) can0 0C2#800080000E00F1
(1707758038.780943) can0 0C2#800080000F00F0
(1707758038.790942) can0 0C2#800080000000FF
(1707758038.800927) can0 0C2#800080000100FE
(1707758038.810989) can0 0C2#800080000200FD
(1707758038.820946) can0 0C2#800080000300FC
(1707758038.830987) can0 0C2#800080000400FB
(1707758038.841037) can0 0C2#800080000500FA
(1707758038.850953) can0 0C2#800080000600F9
(1707758038.860991) can0 0C2#800080000700F8
(1707758038.870908) can0 0C2#800080000800F7
(1707758038.880995) can0 0C2#800080000900F6
(1707758038.891002) can0 0C2#800080000A00F5
(1707758038.901022) can0 0C2#800080000B00F4
(1707758038.910987) can0 0C2#800080000C00F3
(1707758038.920993) can0 0C2#800080000D00F2
(1707758038.930992) can0 0C2#800080000E00F1
(1707758038.940996) can0 0C2#800080000F00F0
(1707758038.950989) can0 0C2#800080000000FF
(1707758038.960994) can0 0C2#800080000100FE
(1707758038.970992) can0 0C2#800080000200FD
(1707758038.980938) can0 0C2#800080000300FC
(1707758038.990995) can0 0C2#800080000400FB
(1707758039.000985) can0 0C2#800080000500FA
(1707758039.010996) can0 0C2#800080000600F9
(1707758039.020995) can0 0C2#800080000700F8
(1707758039.030983) can0 0C2#800080000800F7
(1707758039.040992) can0 0C2#800080000900F6
(1707758039.050986) can0 0C2#800080000A00F5
(1707758039.060987) can0 0C2#800080000B00F4
(1707758039.070986) can0 0C2#800080000C00F3
(1707758039.080988) can0 0C2#800080000D00F2
(1707758039.090994) can0 0C2#800080000E00F1
(1707758039.101030) can0 0C2#800080000F00F0
(1707758039.110926) can0 0C2#800080000000FF
(1707758039.120986) can0 0C2#800080000100FE
(1707758039.130993) can0 0C2#800080000200FD
(1707758039.140987) can0 0C2#800080000300FC
(1707758039.150993) can0 0C2#800080000400FB
(1707758039.160986) can0 0C2#800080000500FA
(1707758039.170991) can0 0C2#800080000600F9
(1707758039.180962) can0 0C2#800080000700F8
(1707758039.190987) can0 0C2#800080000800F7
(1707758039.201024) can0 0C2#800080000900F6
(1707758039.210941) can0 0C2#800080000A00F5
(1707758039.220988) can0 0C2#800080000B00F4
(1707758039.230995) can0 0C2#800080000C00F3
(1707758039.241023) can0 0C2#800080000D00F2
(1707758039.251031) can0 0C2#800080000E00F1
(1707758039.260949) can0 0C2#800080000F00F0
(1707758039.270973) can0 0C2#800080000000FF
(1707758039.280939) can0 0C2#800080000100FE
(1707758039.290943) can0 0C2#800080000200FD
(1707758039.300882) can0 0C2#800080000300FC
(1707758039.310946) can0 0C2#800080000400FB
(1707758039.320986) can0 0C2#800080000500FA
(1707758039.330983) can0 0C2#800080000600F9
(1707758039.340895) can0 0C2#800080000700F8
(1707758039.350895) can0 0C2#800080000800F7
(1707758039.360887) can0 0C2#800080000900F6
(1707758039.370928) can0 0C2#800080000A00F5
(1707758039.380907) can0 0C2#800080000B00F4
(1707758039.390989) can0 0C2#800080000C00F3
(1707758039.400985) can0 0C2#800080000D00F2
(1707758039.411025) can0 0C2#800080000E00F1
(1707758039.420990) can0 0C2#800080000F00F0
(1707758039.430889) can0 0C2#800080000000FF
(1707758039.440985) can0 0C2#800080000100FE
(1707758039.450885) can0 0C2#800080000200FD
(1707758039.460883) can0 0C2#800080000300FC
(1707758039.470885) can0 0C2#800080000400FB
(1707758039.480885) can0 0C2#800080000500FA
(1707758039.490876) can0 0C2#800080000600F9
(1707758039.500868) can0 0C2#800080000700F8
(1707758039.510867) can0 0C2#800080000800F7
(1707758039.520869) can0 0C2#800080000900F6
(1707758039.530864) can0 0C2#800080000A00F5
(1707758039.540865) can0 0C2#800080000B00F4
(1707758039.550864) can0 0C2#800080000C00F3
(1707758039.560863) can0 0C2#800080000D00F2
(1707758039.570863) can0 0C2#800080000E00F1
(1707758039.580863) can0 0C2#800080000F00F0
(1707758039.590862) can0 0C2#800080000000FF
(1707758039.600862) can0 0C2#800080000100FE
(1707758039.610862) can0 0C2#800080000200FD
(1707758039.620862) can0 0C2#800080000300FC
(1707758039.630863) can0 0C2#800080000400FB
(1707758039.640862) can0 0C2#800080000500FA
(1707758039.650862) can0 0C2#800080000600F9
(1707758039.660862) can0 0C2#800080000700F8
(1707758039.670862) can0 0C2#800080000800F7
(1707758039.680863) can0 0C2#800080000900F6
(1707758039.690862) can0 0C2#800080000A00F5
(1707758039.700861) can0 0C2#800080000B00F4
(1707758039.710864) can0 0C2#800080000C00F3
(1707758039.720862) can0 0C2#800080000D00F2
(1707758039.730861) can0 0C2#800080000E00F1
(1707758039.740861) can0 0C2#800080000F00F0
(1707758039.750862) can0 0C2#800080000000FF
(1707758039.760861) can0 0C2#800080000100FE
(1707758039.770861) can0 0C2#800080000200FD
(1707758039.780877) can0 0C2#800080000300FC
(1707758039.790861) can0 0C2#800080000400FB
(1707758039.800862) can0 0C2#800080000500FA
(1707758039.810861) can0 0C2#800080000600F9
(1707758039.820861) can0 0C2#800080000700F8
(1707758039.830860) can0 0C2#800080000800F7
(1707758039.840861) can0 0C2#800080000900F6
(1707758039.850861) can0 0C2#800080000A00F5
(1707758039.860860) can0 0C2#800080000B00F4
(1707758039.870861) can0 0C2#800080000C00F3
(1707758039.880860) can0 0C2#800080000D00F2
(1707758039.890861) can0 0C2#800080000E00F1
(1707758039.900860) can0 0C2#800080000F00F0
(1707758039.910860) can0 0C2#800080000000FF
(1707758039.920860) can0 0C2#800080000100FE
(1707758039.930860) can0 0C2#800080000200FD
(1707758039.940860) can0 0C2#800080000300FC
(1707758039.950860) can0 0C2#800080000400FB
(1707758039.960860) can0 0C2#800080000500FA
(1707758039.970860) can0 0C2#800080000600F9
(1707758039.980861) can0 0C2#800080000700F8
(1707758039.981860) can0 7C6#0580
(1707758039.990980) can0 0C2#800080000800F7
(1707758040.000907) can0 0C2#800080000900F6
(1707758040.010923) can0 0C2#800080008A0075
(1707758040.011914) can0 7C6#B280
(1707758040.020872) can0 0C2#800080008B0074
(1707758040.030922) can0 0C2#800080008C0073
(1707758040.040980) can0 0C2#800080000D00F2
(1707758040.050932) can0 0C2#800080000E00F1
(1707758040.060915) can0 0C2#800080000F00F0
(1707758040.070987) can0 0C2#800080000000FF
(1707758040.080932) can0 0C2#800080000100FE
(1707758040.090989) can0 0C2#800080000200FD
(1707758040.100928) can0 0C2#800080000300FC
(1707758040.110994) can0 0C2#800080000400FB
(1707758040.120984) can0 0C2#800080000500FA
(1707758040.130984) can0 0C2#800080000600F9
(1707758040.141026) can0 0C2#800080000700F8
(1707758040.150981) can0 0C2#800080000800F7
(1707758040.160986) can0 0C2#800080000900F6
(1707758040.170985) can0 0C2#800080000A00F5
(1707758040.180881) can0 0C2#800080000B00F4
(1707758040.191019) can0 0C2#800080000C00F3
(1707758040.200984) can0 0C2#800080000D00F2
(1707758040.210985) can0 0C2#800080000E00F1
(1707758040.220981) can0 0C2#800080000F00F0
(1707758040.230871) can0 0C2#800080000000FF
(1707758040.240858) can0 0C2#800080000100FE
(1707758040.250979) can0 0C2#800080000200FD
(1707758040.260930) can0 0C2#800080000300FC
(1707758040.270984) can0 0C2#800080000400FB
(1707758040.280932) can0 0C2#800080000500FA
(1707758040.290955) can0 0C2#800080000600F9
(1707758040.300915) can0 0C2#800080000700F8
(1707758040.310977) can0 0C2#800080000800F7
(1707758040.321017) can0 0C2#800080000900F6
(1707758040.331025) can0 0C2#800080000A00F5
(1707758040.340981) can0 0C2#800080000B00F4
(1707758040.350890) can0 0C2#800080000C00F3
(1707758040.360876) can0 0C2#800080000D00F2
(1707758040.370877) can0 0C2#800080000E00F1
(1707758040.380892) can0 0C2#800080000F00F0
(1707758040.390932) can0 0C2#800080000000FF
(1707758040.400977) can0 0C2#800080000100FE
(1707758040.410984) can0 0C2#800080000200FD
(1707758040.420975) can0 0C2#800080000300FC
(1707758040.430896) can0 0C2#800080000400FB
(1707758040.440976) can0 0C2#800080000500FA
(1707758040.451011) can0 0C2#800080000600F9
(1707758040.460977) can0 0C2#800080000700F8
(1707758040.471019) can0 0C2#800080000800F7
(1707758040.480870) can0 0C2#800080000900F6
(1707758040.490858) can0 0C2#800080000A00F5
(1707758040.500864) can0 0C2#800080000B00F4
(1707758040.510980) can0 0C2#800080000C00F3
(1707758040.520986) can0 0C2#800080000D00F2
(1707758040.530934) can0 0C2#800080000E00F1
(1707758040.540943) can0 0C2#800080000F00F0
(1707758040.550912) can0 0C2#800080000000FF
(1707758040.560975) can0 0C2#800080000100FE
(1707758040.570975) can0 0C2#800080000200FD
(1707758040.580984) can0 0C2#800080000300FC
(1707758040.591032) can0 0C2#800080000400FB
(1707758040.600975) can0 0C2#800080000500FA
(1707758040.610986) can0 0C2#800080000600F9
(1707758040.620990) can0 0C2#800080000700F8
(1707758040.630954) can0 0C2#800080000800F7
(1707758040.640932) can0 0C2#800080000900F6
(1707758040.650916) can0 0C2#800080000A00F5
(1707758040.661018) can0 0C2#800080000B00F4
(1707758040.670981) can0 0C2#800080000C00F3
(1707758040.680952) can0 0C2#800080000D00F2
(1707758040.691023) can0 0C2#800080000E00F1
(1707758040.700975) can0 0C2#800080000F00F0
(1707758040.710933) can0 0C2#800080000000FF
(1707758040.720976) can0 0C2#800080000100FE
(1707758040.730980) can0 0C2#800080000200FD
(1707758040.741021) can0 0C2#800080000300FC
(1707758040.751105) can0 0C2#800080000400FB
(1707758040.761148) can0 0C2#800080000500FA
(1707758040.771106) can0 0C2#800080000600F9
(1707758040.780934) can0 0C2#800080000700F8
(1707758040.790923) can0 0C2#800080000800F7
(1707758040.800911) can0 0C2#800080000900F6
(1707758040.810953) can0 0C2#800080000A00F5
(1707758040.820974) can0 0C2#800080000B00F4
(1707758040.831098) can0 0C2#800080000C00F3
(1707758040.840976) can0 0C2#800080000D00F2
(1707758040.851097) can0 0C2#800080000E00F1
(1707758040.860979) can0 0C2#800080000F00F0
(1707758040.871060) can0 0C2#800080000000FF
(1707758040.880980) can0 0C2#800080000100FE
(1707758040.891091) can0 0C2#800080000200FD
(1707758040.901059) can0 0C2#800080000300FC
(1707758040.911056) can0 0C2#800080000400FB
(1707758040.920974) can0 0C2#800080000500FA
(1707758040.931106) can0 0C2#800080000600F9
(1707758040.941107) can0 0C2#800080000700F8
(1707758040.951097) can0 0C2#800080000800F7
(1707758040.961100) can0 0C2#800080000900F6
(1707758040.971100) can0 0C2#800080000A00F5
(1707758040.981104) can0 0C2#800080000B00F4
(1707758040.991094) can0 0C2#800080000C00F3
(1707758041.001103) can0 0C2#800080000D00F2
(1707758041.011103) can0 0C2#800080000E00F1
(1707758041.021098) can0 0C2#800080000F00F0
(1707758041.031095) can0 0C2#800080000000FF
(1707758041.041105) can0 0C2#800080000100FE
(1707758041.051060) can0 0C2#800080000200FD
(1707758041.061184) can0 0C2#800080000300FC
(1707758041.071103) can0 0C2#800080000400FB
(1707758041.081105) can0 0C2#800080000500FA
(1707758041.091106) can0 0C2#800080000600F9
(1707758041.101105) can0 0C2#800080000700F8
(1707758041.111096) can0 0C2#800080000800F7
(1707758041.121104) can0 0C2#800080000900F6
(1707758041.131107) can0 0C2#800080000A00F5
(1707758041.141103) can0 0C2#800080000B00F4
(1707758041.151097) can0 0C2#800080000C00F3
(1707758041.161100) can0 0C2#800080000D00F2
(1707758041.171106) can0 0C2#800080000E00F1
(1707758041.181058) can0 0C2#800080000F00F0
(1707758041.191095) can0 0C2#800080000000FF
(1707758041.201106) can0 0C2#800080000100FE
(1707758041.211020) can0 0C2#800080000200FD
(1707758041.221107) can0 0C2#800080000300FC
(1707758041.231097) can0 0C2#800080000400FB
(1707758041.241045) can0 0C2#800080000500FA
(1707758041.251034) can0 0C2#800080000600F9
(1707758041.261102) can0 0C2#800080000700F8
(1707758041.271095) can0 0C2#800080000800F7
(1707758041.281115) can0 0C2#800080000900F6
(1707758041.291047) can0 0C2#800080000A00F5
(1707758041.301054) can0 0C2#800080000B00F4
(1707758041.311058) can0 0C2#800080000C00F3
(1707758041.321009) can0 0C2#800080000D00F2
(1707758041.331136) can0 0C2#800080000E00F1
(1707758041.341102) can0 0C2#800080000F00F0
(1707758041.350999) can0 0C2#800080000000FF
(1707758041.361001) can0 0C2#800080000100FE
(1707758041.370996) can0 0C2#800080000200FD
(1707758041.380997) can0 0C2#800080000300FC
(1707758041.391096) can0 0C2#800080000400FB
(1707758041.401094) can0 0C2#800080000500FA
(1707758041.411097) can0 0C2#800080000600F9
(1707758041.421102) can0 0C2#800080000700F8
(1707758041.431008) can0 0C2#800080000800F7
(1707758041.441100) can0 0C2#800080000900F6
(1707758041.451106) can0 0C2#800080000A00F5
(1707758041.461015) can0 0C2#800080000B00F4
(1707758041.471103) can0 0C2#800080000C00F3
(1707758041.481102) can0 0C2#800080000D00F2
(1707758041.491103) can0 0C2#800080000E00F1
(1707758041.501204) can0 0C2#800080000F00F0
(1707758041.511093) can0 0C2#800080000000FF
(1707758041.521101) can0 0C2#800080000100FE
(1707758041.531102) can0 0C2#800080000200FD
(1707758041.541101) can0 0C2#800080000300FC
(1707758041.551096) can0 0C2#800080000400FB
(1707758041.561094) can0 0C2#800080000500FA
(1707758041.571092) can0 0C2#800080000600F9
(1707758041.581094) can0 0C2#800080000700F8
(1707758041.591095) can0 0C2#800080000800F7
(1707758041.601100) can0 0C2#800080000900F6
(1707758041.611095) can0 0C2#800080000A00F5
(1707758041.621015) can0 0C2#800080000B00F4
(1707758041.631004) can0 0C2#800080000C00F3
(1707758041.641111) can0 0C2#800080000D00F2
(1707758041.651092) can0 0C2#800080000E00F1
(1707758041.661203) can0 0C2#800080000F00F0
(1707758041.671093) can0 0C2#800080000000FF
(1707758041.681046) can0 0C2#800080000100FE
(1707758041.691055) can0 0C2#800080000200FD
(1707758041.701093) can0 0C2#800080000300FC
(1707758041.711056) can0 0C2#800080000400FB
(1707758041.721102) can0 0C2#800080000500FA
(1707758041.731054) can0 0C2#800080000600F9
(1707758041.741094) can0 0C2#800080000700F8
(1707758041.751050) can0 0C2#800080000800F7
(1707758041.761139) can0 0C2#800080000900F6
(1707758041.771079) can0 0C2#800080000A00F5
(1707758041.781050) can0 0C2#800080000B00F4
(1707758041.791046) can0 0C2#800080000C00F3
(1707758041.801032) can0 0C2#800080000D00F2
(1707758041.811018) can0 0C2#800080000E00F1
(1707758041.821100) can0 0C2#800080000F00F0
(1707758041.831051) can0 0C2#800080000000FF
(1707758041.841098) can0 0C2#800080000100FE
(1707758041.851101) can0 0C2#800080000200FD
(1707758041.861037) can0 0C2#800080000300FC
(1707758041.871099) can0 0C2#800080000400FB
(1707758041.881100) can0 0C2#800080000500FA
(1707758041.891140) can0 0C2#800080000600F9
(1707758041.901100) can0 0C2#800080000700F8
(1707758041.911052) can0 0C2#800080000800F7
(1707758041.921098) can0 0C2#800080000900F6
(1707758041.931096) can0 0C2#800080000A00F5
(1707758041.941102) can0 0C2#800080000B00F4
(1707758041.951098) can0 0C2#800080000C00F3
(1707758041.961099) can0 0C2#800080000D00F2
(1707758041.971092) can0 0C2#800080000E00F1
(1707758041.981153) can0 0C2#800080000F00F0
(1707758041.991053) can0 0C2#800080000000FF
(1707758042.001099) can0 0C2#800080000100FE
(1707758042.011101) can0 0C2#800080000200FD
(1707758042.021101) can0 0C2#800080000300FC
(1707758042.031102) can0 0C2#800080000400FB
(1707758042.041100) can0 0C2#800080000500FA
(1707758042.051093) can0 0C2#800080000600F9
(1707758042.061094) can0 0C2#800080000700F8
(1707758042.071092) can0 0C2#800080000800F7
(1707758042.081100) can0 0C2#800080000900F6
(1707758042.091098) can0 0C2#800080000A00F5
(1707758042.101099) can0 0C2#800080000B00F4
(1707758042.111129) can0 0C2#800080000C00F3
(1707758042.121095) can0 0C2#800080000D00F2
(1707758042.131097) can0 0C2#800080000E00F1
(1707758042.141094) can0 0C2#800080000F00F0
(1707758042.151096) can0 0C2#800080000000FF
(1707758042.161137) can0 0C2#800080000100FE
(1707758042.171097) can0 0C2#800080000200FD
(1707758042.181043) can0 0C2#800080000300FC
(1707758042.191137) can0 0C2#800080000400FB
(1707758042.201053) can0 0C2#800080000500FA
(1707758042.211046) can0 0C2#800080000600F9
(1707758042.221091) can0 0C2#800080000700F8
(1707758042.231090) can0 0C2#800080000800F7
(1707758042.241050) can0 0C2#800080000900F6
(1707758042.251095) can0 0C2#800080000A00F5
(1707758042.261092) can0 0C2#800080000B00F4
(1707758042.271137) can0 0C2#800080000C00F3
(1707758042.281054) can0 0C2#800080000D00F2
(1707758042.291043) can0 0C2#800080000E00F1
(1707758042.300993) can0 0C2#800080000F00F0
(1707758042.311090) can0 0C2#800080000000FF
(1707758042.321100) can0 0C2#800080000100FE
(1707758042.331132) can0 0C2#800080000200FD
(1707758042.341135) can0 0C2#800080000300FC
(1707758042.351018) can0 0C2#800080000400FB
(1707758042.360987) can0 0C2#800080000500FA
(1707758042.370995) can0 0C2#800080000600F9
(1707758042.381055) can0 0C2#800080000700F8
(1707758042.391042) can0 0C2#800080000800F7
(1707758042.401089) can0 0C2#800080000900F6
(1707758042.411049) can0 0C2#800080000A00F5
(1707758042.420997) can0 0C2#800080000B00F4
(1707758042.431024) can0 0C2#800080000C00F3
(1707758042.441040) can0 0C2#800080000D00F2
(1707758042.450999) can0 0C2#800080000E00F1
(1707758042.461094) can0 0C2#800080000F00F0
(1707758042.471096) can0 0C2#800080000000FF
(1707758042.481093) can0 0C2#800080000100FE
(1707758042.491086) can0 0C2#800080000200FD
(1707758042.501094) can0 0C2#800080000300FC
(1707758042.511090) can0 0C2#800080000400FB
(1707758042.521086) can0 0C2#800080000500FA
(1707758042.531098) can0 0C2#800080000600F9
(1707758042.541096) can0 0C2#800080000700F8
(1707758042.551129) can0 0C2#800080000800F7
(1707758042.561086) can0 0C2#800080000900F6
(1707758042.571053) can0 0C2#800080000A00F5
(1707758042.581095) can0 0C2#800080000B00F4
(1707758042.591091) can0 0C2#800080000C00F3
(1707758042.601092) can0 0C2#800080000D00F2
(1707758042.611091) can0 0C2#800080000E00F1
(1707758042.621092) can0 0C2#800080000F00F0
(1707758042.631088) can0 0C2#800080000000FF
(1707758042.641058) can0 0C2#800080000100FE
(1707758042.651045) can0 0C2#800080000200FD
(1707758042.661094) can0 0C2#800080000300FC
(1707758042.671042) can0 0C2#800080000400FB
(1707758042.681033) can0 0C2#800080000500FA
(1707758042.691044) can0 0C2#800080000600F9
(1707758042.701096) can0 0C2#800080000700F8
(1707758042.711043) can0 0C2#800080000800F7
(1707758042.721089) can0 0C2#800080000900F6
(1707758042.731086) can0 0C2#800080000A00F5
(1707758042.741106) can0 0C2#800080000B00F4
(1707758042.751086) can0 0C2#800080000C00F3
(1707758042.761139) can0 0C2#800080000D00F2
(1707758042.771086) can0 0C2#800080000E00F1
(1707758042.781054) can0 0C2#800080000F00F0
(1707758042.791040) can0 0C2#800080000000FF
(1707758042.801024) can0 0C2#800080000100FE
(1707758042.811087) can0 0C2#800080000200FD
(1707758042.820988) can0 0C2#800080000300FC
(1707758042.830991) can0 0C2#800080000400FB
(1707758042.840984) can0 0C2#800080000500FA
(1707758042.850989) can0 0C2#800080000600F9
(1707758042.860986) can0 0C2#800080000700F8
(1707758042.871019) can0 0C2#800080000800F7
(1707758042.881020) can0 0C2#800080000900F6
(1707758042.890985) can0 0C2#800080000A00F5
(1707758042.900988) can0 0C2#800080000B00F4
(1707758042.911010) can0 0C2#800080000C00F3
(1707758042.920984) can0 0C2#800080000D00F2
(1707758042.931004) can0 0C2#800080000E00F1
(1707758042.941002) can0 0C2#800080000F00F0
(1707758042.950989) can0 0C2#800080000000FF
(1707758042.960997) can0 0C2#800080000100FE
(1707758042.970997) can0 0C2#800080000200FD
(1707758042.980993) can0 0C2#800080000300FC
(1707758042.990976) can0 0C2#800080000400FB
(1707758043.001072) can0 0C2#800080000500FA
(1707758043.010978) can0 0C2#800080000600F9
(1707758043.020984) can0 0C2#800080000700F8
(1707758043.031050) can0 0C2#800080000800F7
(1707758043.040978) can0 0C2#800080000900F6
(1707758043.050973) can0 0C2#800080000A00F5
(1707758043.061064) can0 0C2#800080000B00F4
(1707758043.070989) can0 0C2#800080000C00F3
(1707758043.080981) can0 0C2#800080000D00F2
(1707758043.090979) can0 0C2#800080000E00F1
(1707758043.101064) can0 0C2#800080000F00F0
(1707758043.110976) can0 0C2#800080000000FF
(1707758043.121059) can0 0C2#800080000100FE
(1707758043.130978) can0 0C2#800080000200FD
(1707758043.141016) can0 0C2#800080000300FC
(1707758043.150994) can0 0C2#800080000400FB
(1707758043.161023) can0 0C2#800080000500FA
(1707758043.170979) can0 0C2#800080000600F9
(1707758043.180980) can0 0C2#800080000700F8
(1707758043.191044) can0 0C2#800080000800F7
(1707758043.200997) can0 0C2#800080000900F6
(1707758043.210984) can0 0C2#800080000A00F5
(1707758043.220998) can0 0C2#800080000B00F4
(1707758043.231083) can0 0C2#800080000C00F3
(1707758043.240998) can0 0C2#800080000D00F2
(1707758043.250993) can0 0C2#800080000E00F1
(1707758043.261040) can0 0C2#800080000F00F0
(1707758043.271034) can0 0C2#800080000000FF
(1707758043.280997) can0 0C2#800080000100FE
(1707758043.291029) can0 0C2#800080000200FD
(1707758043.300986) can0 0C2#800080000300FC
(1707758043.311022) can0 0C2#800080000400FB
(1707758043.321028) can0 0C2#800080000500FA
(1707758043.330981) can0 0C2#800080000600F9
(1707758043.341039) can0 0C2#800080000700F8
(1707758043.350992) can0 0C2#800080000800F7
(1707758043.360983) can0 0C2#800080000900F6
(1707758043.371011) can0 0C2#800080000A00F5
(1707758043.380989) can0 0C2#800080000B00F4
(1707758043.391017) can0 0C2#800080000C00F3
(1707758043.401016) can0 0C2#800080000D00F2
(1707758043.411019) can0 0C2#800080000E00F1
(1707758043.421015) can0 0C2#800080000F00F0
(1707758043.431193) can0 0C2#800080000000FF
(1707758043.441018) can0 0C2#800080000100FE
(1707758043.451019) can0 0C2#800080000200FD
(1707758043.461016) can0 0C2#800080000300FC
(1707758043.471015) can0 0C2#800080000400FB
(1707758043.481212) can0 0C2#800080000500FA
(1707758043.491001) can0 0C2#800080000600F9
(1707758043.501163) can0 0C2#800080000700F8
(1707758043.510992) can0 0C2#800080000800F7
