(1707758080.542483) can0 0C2#7A7F80000F0077
(1707758080.552540) can0 0C2#7A7F8000000086
(1707758080.562576) can0 0C2#7A7F8000010085
(1707758080.572537) can0 0C2#7A7F8000020084
(1707758080.582537) can0 0C2#7A7F8000030083
(1707758080.592580) can0 0C2#7A7F8000040082
(1707758080.602584) can0 0C2#7A7F8000050081
(1707758080.612588) can0 0C2#7A7F8000060080
(1707758080.622580) can0 0C2#7A7F800007007F
(1707758080.632483) can0 0C2#7A7F800008007E
(1707758080.642620) can0 0C2#7A7F800009007D
(1707758080.652537) can0 0C2#7A7F80000A007C
(1707758080.662588) can0 0C2#7A7F80000B007B
(1707758080.672587) can0 0C2#7A7F80000C007A
(1707758080.682540) can0 0C2#7A7F80000D0079
(1707758080.692626) can0 0C2#7A7F80000E0078
(1707758080.702551) can0 0C2#7A7F80000F0077
(1707758080.712536) can0 0C2#7A7F8000000086
(1707758080.722585) can0 0C2#7A7F8000010085
(1707758080.732530) can0 0C2#7A7F8000020084
(1707758080.742528) can0 0C2#7A7F8000030083
(1707758080.752580) can0 0C2#7A7F8000040082
(1707758080.762586) can0 0C2#7A7F8000050081
(1707758080.772585) can0 0C2#7A7F8000060080
(1707758080.782530) can0 0C2#7A7F800007007F
(1707758080.792519) can0 0C2#7A7F800008007E
(1707758080.802620) can0 0C2#7A7F800009007D
(1707758080.812531) can0 0C2#7A7F80000A007C
(1707758080.822588) can0 0C2#7A7F80000B007B
(1707758080.832583) can0 0C2#7A7F80000C007A
(1707758080.842627) can0 0C2#7A7F80000D0079
(1707758080.852577) can0 0C2#7A7F80000E0078
(1707758080.862586) can0 0C2#7A7F80000F0077
(1707758080.872577) can0 0C2#7A7F8000000086
(1707758080.882586) can0 0C2#7A7F8000010085
(1707758080.892579) can0 0C2#7A7F8000020084
(1707758080.902575) can0 0C2#7A7F8000030083
(1707758080.912579) can0 0C2#7A7F8000040082
(1707758080.922586) can0 0C2#7A7F8000050081
(1707758080.932664) can0 0C2#7A7F8000060080
(1707758080.942580) can0 0C2#7A7F800007007F
(1707758080.952607) can0 0C2#7A7F800008007E
(1707758080.962579) can0 0C2#7A7F800009007D
(1707758080.972584) can0 0C2#7A7F80000A007C
(1707758080.982625) can0 0C2#7A7F80000B007B
(1707758080.992579) can0 0C2#7A7F80000C007A
(1707758081.002709) can0 0C2#7A7F80000D0079
(1707758081.012751) can0 0C2#7A7F80000E0078
(1707758081.022581) can0 0C2#7A7F80000F0077
(1707758081.032707) can0 0C2#7A7F8000000086
(1707758081.042580) can0 0C2#7A7F8000010085
(1707758081.052703) can0 0C2#7A7F8000020084
(1707758081.062572) can0 0C2#7A7F8000030083
(1707758081.072708) can0 0C2#7A7F8000040082
(1707758081.082709) can0 0C2#7A7F8000050081
(1707758081.092708) can0 0C2#7A7F8000060080
(1707758081.102744) can0 0C2#7A7F800007007F
(1707758081.112700) can0 0C2#7A7F800008007E
(1707758081.122584) can0 0C2#7A7F800009007D
(1707758081.132710) can0 0C2#7A7F80000A007C
(1707758081.142584) can0 0C2#7A7F80000B007B
(1707758081.152703) can0 0C2#7A7F80000C007A
(1707758081.162750) can0 0C2#7A7F80000D0079
(1707758081.172703) can0 0C2#7A7F80000E0078
(1707758081.182654) can0 0C2#7A7F80000F0077
(1707758081.192709) can0 0C2#7A7F8000000086
(1707758081.202653) can0 0C2#7A7F8000010085
(1707758081.212605) can0 0C2#7A7F8000020084
(1707758081.222648) can0 0C2#7A7F8000030083
(1707758081.232660) can0 0C2#7A7F8000040082
(1707758081.242606) can0 0C2#7A7F8000050081
(1707758081.252641) can0 0C2#7A7F8000060080
(1707758081.262602) can0 0C2#7A7F800007007F
(1707758081.272637) can0 0C2#7A7F800008007E
(1707758081.282645) can0 0C2#7A7F800009007D
(1707758081.292649) can0 0C2#7A7F80000A007C
(1707758081.302604) can0 0C2#7A7F80000B007B
(1707758081.312601) can0 0C2#7A7F80000C007A
(1707758081.322615) can0 0C2#7A7F80000D0079
(1707758081.332628) can0 0C2#7A7F80000E0078
(1707758081.342647) can0 0C2#7A7F80000F0077
(1707758081.352613) can0 0C2#7A7F8000000086
(1707758081.362608) can0 0C2#7A7F8000010085
(1707758081.372603) can0 0C2#7A7F8000020084
(1707758081.382601) can0 0C2#7A7F8000030083
(1707758081.392601) can0 0C2#7A7F8000040082
(1707758081.402594) can0 0C2#7A7F8000050081
(1707758081.412600) can0 0C2#7A7F8000060080
(1707758081.422590) can0 0C2#7A7F800007007F
(1707758081.432600) can0 0C2#7A7F800008007E
(1707758081.442593) can0 0C2#7A7F800009007D
(1707758081.452598) can0 0C2#7A7F80000A007C
(1707758081.462591) can0 0C2#7A7F80000B007B
(1707758081.472598) can0 0C2#7A7F80000C007A
(1707758081.482594) can0 0C2#7A7F80000D0079
(1707758081.492620) can0 0C2#7A7F80000E0078
(1707758081.502617) can0 0C2#7A7F80000F0077
(1707758081.512621) can0 0C2#7A7F8000000086
(1707758081.522624) can0 0C2#7A7F8000010085
(1707758081.532626) can0 0C2#7A7F8000020084
(1707758081.542622) can0 0C2#7A7F8000030083
(1707758081.552607) can0 0C2#7A7F8000040082
(1707758081.562624) can0 0C2#7A7F8000050081
(1707758081.572635) can0 0C2#7A7F8000060080
(1707758081.582612) can0 0C2#7A7F800007007F
(1707758081.592621) can0 0C2#7A7F800008007E
(1707758081.602638) can0 0C2#7A7F800009007D
(1707758081.612634) can0 0C2#7A7F80000A007C
(1707758081.622612) can0 0C2#7A7F80000B007B
(1707758081.632609) can0 0C2#7A7F80000C007A
(1707758081.642609) can0 0C2#7A7F80000D0079
(1707758081.652602) can0 0C2#7A7F80000E0078
(1707758081.662609) can0 0C2#7A7F80000F0077
(1707758081.672648) can0 0C2#7A7F8000000086
(1707758081.682642) can0 0C2#7A7F8000010085
(1707758081.692594) can0 0C2#7A7F8000020084
(1707758081.702649) can0 0C2#7A7F8000030083
(1707758081.712610) can0 0C2#7A7F8000040082
(1707758081.722637) can0 0C2#7A7F8000050081
(1707758081.732604) can0 0C2#7A7F8000060080
(1707758081.742593) can0 0C2#7A7F800007007F
(1707758081.752633) can0 0C2#7A7F800008007E
(1707758081.762635) can0 0C2#7A7F800009007D
(1707758081.772632) can0 0C2#7A7F80000A007C
(1707758081.782636) can0 0C2#7A7F80000B007B
(1707758081.792594) can0 0C2#7A7F80000C007A
(1707758081.802636) can0 0C2#7A7F80000D0079
(1707758081.812632) can0 0C2#7A7F80000E0078
(1707758081.822652) can0 0C2#7A7F80000F0077
(1707758081.832744) can0 0C2#7A7F8000000086
(1707758081.842701) can0 0C2#7A7F8000010085
(1707758081.852655) can0 0C2#7A7F8000020084
(1707758081.862740) can0 0C2#7A7F8000030083
(1707758081.872734) can0 0C2#7A7F8000040082
(1707758081.882704) can0 0C2#7A7F8000050081
(1707758081.892698) can0 0C2#7A7F8000060080
(1707758081.902697) can0 0C2#7A7F800007007F
(1707758081.912694) can0 0C2#7A7F800008007E
(1707758081.922691) can0 0C2#7A7F800009007D
(1707758081.932647) can0 0C2#7A7F80000A007C
(1707758081.942703) can0 0C2#7A7F80000B007B
(1707758081.952662) can0 0C2#7A7F80000C007A
(1707758081.962688) can0 0C2#7A7F80000D0079
(1707758081.972661) can0 0C2#7A7F80000E0078
(1707758081.982696) can0 0C2#7A7F80000F0077
(1707758081.992630) can0 0C2#7A7F8000000086
(1707758082.002704) can0 0C2#7A7F8000010085
(1707758082.012700) can0 0C2#7A7F8000020084
(1707758082.022698) can0 0C2#7A7F8000030083
(1707758082.032704) can0 0C2#7A7F8000040082
(1707758082.042706) can0 0C2#7A7F8000050081
(1707758082.052698) can0 0C2#7A7F8000060080
(1707758082.062695) can0 0C2#7A7F800007007F
(1707758082.072695) can0 0C2#7A7F800008007E
(1707758082.082703) can0 0C2#7A7F800009007D
(1707758082.092700) can0 0C2#7A7F80000A007C
(1707758082.102705) can0 0C2#7A7F80000B007B
(1707758082.112705) can0 0C2#7A7F80000C007A
(1707758082.122701) can0 0C2#7A7F80000D0079
(1707758082.132737) can0 0C2#7A7F80000E0078
(1707758082.142697) can0 0C2#7A7F80000F0077
(1707758082.152703) can0 0C2#7A7F8000000086
(1707758082.162701) can0 0C2#7A7F8000010085
(1707758082.172703) can0 0C2#7A7F8000020084
(1707758082.182690) can0 0C2#7A7F8000030083
(1707758082.192703) can0 0C2#7A7F8000040082
(1707758082.202702) can0 0C2#7A7F8000050081
(1707758082.212605) can0 0C2#7A7F8000060080
(1707758082.222693) can0 0C2#7A7F800007007F
(1707758082.232695) can0 0C2#7A7F800008007E
(1707758082.242701) can0 0C2#7A7F800009007D
(1707758082.252703) can0 0C2#7A7F80000A007C
(1707758082.262700) can0 0C2#7A7F80000B007B
(1707758082.272695) can0 0C2#7A7F80000C007A
(1707758082.282623) can0 0C2#7A7F80000D0079
(1707758082.292606) can0 0C2#7A7F80000E0078
(1707758082.302631) can0 0C2#7A7F80000F0077
(1707758082.312735) can0 0C2#7A7F8000000086
(1707758082.322684) can0 0C2#7A7F8000010085
(1707758082.332702) can0 0C2#7A7F8000020084
(1707758082.342695) can0 0C2#7A7F8000030083
(1707758082.352735) can0 0C2#7A7F8000040082
(1707758082.362607) can0 0C2#7A7F8000050081
(1707758082.372599) can0 0C2#7A7F8000060080
(1707758082.382599) can0 0C2#7A7F800007007F
(1707758082.392616) can0 0C2#7A7F800008007E
(1707758082.402657) can0 0C2#7A7F800009007D
(1707758082.412693) can0 0C2#7A7F80000A007C
(1707758082.422731) can0 0C2#7A7F80000B007B
(1707758082.432692) can0 0C2#7A7F80000C007A
(1707758082.442611) can0 0C2#7A7F80000D0079
(1707758082.452701) can0 0C2#7A7F80000E0078
(1707758082.462650) can0 0C2#7A7F80000F0077
(1707758082.472694) can0 0C2#7A7F8000000086
(1707758082.482685) can0 0C2#7A7F8000010085
(1707758082.492692) can0 0C2#7A7F8000020084
(1707758082.502650) can0 0C2#7A7F8000030083
(1707758082.512631) can0 0C2#7A7F8000040082
(1707758082.522695) can0 0C2#7A7F8000050081
(1707758082.532700) can0 0C2#7A7F8000060080
(1707758082.542734) can0 0C2#7A7F800007007F
(1707758082.552695) can0 0C2#7A7F800008007E
(1707758082.562692) can0 0C2#7A7F800009007D
(1707758082.572699) can0 0C2#7A7F80000A007C
(1707758082.582700) can0 0C2#7A7F80000B007B
(1707758082.592732) can0 0C2#7A7F80000C007A
(1707758082.602702) can0 0C2#7A7F80000D0079
(1707758082.612699) can0 0C2#7A7F80000E0078
(1707758082.622693) can0 0C2#7A7F80000F0077
(1707758082.632740) can0 0C2#7A7F8000000086
(1707758082.642700) can0 0C2#7A7F8000010085
(1707758082.652698) can0 0C2#7A7F8000020084
(1707758082.662701) can0 0C2#7A7F8000030083
(1707758082.672690) can0 0C2#7A7F8000040082
(1707758082.682734) can0 0C2#7A7F8000050081
(1707758082.692694) can0 0C2#7A7F8000060080
(1707758082.702643) can0 0C2#7A7F800007007F
(1707758082.712614) can0 0C2#7A7F800008007E
(1707758082.722728) can0 0C2#7A7F800009007D
(1707758082.732735) can0 0C2#7A7F80000A007C
(1707758082.742699) can0 0C2#7A7F80000B007B
(1707758082.752692) can0 0C2#7A7F80000C007A
(1707758082.762740) can0 0C2#7A7F80000D0079
(1707758082.772690) can0 0C2#7A7F80000E0078
(1707758082.782594) can0 0C2#7A7F80000F0077
(1707758082.792608) can0 0C2#7A7F8000000086
(1707758082.802627) can0 0C2#7A7F8000010085
(1707758082.812689) can0 0C2#7A7F8000020084
(1707758082.822690) can0 0C2#7A7F8000030083
(1707758082.832692) can0 0C2#7A7F8000040082
(1707758082.842699) can0 0C2#7A7F8000050081
(1707758082.852689) can0 0C2#7A7F8000060080
(1707758082.862732) can0 0C2#7A7F800007007F
(1707758082.872692) can0 0C2#7A7F800008007E
(1707758082.882698) can0 0C2#7A7F800009007D
(1707758082.892689) can0 0C2#7A7F80000A007C
(1707758082.902698) can0 0C2#7A7F80000B007B
(1707758082.912693) can0 0C2#7A7F80000C007A
(1707758082.922697) can0 0C2#7A7F80000D0079
(1707758082.932691) can0 0C2#7A7F80000E0078
(1707758082.942689) can0 0C2#7A7F80000F0077
(1707758082.952694) can0 0C2#7A7F8000000086
(1707758082.962737) can0 0C2#7A7F8000010085
(1707758082.972656) can0 0C2#7A7F8000020084
(1707758082.982697) can0 0C2#7A7F8000030083
(1707758082.992648) can0 0C2#7A7F8000040082
(1707758083.002731) can0 0C2#7A7F8000050081
(1707758083.012736) can0 0C2#7A7F8000060080
(1707758083.022731) can0 0C2#7A7F800007007F
(1707758083.032734) can0 0C2#7A7F800008007E
(1707758083.042699) can0 0C2#7A7F800009007D
(1707758083.052733) can0 0C2#7A7F80000A007C
(1707758083.062687) can0 0C2#7A7F80000B007B
(1707758083.072687) can0 0C2#7A7F80000C007A
(1707758083.082695) can0 0C2#7A7F80000D0079
(1707758083.092689) can0 0C2#7A7F80000E0078
(1707758083.102648) can0 0C2#7A7F80000F0077
(1707758083.112634) can0 0C2#7A7F8000000086
(1707758083.122622) can0 0C2#7A7F8000010085
(1707758083.132625) can0 0C2#7A7F8000020084
(1707758083.142626) can0 0C2#7A7F8000030083
(1707758083.152623) can0 0C2#7A7F8000040082
(1707758083.162625) can0 0C2#7A7F8000050081
(1707758083.172626) can0 0C2#7A7F8000060080
(1707758083.182622) can0 0C2#7A7F800007007F
(1707758083.192621) can0 0C2#7A7F800008007E
(1707758083.202622) can0 0C2#7A7F800009007D
(1707758083.212588) can0 0C2#7A7F80000A007C
(1707758083.222623) can0 0C2#7A7F80000B007B
(1707758083.232622) can0 0C2#7A7F80000C007A
(1707758083.242624) can0 0C2#7A7F80000D0079
(1707758083.252624) can0 0C2#7A7F80000E0078
(1707758083.262622) can0 0C2#7A7F80000F0077
(1707758083.272697) can0 0C2#7A7F8000000086
(1707758083.282690) can0 0C2#7A7F8000010085
(1707758083.292609) can0 0C2#7A7F8000020084
(1707758083.302609) can0 0C2#7A7F8000030083
(1707758083.312688) can0 0C2#7A7F8000040082
(1707758083.322694) can0 0C2#7A7F8000050081
(1707758083.332734) can0 0C2#7A7F8000060080
(1707758083.342659) can0 0C2#7A7F800007007F
(1707758083.352694) can0 0C2#7A7F800008007E
(1707758083.362601) can0 0C2#7A7F800009007D
(1707758083.372633) can0 0C2#7A7F80000A007C
(1707758083.382631) can0 0C2#7A7F80000B007B
(1707758083.392593) can0 0C2#7A7F80000C007A
(1707758083.402602) can0 0C2#7A7F80000D0079
(1707758083.412686) can0 0C2#7A7F80000E0078
(1707758083.422726) can0 0C2#7A7F80000F0077
(1707758083.432689) can0 0C2#7A7F8000000086
(1707758083.442629) can0 0C2#7A7F8000010085
(1707758083.452686) can0 0C2#7A7F8000020084
(1707758083.462688) can0 0C2#7A7F8000030083
(1707758083.472852) can0 0C2#7A7F8000040082
(1707758083.482652) can0 0C2#7A7F8000050081
(1707758083.492692) can0 0C2#7A7F8000060080
(1707758083.502655) can0 0C2#7A7F800007007F
(1707758083.512733) can0 0C2#7A7F800008007E
(1707758083.522641) can0 0C2#7A7F800009007D
(1707758083.532855) can0 0C2#7A7F80000A007C
(1707758083.542693) can0 0C2#7A7F80000B007B
(1707758083.552594) can0 0C2#7A7F80000C007A
(1707758083.562690) can0 0C2#7A7F80000D0079
(1707758083.572818) can0 0C2#7A7F80000E0078
(1707758083.582810) can0 0C2#7A7F80000F0077
(1707758083.592692) can0 0C2#7A7F8000000086
(1707758083.602684) can0 0C2#7A7F8000010085
(1707758083.612685) can0 0C2#7A7F8000020084
(1707758083.622766) can0 0C2#7A7F8000030083
(1707758083.632811) can0 0C2#7A7F8000040082
(1707758083.642810) can0 0C2#7A7F8000050081
(1707758083.652692) can0 0C2#7A7F8000060080
(1707758083.662637) can0 0C2#7A7F800007007F
(1707758083.672820) can0 0C2#7A7F800008007E
(1707758083.682809) can0 0C2#7A7F800009007D
(1707758083.692806) can0 0C2#7A7F80000A007C
(1707758083.702812) can0 0C2#7A7F80000B007B
(1707758083.712596) can0 0C2#7A7F80000C007A
(1707758083.722813) can0 0C2#7A7F80000D0079
(1707758083.732808) can0 0C2#7A7F80000E0078
(1707758083.742758) can0 0C2#7A7F80000F0077
(1707758083.752818) can0 0C2#7A7F8000000086
(1707758083.762689) can0 0C2#7A7F8000010085
(1707758083.772809) can0 0C2#7A7F8000020084
(1707758083.782771) can0 0C2#7A7F8000030083
(1707758083.792729) can0 0C2#7A7F8000040082
(1707758083.802752) can0 0C2#7A7F8000050081
(1707758083.812844) can0 0C2#7A7F8000060080
(1707758083.822775) can0 0C2#7A7F800007007F
(1707758083.832809) can0 0C2#7A7F800008007E
(1707758083.842719) can0 0C2#7A7F800009007D
(1707758083.852696) can0 0C2#7A7F80000A007C
(1707758083.862809) can0 0C2#7A7F80000B007B
(1707758083.872807) can0 0C2#7A7F80000C007A
(1707758083.882851) can0 0C2#7A7F80000D0079
(1707758083.892848) can0 0C2#7A7F80000E0078
(1707758083.902811) can0 0C2#7A7F80000F0077
(1707758083.912807) can0 0C2#7A7F8000000086
(1707758083.922816) can0 0C2#7A7F8000010085
(1707758083.932813) can0 0C2#7A7F8000020084
(1707758083.942816) can0 0C2#7A7F8000030083
(1707758083.952810) can0 0C2#7A7F8000040082
(1707758083.962816) can0 0C2#7A7F8000050081
(1707758083.972848) can0 0C2#7A7F8000060080
(1707758083.982815) can0 0C2#7A7F800007007F
(1707758083.992807) can0 0C2#7A7F800008007E
(1707758084.002818) can0 0C2#7A7F800009007D
(1707758084.012790) can0 0C2#7A7F80000A007C
(1707758084.022812) can0 0C2#7A7F80000B007B
(1707758084.032765) can0 0C2#7A7F80000C007A
(1707758084.042815) can0 0C2#7A7F80000D0079
(1707758084.052806) can0 0C2#7A7F80000E0078
(1707758084.062809) can0 0C2#7A7F80000F0077
(1707758084.072813) can0 0C2#7A7F8000000086
(1707758084.082817) can0 0C2#7A7F8000010085
(1707758084.092813) can0 0C2#7A7F8000020084
(1707758084.102855) can0 0C2#7A7F8000030083
(1707758084.112738) can0 0C2#7A7F8000040082
(1707758084.122808) can0 0C2#7A7F8000050081
(1707758084.132812) can0 0C2#7A7F8000060080
(1707758084.142855) can0 0C2#7A7F800007007F
(1707758084.152856) can0 0C2#7A7F800008007E
(1707758084.162853) can0 0C2#7A7F800009007D
(1707758084.172756) can0 0C2#7A7F80000A007C
(1707758084.182806) can0 0C2#7A7F80000B007B
(1707758084.192802) can0 0C2#7A7F80000C007A
(1707758084.202766) can0 0C2#7A7F80000D0079
(1707758084.212714) can0 0C2#7A7F80000E0078
(1707758084.222808) can0 0C2#7A7F80000F0077
(1707758084.232805) can0 0C2#7A7F8000000086
(1707758084.242813) can0 0C2#7A7F8000010085
(1707758084.252803) can0 0C2#7A7F8000020084
(1707758084.262807) can0 0C2#7A7F8000030083
(1707758084.272806) can0 0C2#7A7F8000040082
(1707758084.282717) can0 0C2#7A7F8000050081
(1707758084.292717) can0 0C2#7A7F8000060080
(1707758084.302744) can0 0C2#7A7F800007007F
(1707758084.312806) can0 0C2#7A7F800008007E
(1707758084.322844) can0 0C2#7A7F800009007D
(1707758084.332806) can0 0C2#7A7F80000A007C
(1707758084.342845) can0 0C2#7A7F80000B007B
(1707758084.352803) can0 0C2#7A7F80000C007A
(1707758084.362728) can0 0C2#7A7F80000D0079
(1707758084.372712) can0 0C2#7A7F80000E0078
(1707758084.382751) can0 0C2#7A7F80000F0077
(1707758084.392750) can0 0C2#7A7F8000000086
(1707758084.402765) can0 0C2#7A7F8000010085
(1707758084.412845) can0 0C2#7A7F8000020084
(1707758084.422846) can0 0C2#7A7F8000030083
(1707758084.432843) can0 0C2#7A7F8000040082
(1707758084.442805) can0 0C2#7A7F8000050081
(1707758084.452763) can0 0C2#7A7F8000060080
(1707758084.462807) can0 0C2#7A7F800007007F
(1707758084.472769) can0 0C2#7A7F800008007E
(1707758084.482845) can0 0C2#7A7F800009007D
(1707758084.492812) can0 0C2#7A7F80000A007C
(1707758084.502757) can0 0C2#7A7F80000B007B
(1707758084.512803) can0 0C2#7A7F80000C007A
(1707758084.522717) can0 0C2#7A7F80000D0079
(1707758084.532806) can0 0C2#7A7F80000E0078
(1707758084.542811) can0 0C2#7A7F80000F0077
(1707758084.552805) can0 0C2#7A7F8000000086
(1707758084.562802) can0 0C2#7A7F8000010085
(1707758084.572813) can0 0C2#7A7F8000020084
(1707758084.582811) can0 0C2#7A7F8000030083
(1707758084.592806) can0 0C2#7A7F8000040082
(1707758084.602814) can0 0C2#7A7F8000050081
(1707758084.612812) can0 0C2#7A7F8000060080
(1707758084.622811) can0 0C2#7A7F800007007F
(1707758084.632811) can0 0C2#7A7F800008007E
(1707758084.642810) can0 0C2#7A7F800009007D
(1707758084.652809) can0 0C2#7A7F80000A007C
(1707758084.662849) can0 0C2#7A7F80000B007B
(1707758084.672799) can0 0C2#7A7F80000C007A
(1707758084.682763) can0 0C2#7A7F80000D0079
(1707758084.692803) can0 0C2#7A7F80000E0078
(1707758084.702808) can0 0C2#7A7F80000F0077
(1707758084.712715) can0 0C2#7A7F8000000086
(1707758084.722802) can0 0C2#7A7F8000010085
(1707758084.732802) can0 0C2#7A7F8000020084
(1707758084.742803) can0 0C2#7A7F8000030083
(1707758084.752803) can0 0C2#7A7F8000040082
(1707758084.762808) can0 0C2#7A7F8000050081
(1707758084.772849) can0 0C2#7A7F8000060080
(1707758084.782753) can0 0C2#7A7F800007007F
(1707758084.792713) can0 0C2#7A7F800008007E
(1707758084.802739) can0 0C2#7A7F800009007D
(1707758084.812803) can0 0C2#7A7F80000A007C
(1707758084.822805) can0 0C2#7A7F80000B007B
(1707758084.832801) can0 0C2#7A7F80000C007A
(1707758084.842843) can0 0C2#7A7F80000D0079
(1707758084.852843) can0 0C2#7A7F80000E0078
(1707758084.862810) can0 0C2#7A7F80000F0077
(1707758084.872803) can0 0C2#7A7F8000000086
(1707758084.882845) can0 0C2#7A7F8000010085
(1707758084.892839) can0 0C2#7A7F8000020084
(1707758084.902809) can0 0C2#7A7F8000030083
(1707758084.912758) can0 0C2#7A7F8000040082
(1707758084.922810) can0 0C2#7A7F8000050081
(1707758084.932760) can0 0C2#7A7F8000060080
(1707758084.942802) can0 0C2#7A7F800007007F
(1707758084.952800) can0 0C2#7A7F800008007E
(1707758084.962804) can0 0C2#7A7F800009007D
(1707758084.972841) can0 0C2#7A7F80000A007C
(1707758084.982806) can0 0C2#7A7F80000B007B
(1707758084.992757) can0 0C2#7A7F80000C007A
(1707758085.002809) can0 0C2#7A7F80000D0079
(1707758085.012765) can0 0C2#7A7F80000E0078
(1707758085.022808) can0 0C2#7A7F80000F0077
(1707758085.032720) can0 0C2#7A7F8000000086
(1707758085.042801) can0 0C2#7A7F8000010085
(1707758085.052803) can0 0C2#7A7F8000020084
(1707758085.062801) can0 0C2#7A7F8000030083
(1707758085.072756) can0 0C2#7A7F8000040082
(1707758085.082848) can0 0C2#7A7F8000050081
(1707758085.092798) can0 0C2#7A7F8000060080
(1707758085.102804) can0 0C2#7A7F800007007F
(1707758085.112808) can0 0C2#7A7F800008007E
(1707758085.122803) can0 0C2#7A7F800009007D
(1707758085.132805) can0 0C2#7A7F80000A007C
(1707758085.142804) can0 0C2#7A7F80000B007B
(1707758085.152743) can0 0C2#7A7F80000C007A
(1707758085.162810) can0 0C2#7A7F80000D0079
(1707758085.172808) can0 0C2#7A7F80000E0078
(1707758085.182807) can0 0C2#7A7F80000F0077
(1707758085.192843) can0 0C2#7A7F8000000086
(1707758085.202805) can0 0C2#7A7F8000010085
(1707758085.212715) can0 0C2#7A7F8000020084
(1707758085.222798) can0 0C2#7A7F8000030083
(1707758085.232760) can0 0C2#7A7F8000040082
(1707758085.242806) can0 0C2#7A7F8000050081
(1707758085.252807) can0 0C2#7A7F8000060080
(1707758085.262805) can0 0C2#7A7F800007007F
(1707758085.272796) can0 0C2#7A7F800008007E
(1707758085.282765) can0 0C2#7A7F800009007D
(1707758085.292757) can0 0C2#7A7F80000A007C
(1707758085.302736) can0 0C2#7A7F80000B007B
(1707758085.312799) can0 0C2#7A7F80000C007A
(1707758085.322798) can0 0C2#7A7F80000D0079
(1707758085.332804) can0 0C2#7A7F80000E0078
(1707758085.342761) can0 0C2#7A7F80000F0077
(1707758085.352799) can0 0C2#7A7F8000000086
(1707758085.362786) can0 0C2#7A7F8000010085
(1707758085.372758) can0 0C2#7A7F8000020084
(1707758085.382748) can0 0C2#7A7F8000030083
(1707758085.392756) can0 0C2#7A7F8000040082
(1707758085.402741) can0 0C2#7A7F8000050081
(1707758085.412736) can0 0C2#7A7F8000060080
(1707758085.422733) can0 0C2#7A7F800007007F
(1707758085.432736) can0 0C2#7A7F800008007E
(1707758085.442733) can0 0C2#7A7F800009007D
(1707758085.452792) can0 0C2#7A7F80000A007C
(1707758085.462733) can0 0C2#7A7F80000B007B
(1707758085.472703) can0 0C2#7A7F80000C007A
(1707758085.482732) can0 0C2#7A7F80000D0079
(1707758085.492735) can0 0C2#7A7F80000E0078
(1707758085.502733) can0 0C2#7A7F80000F0077
(1707758085.512737) can0 0C2#7A7F8000000086
(1707758085.522732) can0 0C2#7A7F8000010085
(1707758085.532735) can0 0C2#7A7F8000020084
(1707758085.542739) can0 0C2#7A7F8000030083
(1707758085.552732) can0 0C2#7A7F8000040082
(1707758085.562796) can0 0C2#7A7F8000050081
(1707758085.572803) can0 0C2#7A7F8000060080
(1707758085.582844) can0 0C2#7A7F800007007F
(1707758085.592805) can0 0C2#7A7F800008007E
(1707758085.602841) can0 0C2#7A7F800009007D
(1707758085.612801) can0 0C2#7A7F80000A007C
(1707758085.622751) can0 0C2#7A7F80000B007B
(1707758085.632798) can0 0C2#7A7F80000C007A
(1707758085.642803) can0 0C2#7A7F80000D0079
(1707758085.652805) can0 0C2#7A7F80000E0078
(1707758085.662837) can0 0C2#7A7F80000F0077
(1707758085.672795) can0 0C2#7A7F8000000086
(1707758085.682743) can0 0C2#7A7F8000010085
(1707758085.692797) can0 0C2#7A7F8000020084
(1707758085.702796) can0 0C2#7A7F8000030083
(1707758085.712752) can0 0C2#7A7F8000040082
(1707758085.722794) can0 0C2#7A7F8000050081
(1707758085.732801) can0 0C2#7A7F8000060080
(1707758085.742804) can0 0C2#7A7F800007007F
(1707758085.752835) can0 0C2#7A7F800008007E
(1707758085.762800) can0 0C2#7A7F800009007D
(1707758085.772803) can0 0C2#7A7F80000A007C
(1707758085.782749) can0 0C2#7A7F80000B007B
(1707758085.792749) can0 0C2#7A7F80000C007A
(1707758085.802793) can0 0C2#7A7F80000D0079
(1707758085.812709) can0 0C2#7A7F80000E0078
(1707758085.822805) can0 0C2#7A7F80000F0077
(1707758085.832745) can0 0C2#7A7F8000000086
(1707758085.842746) can0 0C2#7A7F8000010085
(1707758085.852731) can0 0C2#7A7F8000020084
(1707758085.862836) can0 0C2#7A7F8000030083
(1707758085.872836) can0 0C2#7A7F8000040082
(1707758085.882727) can0 0C2#7A7F8000050081
(1707758085.892789) can0 0C2#7A7F8000060080
(1707758085.902842) can0 0C2#7A7F800007007F
(1707758085.912795) can0 0C2#7A7F800008007E
(1707758085.922800) can0 0C2#7A7F800009007D
(1707758085.932795) can0 0C2#7A7F80000A007C
(1707758085.942800) can0 0C2#7A7F80000B007B
(1707758085.952835) can0 0C2#7A7F80000C007A
(1707758085.962796) can0 0C2#7A7F80000D0079
(1707758085.972835) can0 0C2#7A7F80000E0078
(1707758085.982836) can0 0C2#7A7F80000F0077
(1707758085.992750) can0 0C2#7A7F8000000086
(1707758086.002832) can0 0C2#7A7F8000010085
(1707758086.012795) can0 0C2#7A7F8000020084
(1707758086.022841) can0 0C2#7A7F8000030083
(1707758086.032842) can0 0C2#7A7F8000040082
(1707758086.042801) can0 0C2#7A7F8000050081
(1707758086.052794) can0 0C2#7A7F8000060080
(1707758086.062794) can0 0C2#7A7F800007007F
(1707758086.072841) can0 0C2#7A7F800008007E
(1707758086.082795) can0 0C2#7A7F800009007D
(1707758086.092840) can0 0C2#7A7F80000A007C
(1707758086.102801) can0 0C2#7A7F80000B007B
(1707758086.112797) can0 0C2#7A7F80000C007A
(1707758086.122802) can0 0C2#7A7F80000D0079
(1707758086.132790) can0 0C2#7A7F80000E0078
(1707758086.142803) can0 0C2#7A7F80000F0077
(1707758086.152802) can0 0C2#7A7F8000000086
(1707758086.162793) can0 0C2#7A7F8000010085
(1707758086.172791) can0 0C2#7A7F8000020084
(1707758086.182797) can0 0C2#7A7F8000030083
(1707758086.192801) can0 0C2#7A7F8000040082
(1707758086.202799) can0 0C2#7A7F8000050081
(1707758086.212726) can0 0C2#7A7F8000060080
(1707758086.222794) can0 0C2#7A7F800007007F
(1707758086.232925) can0 0C2#7A7F800008007E
(1707758086.242834) can0 0C2#7A7F800009007D
(1707758086.252797) can0 0C2#7A7F80000A007C
(1707758086.262795) can0 0C2#7A7F80000B007B
(1707758086.272791) can0 0C2#7A7F80000C007A
(1707758086.282793) can0 0C2#7A7F80000D0079
(1707758086.292836) can0 0C2#7A7F80000E0078
(1707758086.302732) can0 0C2#7A7F80000F0077
(1707758086.312786) can0 0C2#7A7F8000000086
(1707758086.322832) can0 0C2#7A7F8000010085
(1707758086.332799) can0 0C2#7A7F8000020084
(1707758086.342794) can0 0C2#7A7F8000030083
(1707758086.352917) can0 0C2#7A7F8000040082
(1707758086.362791) can0 0C2#7A7F8000050081
(1707758086.372832) can0 0C2#7A7F8000060080
(1707758086.382822) can0 0C2#7A7F800007007F
(1707758086.392824) can0 0C2#7A7F800008007E
(1707758086.402689) can0 0C2#7A7F800009007D
(1707758086.412859) can0 0C2#7A7F80000A007C
(1707758086.422954) can0 0C2#7A7F80000B007B
(1707758086.432908) can0 0C2#7A7F80000C007A
(1707758086.442701) can0 0C2#7A7F80000D0079
(1707758086.452917) can0 0C2#7A7F80000E0078
(1707758086.462877) can0 0C2#7A7F80000F0077
(1707758086.472841) can0 0C2#7A7F8000000086
(1707758086.482879) can0 0C2#7A7F8000010085
(1707758086.492835) can0 0C2#7A7F8000020084
(1707758086.502872) can0 0C2#7A7F8000030083
(1707758086.512916) can0 0C2#7A7F8000040082
(1707758086.522920) can0 0C2#7A7F8000050081
(1707758086.532917) can0 0C2#7A7F8000060080
(1707758086.542963) can0 0C2#7A7F800007007F
(1707758086.552953) can0 0C2#7A7F800008007E
(1707758086.562874) can0 0C2#7A7F800009007D
(1707758086.572916) can0 0C2#7A7F80000A007C
(1707758086.582921) can0 0C2#7A7F80000B007B
(1707758086.592923) can0 0C2#7A7F80000C007A
(1707758086.602923) can0 0C2#7A7F80000D0079
(1707758086.612914) can0 0C2#7A7F80000E0078
(1707758086.622912) can0 0C2#7A7F80000F0077
(1707758086.632955) can0 0C2#7A7F8000000086
(1707758086.642956) can0 0C2#7A7F8000010085
(1707758086.652924) can0 0C2#7A7F8000020084
(1707758086.662922) can0 0C2#7A7F8000030083
(1707758086.672895) can0 0C2#7A7F8000040082
(1707758086.682912) can0 0C2#7A7F8000050081
(1707758086.692915) can0 0C2#7A7F8000060080
(1707758086.702917) can0 0C2#7A7F800007007F
(1707758086.712869) can0 0C2#7A7F800008007E
(1707758086.722871) can0 0C2#7A7F800009007D
(1707758086.732916) can0 0C2#7A7F80000A007C
(1707758086.742962) can0 0C2#7A7F80000B007B
(1707758086.752956) can0 0C2#7A7F80000C007A
(1707758086.762923) can0 0C2#7A7F80000D0079
(1707758086.772915) can0 0C2#7A7F80000E0078
(1707758086.782915) can0 0C2#7A7F80000F0077
(1707758086.792824) can0 0C2#7A7F8000000086
(1707758086.802851) can0 0C2#7A7F8000010085
(1707758086.812914) can0 0C2#7A7F8000020084
(1707758086.822918) can0 0C2#7A7F8000030083
(1707758086.832916) can0 0C2#7A7F8000040082
(1707758086.842922) can0 0C2#7A7F8000050081
(1707758086.852880) can0 0C2#7A7F8000060080
(1707758086.862920) can0 0C2#7A7F800007007F
(1707758086.872874) can0 0C2#7A7F800008007E
(1707758086.882872) can0 0C2#7A7F800009007D
(1707758086.892832) can0 0C2#7A7F80000A007C
(1707758086.902920) can0 0C2#7A7F80000B007B
(1707758086.912952) can0 0C2#7A7F80000C007A
(1707758086.922917) can0 0C2#7A7F80000D0079
(1707758086.932911) can0 0C2#7A7F80000E0078
(1707758086.942908) can0 0C2#7A7F80000F0077
(1707758086.952917) can0 0C2#7A7F8000000086
(1707758086.962855) can0 0C2#7A7F8000010085
(1707758086.972917) can0 0C2#7A7F8000020084
(1707758086.982918) can0 0C2#7A7F8000030083
(1707758086.992917) can0 0C2#7A7F8000040082
(1707758087.002918) can0 0C2#7A7F8000050081
(1707758087.012850) can0 0C2#7A7F8000060080
(1707758087.022951) can0 0C2#7A7F800007007F
(1707758087.032953) can0 0C2#7A7F800008007E
(1707758087.042869) can0 0C2#7A7F800009007D
(1707758087.052909) can0 0C2#7A7F80000A007C
(1707758087.062909) can0 0C2#7A7F80000B007B
(1707758087.072919) can0 0C2#7A7F80000C007A
(1707758087.082873) can0 0C2#7A7F80000D0079
(1707758087.092908) can0 0C2#7A7F80000E0078
(1707758087.102916) can0 0C2#7A7F80000F0077
(1707758087.112916) can0 0C2#7A7F8000000086
(1707758087.122911) can0 0C2#7A7F8000010085
(1707758087.132919) can0 0C2#7A7F8000020084
(1707758087.142914) can0 0C2#7A7F8000030083
(1707758087.152909) can0 0C2#7A7F8000040082
(1707758087.162920) can0 0C2#7A7F8000050081
(1707758087.172912) can0 0C2#7A7F8000060080
(1707758087.182868) can0 0C2#7A7F800007007F
(1707758087.192912) can0 0C2#7A7F800008007E
(1707758087.202912) can0 0C2#7A7F800009007D
(1707758087.212852) can0 0C2#7A7F80000A007C
(1707758087.222912) can0 0C2#7A7F80000B007B
(1707758087.232945) can0 0C2#7A7F80000C007A
(1707758087.242913) can0 0C2#7A7F80000D0079
(1707758087.252912) can0 0C2#7A7F80000E0078
(1707758087.262911) can0 0C2#7A7F80000F0077
(1707758087.272918) can0 0C2#7A7F8000000086
(1707758087.282869) can0 0C2#7A7F8000010085
(1707758087.292831) can0 0C2#7A7F8000020084
(1707758087.302847) can0 0C2#7A7F8000030083
(1707758087.312911) can0 0C2#7A7F8000040082
(1707758087.322876) can0 0C2#7A7F8000050081
(1707758087.332909) can0 0C2#7A7F8000060080
(1707758087.342874) can0 0C2#7A7F800007007F
(1707758087.352916) can0 0C2#7A7F800008007E
(1707758087.362881) can0 0C2#7A7F800009007D
(1707758087.372810) can0 0C2#7A7F80000A007C
(1707758087.382852) can0 0C2#7A7F80000B007B
(1707758087.392813) can0 0C2#7A7F80000C007A
(1707758087.402861) can0 0C2#7A7F80000D0079
(1707758087.412950) can0 0C2#7A7F80000E0078
(1707758087.422919) can0 0C2#7A7F80000F0077
(1707758087.432920) can0 0C2#7A7F8000000086
(1707758087.442869) can0 0C2#7A7F8000010085
(1707758087.452908) can0 0C2#7A7F8000020084
(1707758087.462907) can0 0C2#7A7F8000030083
(1707758087.472914) can0 0C2#7A7F8000040082
(1707758087.482908) can0 0C2#7A7F8000050081
(1707758087.492866) can0 0C2#7A7F8000060080
(1707758087.502883) can0 0C2#7A7F800007007F
(1707758087.512911) can0 0C2#7A7F800008007E
(1707758087.522957) can0 0C2#7A7F800009007D
(1707758087.532912) can0 0C2#7A7F80000A007C
(1707758087.542957) can0 0C2#7A7F80000B007B
(1707758087.552830) can0 0C2#7A7F80000C007A
(1707758087.562818) can0 0C2#7A7F80000D0079
(1707758087.572908) can0 0C2#7A7F80000E0078
(1707758087.582851) can0 0C2#7A7F80000F0077
(1707758087.592868) can0 0C2#7A7F8000000086
(1707758087.602951) can0 0C2#7A7F8000010085
(1707758087.612854) can0 0C2#7A7F8000020084
(1707758087.622911) can0 0C2#7A7F8000030083
(1707758087.632909) can0 0C2#7A7F8000040082
(1707758087.642946) can0 0C2#7A7F8000050081
(1707758087.652909) can0 0C2#7A7F8000060080
(1707758087.662824) can0 0C2#7A7F800007007F
(1707758087.672907) can0 0C2#7A7F800008007E
(1707758087.682865) can0 0C2#7A7F800009007D
(1707758087.692909) can0 0C2#7A7F80000A007C
(1707758087.702911) can0 0C2#7A7F80000B007B
(1707758087.712856) can0 0C2#7A7F80000C007A
(1707758087.722820) can0 0C2#7A7F80000D0079
(1707758087.732849) can0 0C2#7A7F80000E0078
(1707758087.742815) can0 0C2#7A7F80000F0077
(1707758087.752904) can0 0C2#7A7F8000000086
(1707758087.762822) can0 0C2#7A7F8000010085
(1707758087.772908) can0 0C2#7A7F8000020084
(1707758087.782871) can0 0C2#7A7F8000030083
(1707758087.792860) can0 0C2#7A7F8000040082
(1707758087.802844) can0 0C2#7A7F8000050081
(1707758087.812839) can0 0C2#7A7F8000060080
(1707758087.822943) can0 0C2#7A7F800007007F
(1707758087.832848) can0 0C2#7A7F800008007E
(1707758087.842912) can0 0C2#7A7F800009007D
(1707758087.852915) can0 0C2#7A7F80000A007C
(1707758087.862910) can0 0C2#7A7F80000B007B
(1707758087.872908) can0 0C2#7A7F80000C007A
(1707758087.882915) can0 0C2#7A7F80000D0079
(1707758087.892906) can0 0C2#7A7F80000E0078
(1707758087.902906) can0 0C2#7A7F80000F0077
(1707758087.912907) can0 0C2#7A7F8000000086
(1707758087.922909) can0 0C2#7A7F8000010085
(1707758087.932814) can0 0C2#7A7F8000020084
(1707758087.942853) can0 0C2#7A7F8000030083
(1707758087.952842) can0 0C2#7A7F8000040082
(1707758087.962863) can0 0C2#7A7F8000050081
(1707758087.972949) can0 0C2#7A7F8000060080
(1707758087.982846) can0 0C2#7A7F800007007F
(1707758087.992948) can0 0C2#7A7F800008007E
(1707758088.002909) can0 0C2#7A7F800009007D
(1707758088.012891) can0 0C2#7A7F80000A007C
(1707758088.022908) can0 0C2#7A7F80000B007B
(1707758088.032813) can0 0C2#7A7F80000C007A
(1707758088.042906) can0 0C2#7A7F80000D0079
(1707758088.052947) can0 0C2#7A7F80000E0078
(1707758088.062946) can0 0C2#7A7F80000F0077
(1707758088.072911) can0 0C2#7A7F8000000086
(1707758088.082910) can0 0C2#7A7F8000010085
(1707758088.092949) can0 0C2#7A7F8000020084
(1707758088.102909) can0 0C2#7A7F8000030083
(1707758088.112911) can0 0C2#7A7F8000040082
(1707758088.122911) can0 0C2#7A7F8000050081
(1707758088.132906) can0 0C2#7A7F8000060080
(1707758088.142911) can0 0C2#7A7F800007007F
(1707758088.152953) can0 0C2#7A7F800008007E
(1707758088.162913) can0 0C2#7A7F800009007D
(1707758088.172912) can0 0C2#7A7F80000A007C
(1707758088.182912) can0 0C2#7A7F80000B007B
(1707758088.192902) can0 0C2#7A7F80000C007A
(1707758088.202905) can0 0C2#7A7F80000D0079
(1707758088.212809) can0 0C2#7A7F80000E0078
(1707758088.222904) can0 0C2#7A7F80000F0077
(1707758088.232911) can0 0C2#7A7F8000000086
(1707758088.242905) can0 0C2#7A7F8000010085
(1707758088.252909) can0 0C2#7A7F8000020084
(1707758088.262873) can0 0C2#7A7F8000030083
(1707758088.272909) can0 0C2#7A7F8000040082
(1707758088.282852) can0 0C2#7A7F8000050081
(1707758088.292807) can0 0C2#7A7F8000060080
(1707758088.302846) can0 0C2#7A7F800007007F
(1707758088.312900) can0 0C2#7A7F800008007E
(1707758088.322941) can0 0C2#7A7F800009007D
(1707758088.332913) can0 0C2#7A7F80000A007C
(1707758088.342909) can0 0C2#7A7F80000B007B
(1707758088.352904) can0 0C2#7A7F80000C007A
(1707758088.362952) can0 0C2#7A7F80000D0079
(1707758088.372818) can0 0C2#7A7F80000E0078
(1707758088.382802) can0 0C2#7A7F80000F0077
(1707758088.392804) can0 0C2#7A7F8000000086
(1707758088.402904) can0 0C2#7A7F8000010085
(1707758088.412901) can0 0C2#7A7F8000020084
(1707758088.422858) can0 0C2#7A7F8000030083
(1707758088.432902) can0 0C2#7A7F8000040082
(1707758088.442817) can0 0C2#7A7F8000050081
(1707758088.452905) can0 0C2#7A7F8000060080
(1707758088.462902) can0 0C2#7A7F800007007F
(1707758088.472900) can0 0C2#7A7F800008007E
(1707758088.482909) can0 0C2#7A7F800009007D
(1707758088.492910) can0 0C2#7A7F80000A007C
(1707758088.502909) can0 0C2#7A7F80000B007B
(1707758088.512905) can0 0C2#7A7F80000C007A
(1707758088.522903) can0 0C2#7A7F80000D0079
(1707758088.532944) can0 0C2#7A7F80000E0078
(1707758088.542805) can0 0C2#7A7F80000F0077
(1707758088.552841) can0 0C2#7A7F8000000086
(1707758088.562902) can0 0C2#7A7F8000010085
(1707758088.572904) can0 0C2#7A7F8000020084
(1707758088.582907) can0 0C2#7A7F8000030083
(1707758088.592905) can0 0C2#7A7F8000040082
(1707758088.602875) can0 0C2#7A7F8000050081
(1707758088.612871) can0 0C2#7A7F8000060080
(1707758088.622905) can0 0C2#7A7F800007007F
(1707758088.632899) can0 0C2#7A7F800008007E
(1707758088.642907) can0 0C2#7A7F800009007D
(1707758088.652902) can0 0C2#7A7F80000A007C
(1707758088.662909) can0 0C2#7A7F80000B007B
(1707758088.672946) can0 0C2#7A7F80000C007A
(1707758088.682901) can0 0C2#7A7F80000D0079
(1707758088.692873) can0 0C2#7A7F80000E0078
(1707758088.702906) can0 0C2#7A7F80000F0077
(1707758088.712808) can0 0C2#7A7F8000000086
(1707758088.722881) can0 0C2#7A7F8000010085
(1707758088.732824) can0 0C2#7A7F8000020084
(1707758088.742902) can0 0C2#7A7F8000030083
(1707758088.752910) can0 0C2#7A7F8000040082
(1707758088.762948) can0 0C2#7A7F8000050081
(1707758088.772851) can0 0C2#7A7F8000060080
(1707758088.782859) can0 0C2#7A7F800007007F
(1707758088.792807) can0 0C2#7A7F800008007E
(1707758088.802839) can0 0C2#7A7F800009007D
(1707758088.812902) can0 0C2#7A7F80000A007C
(1707758088.822970) can0 0C2#7A7F80000B007B
(1707758088.832937) can0 0C2#7A7F80000C007A
(1707758088.842939) can0 0C2#7A7F80000D0079
(1707758088.852984) can0 0C2#7A7F80000E0078
(1707758088.862899) can0 0C2#7A7F80000F0077
(1707758088.872905) can0 0C2#7A7F8000000086
(1707758088.882884) can0 0C2#7A7F8000010085
(1707758088.892842) can0 0C2#7A7F8000020084
(1707758088.902927) can0 0C2#7A7F8000030083
(1707758088.912935) can0 0C2#7A7F8000040082
(1707758088.922803) can0 0C2#7A7F8000050081
(1707758088.932805) can0 0C2#7A7F8000060080
(1707758088.942796) can0 0C2#7A7F800007007F
(1707758088.952915) can0 0C2#7A7F800008007E
(1707758088.962787) can0 0C2#7A7F800009007D
(1707758088.972911) can0 0C2#7A7F80000A007C
(1707758088.982787) can0 0C2#7A7F80000B007B
(1707758088.992909) can0 0C2#7A7F80000C007A
(1707758089.002783) can0 0C2#7A7F80000D0079
(1707758089.012907) can0 0C2#7A7F80000E0078
(1707758089.022782) can0 0C2#7A7F80000F0077
(1707758089.032906) can0 0C2#7A7F8000000086
(1707758089.042906) can0 0C2#7A7F8000010085
(1707758089.052905) can0 0C2#7A7F8000020084
(1707758089.062906) can0 0C2#7A7F8000030083
(1707758089.072905) can0 0C2#7A7F8000040082
(1707758089.082905) can0 0C2#7A7F8000050081
(1707758089.092906) can0 0C2#7A7F8000060080
(1707758089.102906) can0 0C2#7A7F800007007F
(1707758089.112905) can0 0C2#7A7F800008007E
(1707758089.122905) can0 0C2#7A7F800009007D
(1707758089.132905) can0 0C2#7A7F80000A007C
(1707758089.142905) can0 0C2#7A7F80000B007B
(1707758089.152905) can0 0C2#7A7F80000C007A
(1707758089.162905) can0 0C2#7A7F80000D0079
(1707758089.172904) can0 0C2#7A7F80000E0078
(1707758089.182908) can0 0C2#7A7F80000F0077
(1707758089.192905) can0 0C2#7A7F8000000086
(1707758089.202905) can0 0C2#7A7F8000010085
(1707758089.212908) can0 0C2#7A7F8000020084
(1707758089.222905) can0 0C2#7A7F8000030083
(1707758089.232905) can0 0C2#7A7F8000040082
(1707758089.242904) can0 0C2#7A7F8000050081
(1707758089.252904) can0 0C2#7A7F8000060080
(1707758089.262905) can0 0C2#7A7F800007007F
(1707758089.272909) can0 0C2#7A7F800008007E
(1707758089.282904) can0 0C2#7A7F800009007D
(1707758089.292911) can0 0C2#7A7F80000A007C
(1707758089.302905) can0 0C2#7A7F80000B007B
(1707758089.312906) can0 0C2#7A7F80000C007A
(1707758089.322904) can0 0C2#7A7F80000D0079
(1707758089.332904) can0 0C2#7A7F80000E0078
(1707758089.342903) can0 0C2#7A7F80000F0077
(1707758089.352903) can0 0C2#7A7F8000000086
(1707758089.362903) can0 0C2#7A7F8000010085
(1707758089.372911) can0 0C2#7A7F8000020084
(1707758089.382907) can0 0C2#7A7F8000030083
(1707758089.392904) can0 0C2#7A7F8000040082
(1707758089.402903) can0 0C2#7A7F8000050081
(1707758089.412903) can0 0C2#7A7F8000060080
(1707758089.422903) can0 0C2#7A7F800007007F
(1707758089.432905) can0 0C2#7A7F800008007E
(1707758089.440528) can0 7C6#0580
(1707758089.442904) can0 0C2#7A7F800009007D
(1707758089.452903) can0 0C2#7A7F80000A007C
(1707758089.463020) can0 0C2#7A7F80000B007B
(1707758089.473021) can0 0C2#7A7F80008C00FA
(1707758089.480546) can0 7C6#B280
(1707758089.483021) can0 0C2#7A7F80008D00F9
(1707758089.493110) can0 0C2#7A7F80008E00F8
(1707758089.503015) can0 0C2#7A7F80008F00F7
(1707758089.512931) can0 0C2#800080000000FF
(1707758089.523021) can0 0C2#800080000100FE
(1707758089.532983) can0 0C2#800080000200FD
(1707758089.543021) can0 0C2#800080000300FC
(1707758089.553019) can0 0C2#800080000400FB
(1707758089.563023) can0 0C2#800080000500FA
(1707758089.573021) can0 0C2#800080000600F9
(1707758089.583028) can0 0C2#800080000700F8
(1707758089.593026) can0 0C2#800080000800F7
(1707758089.603066) can0 0C2#800080000900F6
(1707758089.613025) can0 0C2#800080000A00F5
(1707758089.622980) can0 0C2#800080000B00F4
(1707758089.633066) can0 0C2#800080000C00F3
(1707758089.642975) can0 0C2#800080000D00F2
(1707758089.652977) can0 0C2#800080000E00F1
(1707758089.663019) can0 0C2#800080000F00F0
(1707758089.672930) can0 0C2#800080000000FF
(1707758089.682906) can0 0C2#800080000100FE
(1707758089.692901) can0 0C2#800080000200FD
(1707758089.702968) can0 0C2#800080000300FC
(1707758089.712927) can0 0C2#800080000400FB
(1707758089.723018) can0 0C2#800080000500FA
(1707758089.732983) can0 0C2#800080000600F9
(1707758089.742962) can0 0C2#800080000700F8
(1707758089.752953) can0 0C2#800080000800F7
(1707758089.762979) can0 0C2#800080000900F6
(1707758089.772944) can0 0C2#800080000A00F5
(1707758089.782926) can0 0C2#800080000B00F4
(1707758089.792934) can0 0C2#800080000C00F3
(1707758089.802956) can0 0C2#800080000D00F2
(1707758089.812982) can0 0C2#800080000E00F1
(1707758089.823059) can0 0C2#800080000F00F0
(1707758089.833018) can0 0C2#800080000000FF
(1707758089.843059) can0 0C2#800080000100FE
(1707758089.852942) can0 0C2#800080000200FD
(1707758089.863059) can0 0C2#800080000300FC
(1707758089.873019) can0 0C2#800080000400FB
(1707758089.883065) can0 0C2#800080000500FA
(1707758089.893062) can0 0C2#800080000600F9
(1707758089.903023) can0 0C2#800080000700F8
(1707758089.913067) can0 0C2#800080000800F7
(1707758089.923064) can0 0C2#800080000900F6
(1707758089.932908) can0 0C2#800080000A00F5
(1707758089.942900) can0 0C2#800080000B00F4
(1707758089.952900) can0 0C2#800080000C00F3
(1707758089.963027) can0 0C2#800080000D00F2
(1707758089.973060) can0 0C2#800080000E00F1
(1707758089.982949) can0 0C2#800080000F00F0
(1707758089.993014) can0 0C2#800080000000FF
(1707758090.003023) can0 0C2#800080000100FE
(1707758090.012956) can0 0C2#800080000200FD
(1707758090.023065) can0 0C2#800080000300FC
(1707758090.033065) can0 0C2#800080000400FB
(1707758090.043065) can0 0C2#800080000500FA
(1707758090.052972) can0 0C2#800080000600F9
(1707758090.063020) can0 0C2#800080000700F8
(1707758090.073026) can0 0C2#800080000800F7
(1707758090.082970) can0 0C2#800080000900F6
(1707758090.092960) can0 0C2#800080000A00F5
(1707758090.103057) can0 0C2#800080000B00F4
(1707758090.113015) can0 0C2#800080000C00F3
(1707758090.123024) can0 0C2#800080000D00F2
(1707758090.133057) can0 0C2#800080000E00F1
(1707758090.143024) can0 0C2#800080000F00F0
(1707758090.153025) can0 0C2#800080000000FF
(1707758090.163017) can0 0C2#800080000100FE
(1707758090.173026) can0 0C2#800080000200FD
(1707758090.182904) can0 0C2#800080000300FC
(1707758090.192898) can0 0C2#800080000400FB
(1707758090.203063) can0 0C2#800080000500FA
(1707758090.212918) can0 0C2#800080000600F9
(1707758090.223018) can0 0C2#800080000700F8
(1707758090.233014) can0 0C2#800080000800F7
(1707758090.242959) can0 0C2#800080000900F6
(1707758090.252953) can0 0C2#800080000A00F5
(1707758090.262974) can0 0C2#800080000B00F4
(1707758090.273023) can0 0C2#800080000C00F3
(1707758090.283016) can0 0C2#800080000D00F2
(1707758090.292917) can0 0C2#800080000E00F1
(1707758090.302954) can0 0C2#800080000F00F0
(1707758090.313016) can0 0C2#800080000000FF
(1707758090.323016) can0 0C2#800080000100FE
(1707758090.333021) can0 0C2#800080000200FD
(1707758090.342977) can0 0C2#800080000300FC
(1707758090.353013) can0 0C2#800080000400FB
(1707758090.363012) can0 0C2#800080000500FA
(1707758090.373025) can0 0C2#800080000600F9
(1707758090.382915) can0 0C2#800080000700F8
(1707758090.392959) can0 0C2#800080000800F7
(1707758090.403013) can0 0C2#800080000900F6
(1707758090.413017) can0 0C2#800080000A00F5
(1707758090.422983) can0 0C2#800080000B00F4
(1707758090.433022) can0 0C2#800080000C00F3
(1707758090.442979) can0 0C2#800080000D00F2
(1707758090.452965) can0 0C2#800080000E00F1
(1707758090.462978) can0 0C2#800080000F00F0
(1707758090.473057) can0 0C2#800080000000FF
(1707758090.482934) can0 0C2#800080000100FE
(1707758090.493056) can0 0C2#800080000200FD
(1707758090.502963) can0 0C2#800080000300FC
(1707758090.513014) can0 0C2#800080000400FB
(1707758090.523061) can0 0C2#800080000500FA
(1707758090.532965) can0 0C2#800080000600F9
(1707758090.543018) can0 0C2#800080000700F8
(1707758090.553009) can0 0C2#800080000800F7
(1707758090.563015) can0 0C2#800080000900F6
(1707758090.572962) can0 0C2#800080000A00F5
(1707758090.583060) can0 0C2#800080000B00F4
(1707758090.593020) can0 0C2#800080000C00F3
(1707758090.603021) can0 0C2#800080000D00F2
(1707758090.613017) can0 0C2#800080000E00F1
(1707758090.623018) can0 0C2#800080000F00F0
(1707758090.633021) can0 0C2#800080000000FF
(1707758090.643018) can0 0C2#800080000100FE
(1707758090.653060) can0 0C2#800080000200FD
(1707758090.663013) can0 0C2#800080000300FC
(1707758090.673018) can0 0C2#800080000400FB
(1707758090.682964) can0 0C2#800080000500FA
(1707758090.692956) can0 0C2#800080000600F9
(1707758090.703012) can0 0C2#800080000700F8
(1707758090.712918) can0 0C2#800080000800F7
(1707758090.723019) can0 0C2#800080000900F6
(1707758090.733010) can0 0C2#800080000A00F5
(1707758090.743010) can0 0C2#800080000B00F4
(1707758090.753052) can0 0C2#800080000C00F3
(1707758090.763057) can0 0C2#800080000D00F2
(1707758090.773010) can0 0C2#800080000E00F1
(1707758090.783013) can0 0C2#800080000F00F0
(1707758090.792928) can0 0C2#800080000000FF
(1707758090.802949) can0 0C2#800080000100FE
(1707758090.812966) can0 0C2#800080000200FD
(1707758090.823012) can0 0C2#800080000300FC
(1707758090.833012) can0 0C2#800080000400FB
(1707758090.843010) can0 0C2#800080000500FA
(1707758090.853014) can0 0C2#800080000600F9
(1707758090.863018) can0 0C2#800080000700F8
(1707758090.872965) can0 0C2#800080000800F7
(1707758090.883013) can0 0C2#800080000900F6
(1707758090.892927) can0 0C2#800080000A00F5
(1707758090.903009) can0 0C2#800080000B00F4
(1707758090.913052) can0 0C2#800080000C00F3
(1707758090.923016) can0 0C2#800080000D00F2
(1707758090.933057) can0 0C2#800080000E00F1
(1707758090.943018) can0 0C2#800080000F00F0
(1707758090.953051) can0 0C2#800080000000FF
(1707758090.963018) can0 0C2#800080000100FE
(1707758090.973073) can0 0C2#800080000200FD
(1707758090.982974) can0 0C2#800080000300FC
(1707758090.993015) can0 0C2#800080000400FB
(1707758091.003017) can0 0C2#800080000500FA
(1707758091.013058) can0 0C2#800080000600F9
(1707758091.023018) can0 0C2#800080000700F8
(1707758091.033011) can0 0C2#800080000800F7
(1707758091.043052) can0 0C2#800080000900F6
(1707758091.053053) can0 0C2#800080000A00F5
(1707758091.063009) can0 0C2#800080000B00F4
(1707758091.073057) can0 0C2#800080000C00F3
(1707758091.083017) can0 0C2#800080000D00F2
(1707758091.093055) can0 0C2#800080000E00F1
(1707758091.102985) can0 0C2#800080000F00F0
(1707758091.113010) can0 0C2#800080000000FF
(1707758091.123056) can0 0C2#800080000100FE
(1707758091.133018) can0 0C2#800080000200FD
(1707758091.143052) can0 0C2#800080000300FC
(1707758091.153018) can0 0C2#800080000400FB
(1707758091.163017) can0 0C2#800080000500FA
(1707758091.173017) can0 0C2#800080000600F9
(1707758091.183056) can0 0C2#800080000700F8
(1707758091.193009) can0 0C2#800080000800F7
(1707758091.203010) can0 0C2#800080000900F6
(1707758091.212918) can0 0C2#800080000A00F5
(1707758091.223009) can0 0C2#800080000B00F4
(1707758091.232913) can0 0C2#800080000C00F3
(1707758091.242948) can0 0C2#800080000D00F2
(1707758091.253008) can0 0C2#800080000E00F1
(1707758091.262964) can0 0C2#800080000F00F0
(1707758091.272926) can0 0C2#800080000000FF
(1707758091.282931) can0 0C2#800080000100FE
(1707758091.292970) can0 0C2#800080000200FD
(1707758091.302908) can0 0C2#800080000300FC
(1707758091.312902) can0 0C2#800080000400FB
(1707758091.322910) can0 0C2#800080000500FA
(1707758091.333008) can0 0C2#800080000600F9
(1707758091.343008) can0 0C2#800080000700F8
(1707758091.353048) can0 0C2#800080000800F7
(1707758091.363048) can0 0C2#800080000900F6
(1707758091.372912) can0 0C2#800080000A00F5
(1707758091.383014) can0 0C2#800080000B00F4
(1707758091.392911) can0 0C2#800080000C00F3
(1707758091.402931) can0 0C2#800080000D00F2
(1707758091.413140) can0 0C2#800080000E00F1
(1707758091.423006) can0 0C2#800080000F00F0
(1707758091.433113) can0 0C2#800080000000FF
(1707758091.442923) can0 0C2#800080000100FE
(1707758091.453139) can0 0C2#800080000200FD
(1707758091.463090) can0 0C2#800080000300FC
(1707758091.473106) can0 0C2#800080000400FB
(1707758091.483005) can0 0C2#800080000500FA
(1707758091.493136) can0 0C2#800080000600F9
(1707758091.503096) can0 0C2#800080000700F8
(1707758091.513158) can0 0C2#800080000800F7
(1707758091.523009) can0 0C2#800080000900F6
(1707758091.533014) can0 0C2#800080000A00F5
(1707758091.543131) can0 0C2#800080000B00F4
(1707758091.553105) can0 0C2#800080000C00F3
(1707758091.563008) can0 0C2#800080000D00F2
(1707758091.573138) can0 0C2#800080000E00F1
(1707758091.583173) can0 0C2#800080000F00F0
(1707758091.593138) can0 0C2#800080000000FF
(1707758091.603172) can0 0C2#800080000100FE
(1707758091.613107) can0 0C2#800080000200FD
(1707758091.623080) can0 0C2#800080000300FC
(1707758091.633071) can0 0C2#800080000400FB
(1707758091.643082) can0 0C2#800080000500FA
(1707758091.653060) can0 0C2#800080000600F9
(1707758091.663171) can0 0C2#800080000700F8
(1707758091.673088) can0 0C2#800080000800F7
(1707758091.683131) can0 0C2#800080000900F6
(1707758091.693063) can0 0C2#800080000A00F5
(1707758091.703030) can0 0C2#800080000B00F4
(1707758091.713074) can0 0C2#800080000C00F3
(1707758091.723037) can0 0C2#800080000D00F2
(1707758091.733029) can0 0C2#800080000E00F1
(1707758091.743031) can0 0C2#800080000F00F0
(1707758091.753096) can0 0C2#800080000000FF
(1707758091.763039) can0 0C2#800080000100FE
(1707758091.773087) can0 0C2#800080000200FD
(1707758091.783035) can0 0C2#800080000300FC
(1707758091.793037) can0 0C2#800080000400FB
(1707758091.803025) can0 0C2#800080000500FA
(1707758091.813132) can0 0C2#800080000600F9
(1707758091.823036) can0 0C2#800080000700F8
(1707758091.833034) can0 0C2#800080000800F7
(1707758091.843081) can0 0C2#800080000900F6
(1707758091.853035) can0 0C2#800080000A00F5
(1707758091.863024) can0 0C2#800080000B00F4
(1707758091.873037) can0 0C2#800080000C00F3
(1707758091.883087) can0 0C2#800080000D00F2
(1707758091.893026) can0 0C2#800080000E00F1
(1707758091.903028) can0 0C2#800080000F00F0
(1707758091.913118) can0 0C2#800080000000FF
(1707758091.923026) can0 0C2#800080000100FE
(1707758091.933023) can0 0C2#800080000200FD
(1707758091.943092) can0 0C2#800080000300FC
(1707758091.953051) can0 0C2#800080000400FB
(1707758091.963022) can0 0C2#800080000500FA
(1707758091.973043) can0 0C2#800080000600F9
(1707758091.983086) can0 0C2#800080000700F8
(1707758091.993121) can0 0C2#800080000800F7
(1707758092.003023) can0 0C2#800080000900F6
(1707758092.013064) can0 0C2#800080000A00F5
(1707758092.023020) can0 0C2#800080000B00F4
(1707758092.033061) can0 0C2#800080000C00F3
(1707758092.043066) can0 0C2#800080000D00F2
(1707758092.053072) can0 0C2#800080000E00F1
(1707758092.063066) can0 0C2#800080000F00F0
(1707758092.073030) can0 0C2#800080000000FF
(1707758092.083085) can0 0C2#800080000100FE
(1707758092.093083) can0 0C2#800080000200FD
(1707758092.103032) can0 0C2#800080000300FC
(1707758092.113063) can0 0C2#800080000400FB
(1707758092.123036) can0 0C2#800080000500FA
(1707758092.133083) can0 0C2#800080000600F9
(1707758092.143069) can0 0C2#800080000700F8
(1707758092.153037) can0 0C2#800080000800F7
(1707758092.163167) can0 0C2#800080000900F6
(1707758092.173043) can0 0C2#800080000A00F5
(1707758092.183073) can0 0C2#800080000B00F4
(1707758092.193082) can0 0C2#800080000C00F3
(1707758092.203063) can0 0C2#800080000D00F2
(1707758092.213064) can0 0C2#800080000E00F1
(1707758092.223062) can0 0C2#800080000F00F0
(1707758092.233065) can0 0C2#800080000000FF
(1707758092.243065) can0 0C2#800080000100FE
(1707758092.253064) can0 0C2#800080000200FD
(1707758092.263061) can0 0C2#800080000300FC
(1707758092.273068) can0 0C2#800080000400FB
(1707758092.283069) can0 0C2#800080000500FA
(1707758092.293070) can0 0C2#800080000600F9
(1707758092.303061) can0 0C2#800080000700F8
(1707758092.313065) can0 0C2#800080000800F7
(1707758092.323061) can0 0C2#800080000900F6
(1707758092.333128) can0 0C2#800080000A00F5
(1707758092.343085) can0 0C2#800080000B00F4
(1707758092.353108) can0 0C2#800080000C00F3
(1707758092.363104) can0 0C2#800080000D00F2
(1707758092.373051) can0 0C2#800080000E00F1
(1707758092.383029) can0 0C2#800080000F00F0
(1707758092.393094) can0 0C2#800080000000FF
(1707758092.403079) can0 0C2#800080000100FE
(1707758092.413108) can0 0C2#800080000200FD
(1707758092.423129) can0 0C2#800080000300FC
(1707758092.433134) can0 0C2#800080000400FB
(1707758092.443123) can0 0C2#800080000500FA
(1707758092.453067) can0 0C2#800080000600F9
(1707758092.463134) can0 0C2#800080000700F8
(1707758092.473151) can0 0C2#800080000800F7
(1707758092.483126) can0 0C2#800080000900F6
(1707758092.493131) can0 0C2#800080000A00F5
(1707758092.503128) can0 0C2#800080000B00F4
(1707758092.513160) can0 0C2#800080000C00F3
(1707758092.523170) can0 0C2#800080000D00F2
(1707758092.533132) can0 0C2#800080000E00F1
(1707758092.543129) can0 0C2#800080000F00F0
(1707758092.553108) can0 0C2#800080000000FF
(1707758092.563123) can0 0C2#800080000100FE
(1707758092.573130) can0 0C2#800080000200FD
(1707758092.583127) can0 0C2#800080000300FC
(1707758092.593132) can0 0C2#800080000400FB
(1707758092.603134) can0 0C2#800080000500FA
(1707758092.613125) can0 0C2#800080000600F9
(1707758092.623127) can0 0C2#800080000700F8
(1707758092.633132) can0 0C2#800080000800F7
(1707758092.643129) can0 0C2#800080000900F6
(1707758092.653133) can0 0C2#800080000A00F5
(1707758092.663126) can0 0C2#800080000B00F4
(1707758092.673131) can0 0C2#800080000C00F3
(1707758092.683078) can0 0C2#800080000D00F2
(1707758092.693114) can0 0C2#800080000E00F1
(1707758092.703131) can0 0C2#800080000F00F0
(1707758092.713052) can0 0C2#800080000000FF
(1707758092.723082) can0 0C2#800080000100FE
(1707758092.733231) can0 0C2#800080000200FD
(1707758092.743128) can0 0C2#800080000300FC
(1707758092.753125) can0 0C2#800080000400FB
(1707758092.763128) can0 0C2#800080000500FA
(1707758092.773084) can0 0C2#800080000600F9
(1707758092.783046) can0 0C2#800080000700F8
(1707758092.793030) can0 0C2#800080000800F7
(1707758092.803125) can0 0C2#800080000900F6
(1707758092.813081) can0 0C2#800080000A00F5
(1707758092.823080) can0 0C2#800080000B00F4
(1707758092.833130) can0 0C2#800080000C00F3
(1707758092.843039) can0 0C2#800080000D00F2
(1707758092.853070) can0 0C2#800080000E00F1
(1707758092.863123) can0 0C2#800080000F00F0
(1707758092.873100) can0 0C2#800080000000FF
(1707758092.883130) can0 0C2#800080000100FE
(1707758092.893113) can0 0C2#800080000200FD
(1707758092.903164) can0 0C2#800080000300FC
(1707758092.913131) can0 0C2#800080000400FB
(1707758092.923121) can0 0C2#800080000500FA
(1707758092.933113) can0 0C2#800080000600F9
(1707758092.943121) can0 0C2#800080000700F8
(1707758092.953113) can0 0C2#800080000800F7
(1707758092.963122) can0 0C2#800080000900F6
(1707758092.973128) can0 0C2#800080000A00F5
(1707758092.983125) can0 0C2#800080000B00F4
(1707758092.993123) can0 0C2#800080000C00F3
(1707758093.003130) can0 0C2#800080000D00F2
(1707758093.013130) can0 0C2#800080000E00F1
(1707758093.023127) can0 0C2#800080000F00F0
(1707758093.033127) can0 0C2#800080000000FF
(1707758093.043123) can0 0C2#800080000100FE
(1707758093.053106) can0 0C2#800080000200FD
(1707758093.063075) can0 0C2#800080000300FC
(1707758093.073128) can0 0C2#800080000400FB
(1707758093.083127) can0 0C2#800080000500FA
(1707758093.093109) can0 0C2#800080000600F9
(1707758093.103123) can0 0C2#800080000700F8
(1707758093.113128) can0 0C2#800080000800F7
(1707758093.123075) can0 0C2#800080000900F6
(1707758093.133085) can0 0C2#800080000A00F5
(1707758093.143122) can0 0C2#800080000B00F4
(1707758093.153128) can0 0C2#800080000C00F3
(1707758093.163122) can0 0C2#800080000D00F2
(1707758093.173128) can0 0C2#800080000E00F1
(1707758093.183082) can0 0C2#800080000F00F0
(1707758093.193150) can0 0C2#800080000000FF
(1707758093.203046) can0 0C2#800080000100FE
(1707758093.213037) can0 0C2#800080000200FD
(1707758093.223197) can0 0C2#800080000300FC
(1707758093.233126) can0 0C2#800080000400FB
(1707758093.243128) can0 0C2#800080000500FA
(1707758093.253128) can0 0C2#800080000600F9
(1707758093.263128) can0 0C2#800080000700F8
(1707758093.273128) can0 0C2#800080000800F7
(1707758093.283162) can0 0C2#800080000900F6
(1707758093.293055) can0 0C2#800080000A00F5
(1707758093.303207) can0 0C2#800080000B00F4
(1707758093.313166) can0 0C2#800080000C00F3
(1707758093.323120) can0 0C2#800080000D00F2
(1707758093.333198) can0 0C2#800080000E00F1
(1707758093.343248) can0 0C2#800080000F00F0
